{"E:\\study\\AI\\calendar-chart\\frontend\\src\\App.tsx": {"path":"E:\\study\\AI\\calendar-chart\\frontend\\src\\App.tsx","statementMap":{"0":{"start":{"line":2,"column":0},"end":{"line":2,"column":64}},"1":{"start":{"line":3,"column":0},"end":{"line":3,"column":66}},"2":{"start":{"line":4,"column":0},"end":{"line":4,"column":62}},"3":{"start":{"line":5,"column":0},"end":{"line":5,"column":44}},"4":{"start":{"line":6,"column":0},"end":{"line":6,"column":19}},"5":{"start":{"line":9,"column":2},"end":{"line":19,"column":4}},"6":{"start":{"line":22,"column":0},"end":{"line":22,"column":19}}},"fnMap":{"0":{"name":"App","decl":{"start":{"line":8,"column":9},"end":{"line":8,"column":12}},"loc":{"start":{"line":8,"column":12},"end":{"line":20,"column":1}}}},"branchMap":{},"s":{"0":0,"1":0,"2":0,"3":0,"4":0,"5":0,"6":0},"f":{"0":0},"b":{}}
,"E:\\study\\AI\\calendar-chart\\frontend\\src\\components\\BasicComponent.tsx": {"path":"E:\\study\\AI\\calendar-chart\\frontend\\src\\components\\BasicComponent.tsx","statementMap":{"0":{"start":{"line":11,"column":54},"end":{"line":18,"column":1}},"1":{"start":{"line":12,"column":2},"end":{"line":17,"column":4}},"2":{"start":{"line":20,"column":0},"end":{"line":20,"column":30}}},"fnMap":{"0":{"name":"(anonymous_0)","decl":{"start":{"line":11,"column":54},"end":{"line":11,"column":55}},"loc":{"start":{"line":11,"column":78},"end":{"line":18,"column":1}}}},"branchMap":{"0":{"loc":{"start":{"line":15,"column":7},"end":{"line":15,"column":40}},"type":"binary-expr","locations":[{"start":{"line":15,"column":7},"end":{"line":15,"column":15}},{"start":{"line":15,"column":19},"end":{"line":15,"column":40}}]}},"s":{"0":0,"1":0,"2":0},"f":{"0":0},"b":{"0":[0,0]}}
,"E:\\study\\AI\\calendar-chart\\frontend\\src\\components\\CalendarView.tsx": {"path":"E:\\study\\AI\\calendar-chart\\frontend\\src\\components\\CalendarView.tsx","statementMap":{"0":{"start":{"line":1,"column":0},"end":{"line":1,"column":51}},"1":{"start":{"line":2,"column":0},"end":{"line":2,"column":87}},"2":{"start":{"line":3,"column":0},"end":{"line":3,"column":26}},"3":{"start":{"line":6,"column":0},"end":{"line":6,"column":60}},"4":{"start":{"line":15,"column":17},"end":{"line":15,"column":27}},"5":{"start":{"line":17,"column":50},"end":{"line":328,"column":1}},"6":{"start":{"line":23,"column":32},"end":{"line":23,"column":54}},"7":{"start":{"line":24,"column":42},"end":{"line":24,"column":69}},"8":{"start":{"line":25,"column":32},"end":{"line":25,"column":46}},"9":{"start":{"line":26,"column":28},"end":{"line":26,"column":57}},"10":{"start":{"line":29,"column":20},"end":{"line":35,"column":4}},"11":{"start":{"line":30,"column":17},"end":{"line":30,"column":22}},"12":{"start":{"line":31,"column":4},"end":{"line":34,"column":6}},"13":{"start":{"line":38,"column":2},"end":{"line":125,"column":57}},"14":{"start":{"line":40,"column":4},"end":{"line":40,"column":56}},"15":{"start":{"line":42,"column":21},"end":{"line":116,"column":6}},"16":{"start":{"line":42,"column":32},"end":{"line":116,"column":6}},"17":{"start":{"line":43,"column":6},"end":{"line":43,"column":23}},"18":{"start":{"line":44,"column":6},"end":{"line":44,"column":21}},"19":{"start":{"line":45,"column":6},"end":{"line":115,"column":7}},"20":{"start":{"line":47,"column":65},"end":{"line":47,"column":67}},"21":{"start":{"line":50,"column":8},"end":{"line":52,"column":9}},"22":{"start":{"line":51,"column":10},"end":{"line":51,"column":49}},"23":{"start":{"line":53,"column":8},"end":{"line":55,"column":9}},"24":{"start":{"line":54,"column":10},"end":{"line":54,"column":41}},"25":{"start":{"line":57,"column":8},"end":{"line":57,"column":41}},"26":{"start":{"line":60,"column":8},"end":{"line":60,"column":23}},"27":{"start":{"line":61,"column":8},"end":{"line":61,"column":28}},"28":{"start":{"line":64,"column":8},"end":{"line":64,"column":44}},"29":{"start":{"line":65,"column":32},"end":{"line":65,"column":66}},"30":{"start":{"line":68,"column":35},"end":{"line":68,"column":37}},"31":{"start":{"line":69,"column":8},"end":{"line":75,"column":9}},"32":{"start":{"line":70,"column":10},"end":{"line":74,"column":11}},"33":{"start":{"line":71,"column":12},"end":{"line":71,"column":46}},"34":{"start":{"line":72,"column":17},"end":{"line":74,"column":11}},"35":{"start":{"line":73,"column":12},"end":{"line":73,"column":99}},"36":{"start":{"line":77,"column":8},"end":{"line":77,"column":57}},"37":{"start":{"line":78,"column":8},"end":{"line":78,"column":31}},"38":{"start":{"line":81,"column":8},"end":{"line":99,"column":9}},"39":{"start":{"line":82,"column":10},"end":{"line":82,"column":52}},"40":{"start":{"line":83,"column":39},"end":{"line":85,"column":12}},"41":{"start":{"line":88,"column":48},"end":{"line":88,"column":50}},"42":{"start":{"line":89,"column":10},"end":{"line":95,"column":11}},"43":{"start":{"line":90,"column":12},"end":{"line":94,"column":13}},"44":{"start":{"line":91,"column":14},"end":{"line":91,"column":59}},"45":{"start":{"line":92,"column":19},"end":{"line":94,"column":13}},"46":{"start":{"line":93,"column":14},"end":{"line":93,"column":117}},"47":{"start":{"line":97,"column":10},"end":{"line":97,"column":65}},"48":{"start":{"line":98,"column":10},"end":{"line":98,"column":44}},"49":{"start":{"line":102,"column":29},"end":{"line":102,"column":59}},"50":{"start":{"line":103,"column":8},"end":{"line":103,"column":38}},"51":{"start":{"line":106,"column":8},"end":{"line":112,"column":9}},"52":{"start":{"line":107,"column":10},"end":{"line":107,"column":42}},"53":{"start":{"line":108,"column":15},"end":{"line":112,"column":9}},"54":{"start":{"line":109,"column":10},"end":{"line":109,"column":37}},"55":{"start":{"line":111,"column":10},"end":{"line":111,"column":46}},"56":{"start":{"line":114,"column":8},"end":{"line":114,"column":26}},"57":{"start":{"line":119,"column":4},"end":{"line":124,"column":5}},"58":{"start":{"line":120,"column":6},"end":{"line":120,"column":17}},"59":{"start":{"line":122,"column":6},"end":{"line":122,"column":24}},"60":{"start":{"line":123,"column":6},"end":{"line":123,"column":23}},"61":{"start":{"line":128,"column":32},"end":{"line":138,"column":3}},"62":{"start":{"line":132,"column":30},"end":{"line":132,"column":71}},"63":{"start":{"line":134,"column":4},"end":{"line":137,"column":6}},"64":{"start":{"line":135,"column":6},"end":{"line":136,"column":68}},"65":{"start":{"line":142,"column":22},"end":{"line":145,"column":1}},"66":{"start":{"line":143,"column":17},"end":{"line":143,"column":53}},"67":{"start":{"line":143,"column":35},"end":{"line":143,"column":52}},"68":{"start":{"line":144,"column":2},"end":{"line":144,"column":48}},"69":{"start":{"line":148,"column":33},"end":{"line":159,"column":1}},"70":{"start":{"line":149,"column":2},"end":{"line":158,"column":3}},"71":{"start":{"line":151,"column":6},"end":{"line":151,"column":19}},"72":{"start":{"line":153,"column":6},"end":{"line":153,"column":19}},"73":{"start":{"line":155,"column":6},"end":{"line":155,"column":19}},"74":{"start":{"line":157,"column":6},"end":{"line":157,"column":20}},"75":{"start":{"line":162,"column":19},"end":{"line":164,"column":1}},"76":{"start":{"line":163,"column":2},"end":{"line":163,"column":43}},"77":{"start":{"line":167,"column":28},"end":{"line":173,"column":1}},"78":{"start":{"line":168,"column":2},"end":{"line":172,"column":52}},"79":{"start":{"line":175,"column":23},"end":{"line":230,"column":3}},"80":{"start":{"line":176,"column":24},"end":{"line":176,"column":71}},"81":{"start":{"line":177,"column":23},"end":{"line":177,"column":46}},"82":{"start":{"line":179,"column":4},"end":{"line":229,"column":5}},"83":{"start":{"line":181,"column":6},"end":{"line":201,"column":8}},"84":{"start":{"line":204,"column":6},"end":{"line":228,"column":8}},"85":{"start":{"line":216,"column":25},"end":{"line":216,"column":88}},"86":{"start":{"line":218,"column":12},"end":{"line":218,"column":62}},"87":{"start":{"line":219,"column":12},"end":{"line":219,"column":58}},"88":{"start":{"line":222,"column":12},"end":{"line":222,"column":66}},"89":{"start":{"line":223,"column":12},"end":{"line":223,"column":62}},"90":{"start":{"line":233,"column":20},"end":{"line":249,"column":4}},"91":{"start":{"line":234,"column":22},"end":{"line":237,"column":6}},"92":{"start":{"line":240,"column":4},"end":{"line":246,"column":7}},"93":{"start":{"line":241,"column":6},"end":{"line":245,"column":8}},"94":{"start":{"line":248,"column":4},"end":{"line":248,"column":16}},"95":{"start":{"line":252,"column":23},"end":{"line":286,"column":3}},"96":{"start":{"line":263,"column":36},"end":{"line":272,"column":6}},"97":{"start":{"line":275,"column":4},"end":{"line":283,"column":7}},"98":{"start":{"line":276,"column":6},"end":{"line":282,"column":9}},"99":{"start":{"line":285,"column":4},"end":{"line":285,"column":19}},"100":{"start":{"line":288,"column":2},"end":{"line":296,"column":3}},"101":{"start":{"line":289,"column":4},"end":{"line":295,"column":6}},"102":{"start":{"line":298,"column":2},"end":{"line":306,"column":3}},"103":{"start":{"line":299,"column":4},"end":{"line":305,"column":6}},"104":{"start":{"line":308,"column":2},"end":{"line":327,"column":4}},"105":{"start":{"line":330,"column":0},"end":{"line":330,"column":28}}},"fnMap":{"0":{"name":"(anonymous_8)","decl":{"start":{"line":17,"column":50},"end":{"line":17,"column":51}},"loc":{"start":{"line":22,"column":5},"end":{"line":328,"column":1}}},"1":{"name":"(anonymous_9)","decl":{"start":{"line":29,"column":47},"end":{"line":29,"column":48}},"loc":{"start":{"line":29,"column":56},"end":{"line":35,"column":3}}},"2":{"name":"(anonymous_10)","decl":{"start":{"line":38,"column":12},"end":{"line":38,"column":15}},"loc":{"start":{"line":38,"column":17},"end":{"line":125,"column":3}}},"3":{"name":"(anonymous_11)","decl":{"start":{"line":42,"column":21},"end":{"line":42,"column":30}},"loc":{"start":{"line":42,"column":32},"end":{"line":116,"column":6}}},"4":{"name":"(anonymous_12)","decl":{"start":{"line":42,"column":32},"end":{"line":42,"column":null}},"loc":{"start":{"line":42,"column":32},"end":{"line":116,"column":5}}},"5":{"name":"(anonymous_13)","decl":{"start":{"line":128,"column":32},"end":{"line":128,"column":null}},"loc":{"start":{"line":131,"column":31},"end":{"line":138,"column":3}}},"6":{"name":"(anonymous_14)","decl":{"start":{"line":134,"column":29},"end":{"line":134,"column":40}},"loc":{"start":{"line":135,"column":6},"end":{"line":136,"column":68}}},"7":{"name":"(anonymous_15)","decl":{"start":{"line":142,"column":22},"end":{"line":142,"column":23}},"loc":{"start":{"line":142,"column":51},"end":{"line":145,"column":1}}},"8":{"name":"(anonymous_16)","decl":{"start":{"line":143,"column":30},"end":{"line":143,"column":31}},"loc":{"start":{"line":143,"column":35},"end":{"line":143,"column":52}}},"9":{"name":"(anonymous_17)","decl":{"start":{"line":148,"column":33},"end":{"line":148,"column":34}},"loc":{"start":{"line":148,"column":71},"end":{"line":159,"column":1}}},"10":{"name":"(anonymous_18)","decl":{"start":{"line":162,"column":19},"end":{"line":162,"column":20}},"loc":{"start":{"line":162,"column":50},"end":{"line":164,"column":1}}},"11":{"name":"(anonymous_19)","decl":{"start":{"line":167,"column":28},"end":{"line":167,"column":29}},"loc":{"start":{"line":167,"column":65},"end":{"line":173,"column":1}}},"12":{"name":"(anonymous_20)","decl":{"start":{"line":175,"column":23},"end":{"line":175,"column":24}},"loc":{"start":{"line":175,"column":90},"end":{"line":230,"column":3}}},"13":{"name":"(anonymous_21)","decl":{"start":{"line":216,"column":19},"end":{"line":216,"column":22}},"loc":{"start":{"line":216,"column":25},"end":{"line":216,"column":88}}},"14":{"name":"(anonymous_22)","decl":{"start":{"line":217,"column":24},"end":{"line":217,"column":25}},"loc":{"start":{"line":217,"column":30},"end":{"line":220,"column":11}}},"15":{"name":"(anonymous_23)","decl":{"start":{"line":221,"column":24},"end":{"line":221,"column":25}},"loc":{"start":{"line":221,"column":30},"end":{"line":224,"column":11}}},"16":{"name":"(anonymous_24)","decl":{"start":{"line":233,"column":32},"end":{"line":233,"column":38}},"loc":{"start":{"line":233,"column":41},"end":{"line":249,"column":3}}},"17":{"name":"(anonymous_25)","decl":{"start":{"line":240,"column":22},"end":{"line":240,"column":26}},"loc":{"start":{"line":240,"column":29},"end":{"line":246,"column":5}}},"18":{"name":"(anonymous_26)","decl":{"start":{"line":252,"column":23},"end":{"line":252,"column":26}},"loc":{"start":{"line":252,"column":28},"end":{"line":286,"column":3}}},"19":{"name":"(anonymous_27)","decl":{"start":{"line":275,"column":22},"end":{"line":275,"column":26}},"loc":{"start":{"line":275,"column":29},"end":{"line":283,"column":5}}}},"branchMap":{"0":{"loc":{"start":{"line":50,"column":8},"end":{"line":52,"column":9}},"type":"if","locations":[{"start":{"line":50,"column":8},"end":{"line":52,"column":9}}]},"1":{"loc":{"start":{"line":50,"column":12},"end":{"line":50,"column":106}},"type":"binary-expr","locations":[{"start":{"line":50,"column":12},"end":{"line":50,"column":50}},{"start":{"line":50,"column":54},"end":{"line":50,"column":76}},{"start":{"line":50,"column":80},"end":{"line":50,"column":106}}]},"2":{"loc":{"start":{"line":53,"column":8},"end":{"line":55,"column":9}},"type":"if","locations":[{"start":{"line":53,"column":8},"end":{"line":55,"column":9}}]},"3":{"loc":{"start":{"line":53,"column":12},"end":{"line":53,"column":94}},"type":"binary-expr","locations":[{"start":{"line":53,"column":12},"end":{"line":53,"column":46}},{"start":{"line":53,"column":50},"end":{"line":53,"column":68}},{"start":{"line":53,"column":72},"end":{"line":53,"column":94}}]},"4":{"loc":{"start":{"line":69,"column":8},"end":{"line":75,"column":9}},"type":"if","locations":[{"start":{"line":69,"column":8},"end":{"line":75,"column":9}}]},"5":{"loc":{"start":{"line":69,"column":12},"end":{"line":69,"column":33}},"type":"cond-expr","locations":[{"start":{"line":69,"column":27},"end":{"line":69,"column":29}},{"start":{"line":69,"column":12},"end":{"line":69,"column":33}}]},"6":{"loc":{"start":{"line":69,"column":12},"end":{"line":69,"column":29}},"type":"binary-expr","locations":[{"start":{"line":69,"column":12},"end":{"line":69,"column":29}},{"start":{"line":69,"column":12},"end":{"line":69,"column":29}}]},"7":{"loc":{"start":{"line":70,"column":10},"end":{"line":74,"column":11}},"type":"if","locations":[{"start":{"line":70,"column":10},"end":{"line":74,"column":11}},{"start":{"line":72,"column":17},"end":{"line":74,"column":11}}]},"8":{"loc":{"start":{"line":72,"column":17},"end":{"line":74,"column":11}},"type":"if","locations":[{"start":{"line":72,"column":17},"end":{"line":74,"column":11}}]},"9":{"loc":{"start":{"line":73,"column":25},"end":{"line":73,"column":98}},"type":"cond-expr","locations":[{"start":{"line":73,"column":68},"end":{"line":73,"column":93}},{"start":{"line":73,"column":96},"end":{"line":73,"column":98}}]},"10":{"loc":{"start":{"line":81,"column":8},"end":{"line":99,"column":9}},"type":"if","locations":[{"start":{"line":81,"column":8},"end":{"line":99,"column":9}}]},"11":{"loc":{"start":{"line":81,"column":12},"end":{"line":81,"column":49}},"type":"binary-expr","locations":[{"start":{"line":81,"column":12},"end":{"line":81,"column":33}},{"start":{"line":81,"column":37},"end":{"line":81,"column":49}}]},"12":{"loc":{"start":{"line":89,"column":10},"end":{"line":95,"column":11}},"type":"if","locations":[{"start":{"line":89,"column":10},"end":{"line":95,"column":11}}]},"13":{"loc":{"start":{"line":89,"column":14},"end":{"line":89,"column":40}},"type":"cond-expr","locations":[{"start":{"line":89,"column":34},"end":{"line":89,"column":36}},{"start":{"line":89,"column":14},"end":{"line":89,"column":40}}]},"14":{"loc":{"start":{"line":89,"column":14},"end":{"line":89,"column":36}},"type":"binary-expr","locations":[{"start":{"line":89,"column":14},"end":{"line":89,"column":36}},{"start":{"line":89,"column":14},"end":{"line":89,"column":36}}]},"15":{"loc":{"start":{"line":90,"column":12},"end":{"line":94,"column":13}},"type":"if","locations":[{"start":{"line":90,"column":12},"end":{"line":94,"column":13}},{"start":{"line":92,"column":19},"end":{"line":94,"column":13}}]},"16":{"loc":{"start":{"line":92,"column":19},"end":{"line":94,"column":13}},"type":"if","locations":[{"start":{"line":92,"column":19},"end":{"line":94,"column":13}}]},"17":{"loc":{"start":{"line":93,"column":33},"end":{"line":93,"column":116}},"type":"cond-expr","locations":[{"start":{"line":93,"column":81},"end":{"line":93,"column":111}},{"start":{"line":93,"column":114},"end":{"line":93,"column":116}}]},"18":{"loc":{"start":{"line":102,"column":29},"end":{"line":102,"column":59}},"type":"binary-expr","locations":[{"start":{"line":102,"column":29},"end":{"line":102,"column":41}},{"start":{"line":102,"column":45},"end":{"line":102,"column":59}}]},"19":{"loc":{"start":{"line":102,"column":29},"end":{"line":102,"column":41}},"type":"cond-expr","locations":[{"start":{"line":102,"column":32},"end":{"line":102,"column":34}},{"start":{"line":102,"column":29},"end":{"line":102,"column":41}}]},"20":{"loc":{"start":{"line":102,"column":29},"end":{"line":102,"column":34}},"type":"binary-expr","locations":[{"start":{"line":102,"column":29},"end":{"line":102,"column":34}},{"start":{"line":102,"column":29},"end":{"line":102,"column":34}}]},"21":{"loc":{"start":{"line":106,"column":8},"end":{"line":112,"column":9}},"type":"if","locations":[{"start":{"line":106,"column":8},"end":{"line":112,"column":9}},{"start":{"line":108,"column":15},"end":{"line":112,"column":9}}]},"22":{"loc":{"start":{"line":106,"column":12},"end":{"line":106,"column":42}},"type":"cond-expr","locations":[{"start":{"line":106,"column":24},"end":{"line":106,"column":26}},{"start":{"line":106,"column":24},"end":{"line":106,"column":42}}]},"23":{"loc":{"start":{"line":106,"column":12},"end":{"line":106,"column":26}},"type":"binary-expr","locations":[{"start":{"line":106,"column":12},"end":{"line":106,"column":26}},{"start":{"line":106,"column":24},"end":{"line":106,"column":26}}]},"24":{"loc":{"start":{"line":106,"column":12},"end":{"line":106,"column":24}},"type":"cond-expr","locations":[{"start":{"line":106,"column":15},"end":{"line":106,"column":17}},{"start":{"line":106,"column":12},"end":{"line":106,"column":24}}]},"25":{"loc":{"start":{"line":106,"column":12},"end":{"line":106,"column":17}},"type":"binary-expr","locations":[{"start":{"line":106,"column":12},"end":{"line":106,"column":17}},{"start":{"line":106,"column":12},"end":{"line":106,"column":17}}]},"26":{"loc":{"start":{"line":108,"column":15},"end":{"line":112,"column":9}},"type":"if","locations":[{"start":{"line":108,"column":15},"end":{"line":112,"column":9}},{"start":{"line":110,"column":15},"end":{"line":112,"column":9}}]},"27":{"loc":{"start":{"line":108,"column":19},"end":{"line":108,"column":52}},"type":"cond-expr","locations":[{"start":{"line":108,"column":31},"end":{"line":108,"column":33}},{"start":{"line":108,"column":31},"end":{"line":108,"column":52}}]},"28":{"loc":{"start":{"line":108,"column":19},"end":{"line":108,"column":33}},"type":"binary-expr","locations":[{"start":{"line":108,"column":19},"end":{"line":108,"column":33}},{"start":{"line":108,"column":31},"end":{"line":108,"column":33}}]},"29":{"loc":{"start":{"line":108,"column":19},"end":{"line":108,"column":31}},"type":"cond-expr","locations":[{"start":{"line":108,"column":22},"end":{"line":108,"column":24}},{"start":{"line":108,"column":19},"end":{"line":108,"column":31}}]},"30":{"loc":{"start":{"line":108,"column":19},"end":{"line":108,"column":24}},"type":"binary-expr","locations":[{"start":{"line":108,"column":19},"end":{"line":108,"column":24}},{"start":{"line":108,"column":19},"end":{"line":108,"column":24}}]},"31":{"loc":{"start":{"line":119,"column":4},"end":{"line":124,"column":5}},"type":"if","locations":[{"start":{"line":119,"column":4},"end":{"line":124,"column":5}},{"start":{"line":121,"column":11},"end":{"line":124,"column":5}}]},"32":{"loc":{"start":{"line":135,"column":6},"end":{"line":136,"column":68}},"type":"binary-expr","locations":[{"start":{"line":135,"column":6},"end":{"line":135,"column":39}},{"start":{"line":136,"column":6},"end":{"line":136,"column":68}}]},"33":{"loc":{"start":{"line":144,"column":9},"end":{"line":144,"column":47}},"type":"cond-expr","locations":[{"start":{"line":144,"column":18},"end":{"line":144,"column":29}},{"start":{"line":144,"column":32},"end":{"line":144,"column":47}}]},"34":{"loc":{"start":{"line":149,"column":2},"end":{"line":158,"column":3}},"type":"switch","locations":[{"start":{"line":150,"column":4},"end":{"line":151,"column":19}},{"start":{"line":152,"column":4},"end":{"line":153,"column":19}},{"start":{"line":154,"column":4},"end":{"line":155,"column":19}},{"start":{"line":156,"column":4},"end":{"line":157,"column":20}}]},"35":{"loc":{"start":{"line":168,"column":16},"end":{"line":168,"column":44}},"type":"binary-expr","locations":[{"start":{"line":168,"column":16},"end":{"line":168,"column":36}},{"start":{"line":168,"column":40},"end":{"line":168,"column":44}}]},"36":{"loc":{"start":{"line":169,"column":7},"end":{"line":169,"column":39}},"type":"binary-expr","locations":[{"start":{"line":169,"column":7},"end":{"line":169,"column":30}},{"start":{"line":169,"column":34},"end":{"line":169,"column":39}}]},"37":{"loc":{"start":{"line":171,"column":5},"end":{"line":171,"column":32}},"type":"binary-expr","locations":[{"start":{"line":171,"column":5},"end":{"line":171,"column":23}},{"start":{"line":171,"column":27},"end":{"line":171,"column":32}}]},"38":{"loc":{"start":{"line":179,"column":4},"end":{"line":229,"column":5}},"type":"if","locations":[{"start":{"line":179,"column":4},"end":{"line":229,"column":5}},{"start":{"line":202,"column":11},"end":{"line":229,"column":5}}]},"39":{"loc":{"start":{"line":288,"column":2},"end":{"line":296,"column":3}},"type":"if","locations":[{"start":{"line":288,"column":2},"end":{"line":296,"column":3}}]},"40":{"loc":{"start":{"line":298,"column":2},"end":{"line":306,"column":3}},"type":"if","locations":[{"start":{"line":298,"column":2},"end":{"line":306,"column":3}}]},"41":{"loc":{"start":{"line":313,"column":7},"end":{"line":324,"column":null}},"type":"cond-expr","locations":[{"start":{"line":314,"column":8},"end":{"line":314,"column":38}},{"start":{"line":316,"column":8},"end":{"line":323,"column":null}}]}},"s":{"0":0,"1":0,"2":0,"3":0,"4":0,"5":0,"6":0,"7":0,"8":0,"9":0,"10":0,"11":0,"12":0,"13":0,"14":0,"15":0,"16":0,"17":0,"18":0,"19":0,"20":0,"21":0,"22":0,"23":0,"24":0,"25":0,"26":0,"27":0,"28":0,"29":0,"30":0,"31":0,"32":0,"33":0,"34":0,"35":0,"36":0,"37":0,"38":0,"39":0,"40":0,"41":0,"42":0,"43":0,"44":0,"45":0,"46":0,"47":0,"48":0,"49":0,"50":0,"51":0,"52":0,"53":0,"54":0,"55":0,"56":0,"57":0,"58":0,"59":0,"60":0,"61":0,"62":0,"63":0,"64":0,"65":0,"66":0,"67":0,"68":0,"69":0,"70":0,"71":0,"72":0,"73":0,"74":0,"75":0,"76":0,"77":0,"78":0,"79":0,"80":0,"81":0,"82":0,"83":0,"84":0,"85":0,"86":0,"87":0,"88":0,"89":0,"90":0,"91":0,"92":0,"93":0,"94":0,"95":0,"96":0,"97":0,"98":0,"99":0,"100":0,"101":0,"102":0,"103":0,"104":0,"105":0},"f":{"0":0,"1":0,"2":0,"3":0,"4":0,"5":0,"6":0,"7":0,"8":0,"9":0,"10":0,"11":0,"12":0,"13":0,"14":0,"15":0,"16":0,"17":0,"18":0,"19":0},"b":{"0":[0],"1":[0,0,0],"2":[0],"3":[0,0,0],"4":[0],"5":[0,0],"6":[0,0],"7":[0,0],"8":[0],"9":[0,0],"10":[0],"11":[0,0],"12":[0],"13":[0,0],"14":[0,0],"15":[0,0],"16":[0],"17":[0,0],"18":[0,0],"19":[0,0],"20":[0,0],"21":[0,0],"22":[0,0],"23":[0,0],"24":[0,0],"25":[0,0],"26":[0,0],"27":[0,0],"28":[0,0],"29":[0,0],"30":[0,0],"31":[0,0],"32":[0,0],"33":[0,0],"34":[0,0,0,0],"35":[0,0],"36":[0,0],"37":[0,0],"38":[0,0],"39":[0],"40":[0],"41":[0,0]}}
,"E:\\study\\AI\\calendar-chart\\frontend\\src\\components\\FilterComponent.tsx": {"path":"E:\\study\\AI\\calendar-chart\\frontend\\src\\components\\FilterComponent.tsx","statementMap":{"0":{"start":{"line":1,"column":0},"end":{"line":1,"column":51}},"1":{"start":{"line":2,"column":0},"end":{"line":2,"column":79}},"2":{"start":{"line":3,"column":0},"end":{"line":3,"column":47}},"3":{"start":{"line":4,"column":0},"end":{"line":4,"column":26}},"4":{"start":{"line":6,"column":0},"end":{"line":6,"column":55}},"5":{"start":{"line":13,"column":56},"end":{"line":243,"column":1}},"6":{"start":{"line":14,"column":19},"end":{"line":14,"column":32}},"7":{"start":{"line":15,"column":36},"end":{"line":15,"column":64}},"8":{"start":{"line":16,"column":28},"end":{"line":16,"column":54}},"9":{"start":{"line":17,"column":54},"end":{"line":17,"column":93}},"10":{"start":{"line":18,"column":46},"end":{"line":18,"column":85}},"11":{"start":{"line":19,"column":42},"end":{"line":19,"column":88}},"12":{"start":{"line":20,"column":32},"end":{"line":20,"column":47}},"13":{"start":{"line":26,"column":2},"end":{"line":28,"column":9}},"14":{"start":{"line":27,"column":4},"end":{"line":27,"column":21}},"15":{"start":{"line":32,"column":2},"end":{"line":38,"column":105}},"16":{"start":{"line":35,"column":4},"end":{"line":37,"column":5}},"17":{"start":{"line":36,"column":6},"end":{"line":36,"column":71}},"18":{"start":{"line":40,"column":25},"end":{"line":57,"column":4}},"19":{"start":{"line":40,"column":36},"end":{"line":57,"column":4}},"20":{"start":{"line":41,"column":4},"end":{"line":41,"column":21}},"21":{"start":{"line":42,"column":4},"end":{"line":56,"column":5}},"22":{"start":{"line":44,"column":32},"end":{"line":44,"column":64}},"23":{"start":{"line":45,"column":28},"end":{"line":45,"column":129}},"24":{"start":{"line":46,"column":6},"end":{"line":46,"column":34}},"25":{"start":{"line":49,"column":28},"end":{"line":49,"column":52}},"26":{"start":{"line":50,"column":24},"end":{"line":50,"column":113}},"27":{"start":{"line":51,"column":6},"end":{"line":51,"column":26}},"28":{"start":{"line":53,"column":6},"end":{"line":53,"column":40}},"29":{"start":{"line":55,"column":6},"end":{"line":55,"column":24}},"30":{"start":{"line":60,"column":31},"end":{"line":62,"column":3}},"31":{"start":{"line":61,"column":4},"end":{"line":61,"column":33}},"32":{"start":{"line":65,"column":27},"end":{"line":67,"column":3}},"33":{"start":{"line":66,"column":4},"end":{"line":66,"column":29}},"34":{"start":{"line":70,"column":27},"end":{"line":86,"column":3}},"35":{"start":{"line":71,"column":4},"end":{"line":85,"column":5}},"36":{"start":{"line":73,"column":6},"end":{"line":84,"column":7}},"37":{"start":{"line":74,"column":8},"end":{"line":74,"column":58}},"38":{"start":{"line":75,"column":13},"end":{"line":84,"column":7}},"39":{"start":{"line":76,"column":8},"end":{"line":76,"column":30}},"40":{"start":{"line":77,"column":13},"end":{"line":84,"column":7}},"41":{"start":{"line":79,"column":8},"end":{"line":83,"column":9}},"42":{"start":{"line":80,"column":10},"end":{"line":80,"column":60}},"43":{"start":{"line":82,"column":10},"end":{"line":82,"column":38}},"44":{"start":{"line":89,"column":26},"end":{"line":92,"column":3}},"45":{"start":{"line":90,"column":21},"end":{"line":90,"column":80}},"46":{"start":{"line":91,"column":4},"end":{"line":91,"column":30}},"47":{"start":{"line":95,"column":22},"end":{"line":98,"column":3}},"48":{"start":{"line":96,"column":21},"end":{"line":96,"column":75}},"49":{"start":{"line":97,"column":4},"end":{"line":97,"column":30}},"50":{"start":{"line":101,"column":24},"end":{"line":103,"column":3}},"51":{"start":{"line":102,"column":4},"end":{"line":102,"column":21}},"52":{"start":{"line":106,"column":21},"end":{"line":109,"column":3}},"53":{"start":{"line":107,"column":21},"end":{"line":107,"column":63}},"54":{"start":{"line":108,"column":4},"end":{"line":108,"column":42}},"55":{"start":{"line":111,"column":2},"end":{"line":242,"column":4}},"56":{"start":{"line":161,"column":45},"end":{"line":161,"column":58}},"57":{"start":{"line":193,"column":20},"end":{"line":193,"column":53}},"58":{"start":{"line":209,"column":20},"end":{"line":209,"column":49}},"59":{"start":{"line":245,"column":0},"end":{"line":245,"column":31}}},"fnMap":{"0":{"name":"(anonymous_8)","decl":{"start":{"line":13,"column":56},"end":{"line":13,"column":57}},"loc":{"start":{"line":13,"column":102},"end":{"line":243,"column":1}}},"1":{"name":"(anonymous_9)","decl":{"start":{"line":26,"column":12},"end":{"line":26,"column":15}},"loc":{"start":{"line":26,"column":17},"end":{"line":28,"column":3}}},"2":{"name":"(anonymous_10)","decl":{"start":{"line":32,"column":12},"end":{"line":32,"column":15}},"loc":{"start":{"line":32,"column":17},"end":{"line":38,"column":3}}},"3":{"name":"(anonymous_11)","decl":{"start":{"line":40,"column":25},"end":{"line":40,"column":34}},"loc":{"start":{"line":40,"column":36},"end":{"line":57,"column":4}}},"4":{"name":"(anonymous_12)","decl":{"start":{"line":40,"column":36},"end":{"line":40,"column":null}},"loc":{"start":{"line":40,"column":36},"end":{"line":57,"column":3}}},"5":{"name":"(anonymous_13)","decl":{"start":{"line":60,"column":31},"end":{"line":60,"column":32}},"loc":{"start":{"line":60,"column":46},"end":{"line":62,"column":3}}},"6":{"name":"(anonymous_14)","decl":{"start":{"line":65,"column":27},"end":{"line":65,"column":28}},"loc":{"start":{"line":65,"column":42},"end":{"line":67,"column":3}}},"7":{"name":"(anonymous_15)","decl":{"start":{"line":70,"column":27},"end":{"line":70,"column":28}},"loc":{"start":{"line":70,"column":41},"end":{"line":86,"column":3}}},"8":{"name":"(anonymous_16)","decl":{"start":{"line":89,"column":26},"end":{"line":89,"column":29}},"loc":{"start":{"line":89,"column":31},"end":{"line":92,"column":3}}},"9":{"name":"(anonymous_17)","decl":{"start":{"line":95,"column":22},"end":{"line":95,"column":25}},"loc":{"start":{"line":95,"column":27},"end":{"line":98,"column":3}}},"10":{"name":"(anonymous_18)","decl":{"start":{"line":101,"column":24},"end":{"line":101,"column":27}},"loc":{"start":{"line":101,"column":29},"end":{"line":103,"column":3}}},"11":{"name":"(anonymous_19)","decl":{"start":{"line":106,"column":21},"end":{"line":106,"column":22}},"loc":{"start":{"line":106,"column":41},"end":{"line":109,"column":3}}},"12":{"name":"(anonymous_20)","decl":{"start":{"line":161,"column":39},"end":{"line":161,"column":42}},"loc":{"start":{"line":161,"column":45},"end":{"line":161,"column":58}}},"13":{"name":"(anonymous_21)","decl":{"start":{"line":192,"column":33},"end":{"line":192,"column":34}},"loc":{"start":{"line":193,"column":20},"end":{"line":193,"column":53}}},"14":{"name":"(anonymous_22)","decl":{"start":{"line":208,"column":29},"end":{"line":208,"column":30}},"loc":{"start":{"line":209,"column":20},"end":{"line":209,"column":49}}}},"branchMap":{"0":{"loc":{"start":{"line":35,"column":4},"end":{"line":37,"column":5}},"type":"if","locations":[{"start":{"line":35,"column":4},"end":{"line":37,"column":5}}]},"1":{"loc":{"start":{"line":35,"column":8},"end":{"line":35,"column":48}},"type":"binary-expr","locations":[{"start":{"line":35,"column":8},"end":{"line":35,"column":28}},{"start":{"line":35,"column":32},"end":{"line":35,"column":48}}]},"2":{"loc":{"start":{"line":45,"column":28},"end":{"line":45,"column":129}},"type":"cond-expr","locations":[{"start":{"line":45,"column":68},"end":{"line":45,"column":90}},{"start":{"line":45,"column":94},"end":{"line":45,"column":128}}]},"3":{"loc":{"start":{"line":45,"column":94},"end":{"line":45,"column":128}},"type":"binary-expr","locations":[{"start":{"line":45,"column":94},"end":{"line":45,"column":122}},{"start":{"line":45,"column":126},"end":{"line":45,"column":128}}]},"4":{"loc":{"start":{"line":45,"column":94},"end":{"line":45,"column":122}},"type":"cond-expr","locations":[{"start":{"line":45,"column":116},"end":{"line":45,"column":118}},{"start":{"line":45,"column":116},"end":{"line":45,"column":122}}]},"5":{"loc":{"start":{"line":45,"column":94},"end":{"line":45,"column":118}},"type":"binary-expr","locations":[{"start":{"line":45,"column":94},"end":{"line":45,"column":118}},{"start":{"line":45,"column":116},"end":{"line":45,"column":118}}]},"6":{"loc":{"start":{"line":50,"column":24},"end":{"line":50,"column":113}},"type":"cond-expr","locations":[{"start":{"line":50,"column":60},"end":{"line":50,"column":78}},{"start":{"line":50,"column":82},"end":{"line":50,"column":112}}]},"7":{"loc":{"start":{"line":50,"column":82},"end":{"line":50,"column":112}},"type":"binary-expr","locations":[{"start":{"line":50,"column":82},"end":{"line":50,"column":106}},{"start":{"line":50,"column":110},"end":{"line":50,"column":112}}]},"8":{"loc":{"start":{"line":50,"column":82},"end":{"line":50,"column":106}},"type":"cond-expr","locations":[{"start":{"line":50,"column":100},"end":{"line":50,"column":102}},{"start":{"line":50,"column":100},"end":{"line":50,"column":106}}]},"9":{"loc":{"start":{"line":50,"column":82},"end":{"line":50,"column":102}},"type":"binary-expr","locations":[{"start":{"line":50,"column":82},"end":{"line":50,"column":102}},{"start":{"line":50,"column":100},"end":{"line":50,"column":102}}]},"10":{"loc":{"start":{"line":71,"column":4},"end":{"line":85,"column":5}},"type":"if","locations":[{"start":{"line":71,"column":4},"end":{"line":85,"column":5}}]},"11":{"loc":{"start":{"line":73,"column":6},"end":{"line":84,"column":7}},"type":"if","locations":[{"start":{"line":73,"column":6},"end":{"line":84,"column":7}},{"start":{"line":75,"column":13},"end":{"line":84,"column":7}}]},"12":{"loc":{"start":{"line":75,"column":13},"end":{"line":84,"column":7}},"type":"if","locations":[{"start":{"line":75,"column":13},"end":{"line":84,"column":7}},{"start":{"line":77,"column":13},"end":{"line":84,"column":7}}]},"13":{"loc":{"start":{"line":77,"column":13},"end":{"line":84,"column":7}},"type":"if","locations":[{"start":{"line":77,"column":13},"end":{"line":84,"column":7}}]},"14":{"loc":{"start":{"line":156,"column":27},"end":{"line":156,"column":76}},"type":"cond-expr","locations":[{"start":{"line":156,"column":42},"end":{"line":156,"column":64}},{"start":{"line":156,"column":67},"end":{"line":156,"column":76}}]}},"s":{"0":0,"1":0,"2":0,"3":0,"4":0,"5":0,"6":0,"7":0,"8":0,"9":0,"10":0,"11":0,"12":0,"13":0,"14":0,"15":0,"16":0,"17":0,"18":0,"19":0,"20":0,"21":0,"22":0,"23":0,"24":0,"25":0,"26":0,"27":0,"28":0,"29":0,"30":0,"31":0,"32":0,"33":0,"34":0,"35":0,"36":0,"37":0,"38":0,"39":0,"40":0,"41":0,"42":0,"43":0,"44":0,"45":0,"46":0,"47":0,"48":0,"49":0,"50":0,"51":0,"52":0,"53":0,"54":0,"55":0,"56":0,"57":0,"58":0,"59":0},"f":{"0":0,"1":0,"2":0,"3":0,"4":0,"5":0,"6":0,"7":0,"8":0,"9":0,"10":0,"11":0,"12":0,"13":0,"14":0},"b":{"0":[0],"1":[0,0],"2":[0,0],"3":[0,0],"4":[0,0],"5":[0,0],"6":[0,0],"7":[0,0],"8":[0,0],"9":[0,0],"10":[0],"11":[0,0],"12":[0,0],"13":[0],"14":[0,0]}}
,"E:\\study\\AI\\calendar-chart\\frontend\\src\\components\\GeneralReservationForm.tsx": {"path":"E:\\study\\AI\\calendar-chart\\frontend\\src\\components\\GeneralReservationForm.tsx","statementMap":{"0":{"start":{"line":1,"column":0},"end":{"line":1,"column":72}},"1":{"start":{"line":2,"column":0},"end":{"line":2,"column":87}},"2":{"start":{"line":3,"column":0},"end":{"line":3,"column":82}},"3":{"start":{"line":32,"column":70},"end":{"line":830,"column":1}},"4":{"start":{"line":41,"column":28},"end":{"line":41,"column":56}},"5":{"start":{"line":42,"column":24},"end":{"line":42,"column":52}},"6":{"start":{"line":43,"column":26},"end":{"line":43,"column":54}},"7":{"start":{"line":44,"column":32},"end":{"line":44,"column":47}},"8":{"start":{"line":45,"column":50},"end":{"line":45,"column":65}},"9":{"start":{"line":46,"column":42},"end":{"line":46,"column":57}},"10":{"start":{"line":47,"column":32},"end":{"line":47,"column":54}},"11":{"start":{"line":48,"column":36},"end":{"line":48,"column":64}},"12":{"start":{"line":49,"column":28},"end":{"line":49,"column":54}},"13":{"start":{"line":50,"column":48},"end":{"line":50,"column":77}},"14":{"start":{"line":52,"column":34},"end":{"line":61,"column":4}},"15":{"start":{"line":64,"column":2},"end":{"line":72,"column":49}},"16":{"start":{"line":65,"column":4},"end":{"line":71,"column":5}},"17":{"start":{"line":66,"column":6},"end":{"line":70,"column":10}},"18":{"start":{"line":66,"column":26},"end":{"line":69,"column":null}},"19":{"start":{"line":74,"column":30},"end":{"line":74,"column":54}},"20":{"start":{"line":79,"column":2},"end":{"line":90,"column":16}},"21":{"start":{"line":80,"column":4},"end":{"line":89,"column":5}},"22":{"start":{"line":82,"column":6},"end":{"line":88,"column":9}},"23":{"start":{"line":87,"column":8},"end":{"line":87,"column":22}},"24":{"start":{"line":93,"column":27},"end":{"line":93,"column":62}},"25":{"start":{"line":96,"column":31},"end":{"line":106,"column":8}},"26":{"start":{"line":98,"column":4},"end":{"line":100,"column":5}},"27":{"start":{"line":99,"column":6},"end":{"line":99,"column":45}},"28":{"start":{"line":103,"column":4},"end":{"line":105,"column":12}},"29":{"start":{"line":104,"column":6},"end":{"line":104,"column":38}},"30":{"start":{"line":109,"column":2},"end":{"line":116,"column":9}},"31":{"start":{"line":111,"column":4},"end":{"line":115,"column":6}},"32":{"start":{"line":112,"column":6},"end":{"line":114,"column":7}},"33":{"start":{"line":113,"column":8},"end":{"line":113,"column":47}},"34":{"start":{"line":119,"column":2},"end":{"line":134,"column":76}},"35":{"start":{"line":120,"column":23},"end":{"line":120,"column":42}},"36":{"start":{"line":121,"column":19},"end":{"line":121,"column":34}},"37":{"start":{"line":124,"column":4},"end":{"line":133,"column":5}},"38":{"start":{"line":126,"column":6},"end":{"line":132,"column":7}},"39":{"start":{"line":127,"column":8},"end":{"line":127,"column":23}},"40":{"start":{"line":128,"column":8},"end":{"line":128,"column":64}},"41":{"start":{"line":128,"column":28},"end":{"line":128,"column":62}},"42":{"start":{"line":131,"column":8},"end":{"line":131,"column":49}},"43":{"start":{"line":139,"column":24},"end":{"line":158,"column":4}},"44":{"start":{"line":139,"column":35},"end":{"line":158,"column":4}},"45":{"start":{"line":140,"column":4},"end":{"line":157,"column":5}},"46":{"start":{"line":141,"column":6},"end":{"line":141,"column":32}},"47":{"start":{"line":142,"column":23},"end":{"line":142,"column":55}},"48":{"start":{"line":143,"column":42},"end":{"line":143,"column":44}},"49":{"start":{"line":145,"column":6},"end":{"line":151,"column":7}},"50":{"start":{"line":146,"column":8},"end":{"line":150,"column":9}},"51":{"start":{"line":147,"column":10},"end":{"line":147,"column":40}},"52":{"start":{"line":148,"column":15},"end":{"line":150,"column":9}},"53":{"start":{"line":149,"column":10},"end":{"line":149,"column":45}},"54":{"start":{"line":152,"column":6},"end":{"line":152,"column":34}},"55":{"start":{"line":154,"column":6},"end":{"line":154,"column":40}},"56":{"start":{"line":156,"column":6},"end":{"line":156,"column":33}},"57":{"start":{"line":163,"column":20},"end":{"line":182,"column":4}},"58":{"start":{"line":163,"column":31},"end":{"line":182,"column":4}},"59":{"start":{"line":164,"column":4},"end":{"line":181,"column":5}},"60":{"start":{"line":165,"column":6},"end":{"line":165,"column":28}},"61":{"start":{"line":166,"column":23},"end":{"line":166,"column":47}},"62":{"start":{"line":167,"column":36},"end":{"line":167,"column":38}},"63":{"start":{"line":169,"column":6},"end":{"line":175,"column":7}},"64":{"start":{"line":170,"column":8},"end":{"line":174,"column":9}},"65":{"start":{"line":171,"column":10},"end":{"line":171,"column":36}},"66":{"start":{"line":172,"column":15},"end":{"line":174,"column":9}},"67":{"start":{"line":173,"column":10},"end":{"line":173,"column":41}},"68":{"start":{"line":176,"column":6},"end":{"line":176,"column":26}},"69":{"start":{"line":178,"column":6},"end":{"line":178,"column":42}},"70":{"start":{"line":180,"column":6},"end":{"line":180,"column":29}},"71":{"start":{"line":188,"column":22},"end":{"line":271,"column":4}},"72":{"start":{"line":188,"column":69},"end":{"line":271,"column":4}},"73":{"start":{"line":190,"column":4},"end":{"line":190,"column":29}},"74":{"start":{"line":192,"column":4},"end":{"line":270,"column":5}},"75":{"start":{"line":193,"column":6},"end":{"line":193,"column":23}},"76":{"start":{"line":196,"column":63},"end":{"line":196,"column":65}},"77":{"start":{"line":199,"column":6},"end":{"line":201,"column":7}},"78":{"start":{"line":200,"column":8},"end":{"line":200,"column":39}},"79":{"start":{"line":203,"column":6},"end":{"line":205,"column":7}},"80":{"start":{"line":204,"column":8},"end":{"line":204,"column":31}},"81":{"start":{"line":207,"column":6},"end":{"line":207,"column":40}},"82":{"start":{"line":210,"column":23},"end":{"line":210,"column":57}},"83":{"start":{"line":213,"column":26},"end":{"line":213,"column":57}},"84":{"start":{"line":215,"column":6},"end":{"line":220,"column":7}},"85":{"start":{"line":217,"column":8},"end":{"line":217,"column":41}},"86":{"start":{"line":218,"column":8},"end":{"line":218,"column":23}},"87":{"start":{"line":219,"column":8},"end":{"line":219,"column":15}},"88":{"start":{"line":223,"column":31},"end":{"line":223,"column":67}},"89":{"start":{"line":226,"column":28},"end":{"line":226,"column":57}},"90":{"start":{"line":229,"column":37},"end":{"line":232,"column":9}},"91":{"start":{"line":229,"column":65},"end":{"line":231,"column":null}},"92":{"start":{"line":234,"column":6},"end":{"line":234,"column":41}},"93":{"start":{"line":237,"column":6},"end":{"line":237,"column":62}},"94":{"start":{"line":237,"column":26},"end":{"line":237,"column":60}},"95":{"start":{"line":240,"column":6},"end":{"line":246,"column":7}},"96":{"start":{"line":241,"column":8},"end":{"line":245,"column":11}},"97":{"start":{"line":242,"column":25},"end":{"line":242,"column":39}},"98":{"start":{"line":243,"column":10},"end":{"line":243,"column":36}},"99":{"start":{"line":244,"column":10},"end":{"line":244,"column":27}},"100":{"start":{"line":248,"column":6},"end":{"line":248,"column":40}},"101":{"start":{"line":251,"column":25},"end":{"line":251,"column":39}},"102":{"start":{"line":254,"column":6},"end":{"line":261,"column":7}},"103":{"start":{"line":256,"column":8},"end":{"line":260,"column":9}},"104":{"start":{"line":257,"column":10},"end":{"line":257,"column":40}},"105":{"start":{"line":258,"column":15},"end":{"line":260,"column":9}},"106":{"start":{"line":259,"column":10},"end":{"line":259,"column":38}},"107":{"start":{"line":264,"column":6},"end":{"line":264,"column":39}},"108":{"start":{"line":267,"column":6},"end":{"line":267,"column":21}},"109":{"start":{"line":269,"column":6},"end":{"line":269,"column":24}},"110":{"start":{"line":277,"column":32},"end":{"line":309,"column":3}},"111":{"start":{"line":279,"column":4},"end":{"line":282,"column":5}},"112":{"start":{"line":280,"column":6},"end":{"line":280,"column":31}},"113":{"start":{"line":281,"column":6},"end":{"line":281,"column":16}},"114":{"start":{"line":285,"column":4},"end":{"line":305,"column":5}},"115":{"start":{"line":287,"column":6},"end":{"line":302,"column":7}},"116":{"start":{"line":289,"column":8},"end":{"line":297,"column":9}},"117":{"start":{"line":290,"column":10},"end":{"line":292,"column":11}},"118":{"start":{"line":291,"column":12},"end":{"line":291,"column":38}},"119":{"start":{"line":295,"column":13},"end":{"line":297,"column":9}},"120":{"start":{"line":296,"column":10},"end":{"line":296,"column":31}},"121":{"start":{"line":300,"column":11},"end":{"line":302,"column":7}},"122":{"start":{"line":301,"column":8},"end":{"line":301,"column":29}},"123":{"start":{"line":304,"column":6},"end":{"line":304,"column":46}},"124":{"start":{"line":307,"column":4},"end":{"line":307,"column":33}},"125":{"start":{"line":308,"column":4},"end":{"line":308,"column":14}},"126":{"start":{"line":315,"column":34},"end":{"line":329,"column":3}},"127":{"start":{"line":316,"column":4},"end":{"line":328,"column":8}},"128":{"start":{"line":318,"column":6},"end":{"line":318,"column":73}},"129":{"start":{"line":319,"column":28},"end":{"line":327,"column":null}},"130":{"start":{"line":335,"column":22},"end":{"line":343,"column":3}},"131":{"start":{"line":336,"column":4},"end":{"line":336,"column":27}},"132":{"start":{"line":336,"column":17},"end":{"line":336,"column":27}},"133":{"start":{"line":338,"column":4},"end":{"line":340,"column":5}},"134":{"start":{"line":339,"column":6},"end":{"line":339,"column":60}},"135":{"start":{"line":342,"column":4},"end":{"line":342,"column":48}},"136":{"start":{"line":349,"column":26},"end":{"line":357,"column":3}},"137":{"start":{"line":350,"column":4},"end":{"line":350,"column":27}},"138":{"start":{"line":350,"column":17},"end":{"line":350,"column":27}},"139":{"start":{"line":352,"column":4},"end":{"line":354,"column":5}},"140":{"start":{"line":353,"column":6},"end":{"line":353,"column":72}},"141":{"start":{"line":356,"column":4},"end":{"line":356,"column":56}},"142":{"start":{"line":363,"column":22},"end":{"line":371,"column":3}},"143":{"start":{"line":364,"column":4},"end":{"line":370,"column":7}},"144":{"start":{"line":366,"column":26},"end":{"line":366,"column":76}},"145":{"start":{"line":367,"column":6},"end":{"line":367,"column":48}},"146":{"start":{"line":367,"column":29},"end":{"line":367,"column":48}},"147":{"start":{"line":369,"column":6},"end":{"line":369,"column":56}},"148":{"start":{"line":376,"column":28},"end":{"line":389,"column":3}},"149":{"start":{"line":377,"column":4},"end":{"line":377,"column":55}},"150":{"start":{"line":377,"column":24},"end":{"line":377,"column":53}},"151":{"start":{"line":379,"column":4},"end":{"line":385,"column":5}},"152":{"start":{"line":380,"column":6},"end":{"line":384,"column":9}},"153":{"start":{"line":381,"column":23},"end":{"line":381,"column":37}},"154":{"start":{"line":382,"column":8},"end":{"line":382,"column":32}},"155":{"start":{"line":383,"column":8},"end":{"line":383,"column":25}},"156":{"start":{"line":395,"column":22},"end":{"line":400,"column":3}},"157":{"start":{"line":396,"column":16},"end":{"line":396,"column":26}},"158":{"start":{"line":397,"column":21},"end":{"line":397,"column":34}},"159":{"start":{"line":398,"column":4},"end":{"line":398,"column":51}},"160":{"start":{"line":399,"column":4},"end":{"line":399,"column":20}},"161":{"start":{"line":403,"column":27},"end":{"line":415,"column":3}},"162":{"start":{"line":404,"column":4},"end":{"line":414,"column":5}},"163":{"start":{"line":406,"column":22},"end":{"line":406,"column":41}},"164":{"start":{"line":407,"column":6},"end":{"line":407,"column":49}},"165":{"start":{"line":408,"column":6},"end":{"line":408,"column":21}},"166":{"start":{"line":411,"column":23},"end":{"line":411,"column":36}},"167":{"start":{"line":412,"column":6},"end":{"line":412,"column":49}},"168":{"start":{"line":413,"column":6},"end":{"line":413,"column":22}},"169":{"start":{"line":420,"column":31},"end":{"line":444,"column":3}},"170":{"start":{"line":424,"column":4},"end":{"line":443,"column":5}},"171":{"start":{"line":425,"column":6},"end":{"line":435,"column":7}},"172":{"start":{"line":427,"column":8},"end":{"line":427,"column":36}},"173":{"start":{"line":428,"column":13},"end":{"line":435,"column":7}},"174":{"start":{"line":430,"column":31},"end":{"line":430,"column":87}},"175":{"start":{"line":431,"column":8},"end":{"line":431,"column":55}},"176":{"start":{"line":434,"column":8},"end":{"line":434,"column":15}},"177":{"start":{"line":436,"column":32},"end":{"line":436,"column":57}},"178":{"start":{"line":437,"column":6},"end":{"line":437,"column":50}},"179":{"start":{"line":438,"column":11},"end":{"line":443,"column":5}},"180":{"start":{"line":440,"column":6},"end":{"line":440,"column":52}},"181":{"start":{"line":441,"column":11},"end":{"line":443,"column":5}},"182":{"start":{"line":442,"column":6},"end":{"line":442,"column":38}},"183":{"start":{"line":449,"column":23},"end":{"line":505,"column":3}},"184":{"start":{"line":450,"column":49},"end":{"line":450,"column":51}},"185":{"start":{"line":453,"column":4},"end":{"line":455,"column":5}},"186":{"start":{"line":454,"column":6},"end":{"line":454,"column":35}},"187":{"start":{"line":458,"column":4},"end":{"line":467,"column":5}},"188":{"start":{"line":459,"column":6},"end":{"line":459,"column":38}},"189":{"start":{"line":462,"column":24},"end":{"line":462,"column":52}},"190":{"start":{"line":463,"column":18},"end":{"line":463,"column":28}},"191":{"start":{"line":464,"column":6},"end":{"line":466,"column":7}},"192":{"start":{"line":465,"column":8},"end":{"line":465,"column":45}},"193":{"start":{"line":469,"column":4},"end":{"line":480,"column":5}},"194":{"start":{"line":470,"column":6},"end":{"line":470,"column":36}},"195":{"start":{"line":473,"column":6},"end":{"line":479,"column":7}},"196":{"start":{"line":474,"column":26},"end":{"line":474,"column":54}},"197":{"start":{"line":475,"column":24},"end":{"line":475,"column":50}},"198":{"start":{"line":476,"column":8},"end":{"line":478,"column":9}},"199":{"start":{"line":477,"column":10},"end":{"line":477,"column":45}},"200":{"start":{"line":483,"column":4},"end":{"line":485,"column":5}},"201":{"start":{"line":484,"column":6},"end":{"line":484,"column":38}},"202":{"start":{"line":488,"column":4},"end":{"line":496,"column":5}},"203":{"start":{"line":489,"column":6},"end":{"line":489,"column":40}},"204":{"start":{"line":492,"column":27},"end":{"line":492,"column":64}},"205":{"start":{"line":493,"column":6},"end":{"line":495,"column":7}},"206":{"start":{"line":494,"column":8},"end":{"line":494,"column":47}},"207":{"start":{"line":499,"column":4},"end":{"line":501,"column":5}},"208":{"start":{"line":500,"column":6},"end":{"line":500,"column":35}},"209":{"start":{"line":503,"column":4},"end":{"line":503,"column":25}},"210":{"start":{"line":504,"column":4},"end":{"line":504,"column":47}},"211":{"start":{"line":510,"column":23},"end":{"line":549,"column":4}},"212":{"start":{"line":510,"column":34},"end":{"line":549,"column":4}},"213":{"start":{"line":511,"column":4},"end":{"line":514,"column":5}},"214":{"start":{"line":512,"column":6},"end":{"line":512,"column":30}},"215":{"start":{"line":513,"column":6},"end":{"line":513,"column":13}},"216":{"start":{"line":516,"column":4},"end":{"line":548,"column":5}},"217":{"start":{"line":517,"column":6},"end":{"line":517,"column":23}},"218":{"start":{"line":519,"column":23},"end":{"line":519,"column":50}},"219":{"start":{"line":523,"column":54},"end":{"line":530,"column":8}},"220":{"start":{"line":532,"column":6},"end":{"line":532,"column":62}},"221":{"start":{"line":533,"column":6},"end":{"line":533,"column":16}},"222":{"start":{"line":534,"column":6},"end":{"line":536,"column":7}},"223":{"start":{"line":535,"column":8},"end":{"line":535,"column":20}},"224":{"start":{"line":539,"column":6},"end":{"line":539,"column":18}},"225":{"start":{"line":541,"column":6},"end":{"line":541,"column":36}},"226":{"start":{"line":543,"column":6},"end":{"line":545,"column":7}},"227":{"start":{"line":544,"column":8},"end":{"line":544,"column":38}},"228":{"start":{"line":547,"column":6},"end":{"line":547,"column":24}},"229":{"start":{"line":554,"column":20},"end":{"line":566,"column":3}},"230":{"start":{"line":555,"column":4},"end":{"line":564,"column":7}},"231":{"start":{"line":565,"column":4},"end":{"line":565,"column":18}},"232":{"start":{"line":571,"column":22},"end":{"line":574,"column":3}},"233":{"start":{"line":572,"column":4},"end":{"line":572,"column":14}},"234":{"start":{"line":573,"column":4},"end":{"line":573,"column":16}},"235":{"start":{"line":576,"column":2},"end":{"line":828,"column":4}},"236":{"start":{"line":624,"column":28},"end":{"line":624,"column":41}},"237":{"start":{"line":648,"column":16},"end":{"line":650,"column":17}},"238":{"start":{"line":649,"column":18},"end":{"line":649,"column":57}},"239":{"start":{"line":655,"column":16},"end":{"line":655,"column":66}},"240":{"start":{"line":659,"column":16},"end":{"line":660,"column":null}},"241":{"start":{"line":676,"column":16},"end":{"line":678,"column":17}},"242":{"start":{"line":677,"column":18},"end":{"line":677,"column":53}},"243":{"start":{"line":683,"column":16},"end":{"line":683,"column":62}},"244":{"start":{"line":687,"column":16},"end":{"line":688,"column":null}},"245":{"start":{"line":704,"column":16},"end":{"line":706,"column":17}},"246":{"start":{"line":705,"column":18},"end":{"line":705,"column":55}},"247":{"start":{"line":712,"column":16},"end":{"line":712,"column":64}},"248":{"start":{"line":720,"column":38},"end":{"line":727,"column":18}},"249":{"start":{"line":737,"column":31},"end":{"line":737,"column":80}},"250":{"start":{"line":753,"column":35},"end":{"line":753,"column":75}},"251":{"start":{"line":756,"column":16},"end":{"line":759,"column":17}},"252":{"start":{"line":757,"column":38},"end":{"line":757,"column":51}},"253":{"start":{"line":758,"column":18},"end":{"line":758,"column":65}},"254":{"start":{"line":763,"column":30},"end":{"line":763,"column":40}},"255":{"start":{"line":764,"column":16},"end":{"line":764,"column":43}},"256":{"start":{"line":765,"column":16},"end":{"line":765,"column":60}},"257":{"start":{"line":777,"column":35},"end":{"line":777,"column":73}},"258":{"start":{"line":780,"column":16},"end":{"line":784,"column":17}},"259":{"start":{"line":781,"column":41},"end":{"line":781,"column":97}},"260":{"start":{"line":782,"column":41},"end":{"line":782,"column":73}},"261":{"start":{"line":783,"column":18},"end":{"line":783,"column":66}},"262":{"start":{"line":788,"column":30},"end":{"line":788,"column":40}},"263":{"start":{"line":789,"column":16},"end":{"line":789,"column":43}},"264":{"start":{"line":790,"column":16},"end":{"line":790,"column":60}},"265":{"start":{"line":801,"column":35},"end":{"line":801,"column":71}},"266":{"start":{"line":810,"column":35},"end":{"line":810,"column":74}},"267":{"start":{"line":821,"column":36},"end":{"line":821,"column":null}},"268":{"start":{"line":832,"column":0},"end":{"line":832,"column":38}}},"fnMap":{"0":{"name":"(anonymous_7)","decl":{"start":{"line":32,"column":70},"end":{"line":32,"column":71}},"loc":{"start":{"line":39,"column":5},"end":{"line":830,"column":1}}},"1":{"name":"(anonymous_8)","decl":{"start":{"line":64,"column":12},"end":{"line":64,"column":15}},"loc":{"start":{"line":64,"column":17},"end":{"line":72,"column":3}}},"2":{"name":"(anonymous_9)","decl":{"start":{"line":66,"column":18},"end":{"line":66,"column":22}},"loc":{"start":{"line":66,"column":26},"end":{"line":69,"column":null}}},"3":{"name":"(anonymous_10)","decl":{"start":{"line":79,"column":12},"end":{"line":79,"column":15}},"loc":{"start":{"line":79,"column":17},"end":{"line":90,"column":3}}},"4":{"name":"(anonymous_11)","decl":{"start":{"line":85,"column":14},"end":{"line":85,"column":17}},"loc":{"start":{"line":85,"column":19},"end":{"line":88,"column":7}}},"5":{"name":"(anonymous_12)","decl":{"start":{"line":96,"column":43},"end":{"line":96,"column":44}},"loc":{"start":{"line":96,"column":84},"end":{"line":106,"column":3}}},"6":{"name":"(anonymous_13)","decl":{"start":{"line":103,"column":42},"end":{"line":103,"column":45}},"loc":{"start":{"line":103,"column":47},"end":{"line":105,"column":5}}},"7":{"name":"(anonymous_14)","decl":{"start":{"line":109,"column":12},"end":{"line":109,"column":15}},"loc":{"start":{"line":109,"column":17},"end":{"line":116,"column":3}}},"8":{"name":"(anonymous_15)","decl":{"start":{"line":111,"column":11},"end":{"line":111,"column":14}},"loc":{"start":{"line":111,"column":16},"end":{"line":115,"column":5}}},"9":{"name":"(anonymous_16)","decl":{"start":{"line":119,"column":12},"end":{"line":119,"column":15}},"loc":{"start":{"line":119,"column":17},"end":{"line":134,"column":3}}},"10":{"name":"(anonymous_17)","decl":{"start":{"line":128,"column":20},"end":{"line":128,"column":24}},"loc":{"start":{"line":128,"column":28},"end":{"line":128,"column":62}}},"11":{"name":"(anonymous_18)","decl":{"start":{"line":139,"column":24},"end":{"line":139,"column":33}},"loc":{"start":{"line":139,"column":35},"end":{"line":158,"column":4}}},"12":{"name":"(anonymous_19)","decl":{"start":{"line":139,"column":35},"end":{"line":139,"column":null}},"loc":{"start":{"line":139,"column":35},"end":{"line":158,"column":3}}},"13":{"name":"(anonymous_20)","decl":{"start":{"line":163,"column":20},"end":{"line":163,"column":29}},"loc":{"start":{"line":163,"column":31},"end":{"line":182,"column":4}}},"14":{"name":"(anonymous_21)","decl":{"start":{"line":163,"column":31},"end":{"line":163,"column":null}},"loc":{"start":{"line":163,"column":31},"end":{"line":182,"column":3}}},"15":{"name":"(anonymous_22)","decl":{"start":{"line":188,"column":22},"end":{"line":188,"column":29}},"loc":{"start":{"line":188,"column":69},"end":{"line":271,"column":4}}},"16":{"name":"(anonymous_23)","decl":{"start":{"line":188,"column":69},"end":{"line":188,"column":null}},"loc":{"start":{"line":188,"column":69},"end":{"line":271,"column":3}}},"17":{"name":"(anonymous_24)","decl":{"start":{"line":229,"column":55},"end":{"line":229,"column":61}},"loc":{"start":{"line":229,"column":65},"end":{"line":231,"column":null}}},"18":{"name":"(anonymous_25)","decl":{"start":{"line":237,"column":18},"end":{"line":237,"column":22}},"loc":{"start":{"line":237,"column":26},"end":{"line":237,"column":60}}},"19":{"name":"(anonymous_26)","decl":{"start":{"line":241,"column":18},"end":{"line":241,"column":22}},"loc":{"start":{"line":241,"column":25},"end":{"line":245,"column":9}}},"20":{"name":"(anonymous_27)","decl":{"start":{"line":277,"column":32},"end":{"line":277,"column":33}},"loc":{"start":{"line":277,"column":57},"end":{"line":309,"column":3}}},"21":{"name":"(anonymous_28)","decl":{"start":{"line":315,"column":34},"end":{"line":315,"column":35}},"loc":{"start":{"line":315,"column":60},"end":{"line":329,"column":3}}},"22":{"name":"(anonymous_29)","decl":{"start":{"line":316,"column":26},"end":{"line":316,"column":27}},"loc":{"start":{"line":316,"column":42},"end":{"line":319,"column":5}}},"23":{"name":"(anonymous_30)","decl":{"start":{"line":319,"column":11},"end":{"line":319,"column":12}},"loc":{"start":{"line":319,"column":28},"end":{"line":327,"column":null}}},"24":{"name":"(anonymous_31)","decl":{"start":{"line":335,"column":22},"end":{"line":335,"column":23}},"loc":{"start":{"line":335,"column":46},"end":{"line":343,"column":3}}},"25":{"name":"(anonymous_32)","decl":{"start":{"line":349,"column":26},"end":{"line":349,"column":27}},"loc":{"start":{"line":349,"column":50},"end":{"line":357,"column":3}}},"26":{"name":"(anonymous_33)","decl":{"start":{"line":363,"column":22},"end":{"line":363,"column":23}},"loc":{"start":{"line":363,"column":48},"end":{"line":371,"column":3}}},"27":{"name":"(anonymous_34)","decl":{"start":{"line":364,"column":29},"end":{"line":364,"column":30}},"loc":{"start":{"line":364,"column":38},"end":{"line":370,"column":5}}},"28":{"name":"(anonymous_35)","decl":{"start":{"line":376,"column":28},"end":{"line":376,"column":29}},"loc":{"start":{"line":376,"column":66},"end":{"line":389,"column":3}}},"29":{"name":"(anonymous_36)","decl":{"start":{"line":377,"column":16},"end":{"line":377,"column":20}},"loc":{"start":{"line":377,"column":24},"end":{"line":377,"column":53}}},"30":{"name":"(anonymous_37)","decl":{"start":{"line":380,"column":16},"end":{"line":380,"column":20}},"loc":{"start":{"line":380,"column":23},"end":{"line":384,"column":7}}},"31":{"name":"(anonymous_38)","decl":{"start":{"line":395,"column":22},"end":{"line":395,"column":31}},"loc":{"start":{"line":395,"column":33},"end":{"line":400,"column":3}}},"32":{"name":"(anonymous_39)","decl":{"start":{"line":403,"column":27},"end":{"line":403,"column":28}},"loc":{"start":{"line":403,"column":61},"end":{"line":415,"column":3}}},"33":{"name":"(anonymous_40)","decl":{"start":{"line":420,"column":31},"end":{"line":420,"column":32}},"loc":{"start":{"line":420,"column":111},"end":{"line":444,"column":3}}},"34":{"name":"(anonymous_41)","decl":{"start":{"line":449,"column":23},"end":{"line":449,"column":26}},"loc":{"start":{"line":449,"column":28},"end":{"line":505,"column":3}}},"35":{"name":"(anonymous_42)","decl":{"start":{"line":510,"column":23},"end":{"line":510,"column":32}},"loc":{"start":{"line":510,"column":34},"end":{"line":549,"column":4}}},"36":{"name":"(anonymous_43)","decl":{"start":{"line":510,"column":34},"end":{"line":510,"column":null}},"loc":{"start":{"line":510,"column":34},"end":{"line":549,"column":3}}},"37":{"name":"(anonymous_44)","decl":{"start":{"line":554,"column":20},"end":{"line":554,"column":23}},"loc":{"start":{"line":554,"column":25},"end":{"line":566,"column":3}}},"38":{"name":"(anonymous_45)","decl":{"start":{"line":571,"column":22},"end":{"line":571,"column":25}},"loc":{"start":{"line":571,"column":27},"end":{"line":574,"column":3}}},"39":{"name":"(anonymous_46)","decl":{"start":{"line":624,"column":22},"end":{"line":624,"column":25}},"loc":{"start":{"line":624,"column":28},"end":{"line":624,"column":41}}},"40":{"name":"(anonymous_47)","decl":{"start":{"line":647,"column":24},"end":{"line":647,"column":25}},"loc":{"start":{"line":647,"column":34},"end":{"line":651,"column":15}}},"41":{"name":"(anonymous_48)","decl":{"start":{"line":653,"column":33},"end":{"line":653,"column":36}},"loc":{"start":{"line":653,"column":38},"end":{"line":656,"column":15}}},"42":{"name":"(anonymous_49)","decl":{"start":{"line":658,"column":29},"end":{"line":658,"column":37}},"loc":{"start":{"line":659,"column":16},"end":{"line":660,"column":null}}},"43":{"name":"(anonymous_50)","decl":{"start":{"line":675,"column":24},"end":{"line":675,"column":25}},"loc":{"start":{"line":675,"column":34},"end":{"line":679,"column":15}}},"44":{"name":"(anonymous_51)","decl":{"start":{"line":681,"column":33},"end":{"line":681,"column":36}},"loc":{"start":{"line":681,"column":38},"end":{"line":684,"column":15}}},"45":{"name":"(anonymous_52)","decl":{"start":{"line":686,"column":25},"end":{"line":686,"column":29}},"loc":{"start":{"line":687,"column":16},"end":{"line":688,"column":null}}},"46":{"name":"(anonymous_53)","decl":{"start":{"line":703,"column":24},"end":{"line":703,"column":25}},"loc":{"start":{"line":703,"column":34},"end":{"line":707,"column":15}}},"47":{"name":"(anonymous_54)","decl":{"start":{"line":710,"column":33},"end":{"line":710,"column":36}},"loc":{"start":{"line":710,"column":38},"end":{"line":713,"column":15}}},"48":{"name":"(anonymous_55)","decl":{"start":{"line":720,"column":28},"end":{"line":720,"column":34}},"loc":{"start":{"line":720,"column":37},"end":{"line":727,"column":18}}},"49":{"name":"(anonymous_56)","decl":{"start":{"line":737,"column":25},"end":{"line":737,"column":28}},"loc":{"start":{"line":737,"column":31},"end":{"line":737,"column":80}}},"50":{"name":"(anonymous_57)","decl":{"start":{"line":753,"column":24},"end":{"line":753,"column":25}},"loc":{"start":{"line":753,"column":35},"end":{"line":753,"column":75}}},"51":{"name":"(anonymous_58)","decl":{"start":{"line":754,"column":28},"end":{"line":754,"column":29}},"loc":{"start":{"line":754,"column":37},"end":{"line":760,"column":15}}},"52":{"name":"(anonymous_59)","decl":{"start":{"line":761,"column":28},"end":{"line":761,"column":29}},"loc":{"start":{"line":761,"column":44},"end":{"line":766,"column":15}}},"53":{"name":"(anonymous_60)","decl":{"start":{"line":777,"column":24},"end":{"line":777,"column":25}},"loc":{"start":{"line":777,"column":35},"end":{"line":777,"column":73}}},"54":{"name":"(anonymous_61)","decl":{"start":{"line":778,"column":28},"end":{"line":778,"column":29}},"loc":{"start":{"line":778,"column":37},"end":{"line":785,"column":15}}},"55":{"name":"(anonymous_62)","decl":{"start":{"line":786,"column":28},"end":{"line":786,"column":29}},"loc":{"start":{"line":786,"column":44},"end":{"line":791,"column":15}}},"56":{"name":"(anonymous_63)","decl":{"start":{"line":801,"column":24},"end":{"line":801,"column":25}},"loc":{"start":{"line":801,"column":35},"end":{"line":801,"column":71}}},"57":{"name":"(anonymous_64)","decl":{"start":{"line":810,"column":24},"end":{"line":810,"column":25}},"loc":{"start":{"line":810,"column":35},"end":{"line":810,"column":74}}},"58":{"name":"(anonymous_65)","decl":{"start":{"line":821,"column":24},"end":{"line":821,"column":25}},"loc":{"start":{"line":821,"column":35},"end":{"line":821,"column":null}}}},"branchMap":{"0":{"loc":{"start":{"line":56,"column":15},"end":{"line":56,"column":41}},"type":"binary-expr","locations":[{"start":{"line":56,"column":15},"end":{"line":56,"column":35}},{"start":{"line":56,"column":39},"end":{"line":56,"column":41}}]},"1":{"loc":{"start":{"line":57,"column":13},"end":{"line":57,"column":37}},"type":"binary-expr","locations":[{"start":{"line":57,"column":13},"end":{"line":57,"column":31}},{"start":{"line":57,"column":35},"end":{"line":57,"column":37}}]},"2":{"loc":{"start":{"line":65,"column":4},"end":{"line":71,"column":5}},"type":"if","locations":[{"start":{"line":65,"column":4},"end":{"line":71,"column":5}}]},"3":{"loc":{"start":{"line":65,"column":8},"end":{"line":65,"column":50}},"type":"binary-expr","locations":[{"start":{"line":65,"column":8},"end":{"line":65,"column":28}},{"start":{"line":65,"column":32},"end":{"line":65,"column":50}}]},"4":{"loc":{"start":{"line":68,"column":19},"end":{"line":68,"column":57}},"type":"binary-expr","locations":[{"start":{"line":68,"column":19},"end":{"line":68,"column":39}},{"start":{"line":68,"column":43},"end":{"line":68,"column":57}}]},"5":{"loc":{"start":{"line":69,"column":17},"end":{"line":69,"column":51}},"type":"binary-expr","locations":[{"start":{"line":69,"column":17},"end":{"line":69,"column":35}},{"start":{"line":69,"column":39},"end":{"line":69,"column":51}}]},"6":{"loc":{"start":{"line":80,"column":4},"end":{"line":89,"column":5}},"type":"if","locations":[{"start":{"line":80,"column":4},"end":{"line":89,"column":5}}]},"7":{"loc":{"start":{"line":98,"column":4},"end":{"line":100,"column":5}},"type":"if","locations":[{"start":{"line":98,"column":4},"end":{"line":100,"column":5}}]},"8":{"loc":{"start":{"line":112,"column":6},"end":{"line":114,"column":7}},"type":"if","locations":[{"start":{"line":112,"column":6},"end":{"line":114,"column":7}}]},"9":{"loc":{"start":{"line":124,"column":4},"end":{"line":133,"column":5}},"type":"if","locations":[{"start":{"line":124,"column":4},"end":{"line":133,"column":5}}]},"10":{"loc":{"start":{"line":126,"column":6},"end":{"line":132,"column":7}},"type":"if","locations":[{"start":{"line":126,"column":6},"end":{"line":132,"column":7}},{"start":{"line":129,"column":13},"end":{"line":132,"column":7}}]},"11":{"loc":{"start":{"line":126,"column":10},"end":{"line":126,"column":32}},"type":"binary-expr","locations":[{"start":{"line":126,"column":10},"end":{"line":126,"column":21}},{"start":{"line":126,"column":25},"end":{"line":126,"column":32}}]},"12":{"loc":{"start":{"line":145,"column":6},"end":{"line":151,"column":7}},"type":"if","locations":[{"start":{"line":145,"column":6},"end":{"line":151,"column":7}}]},"13":{"loc":{"start":{"line":145,"column":10},"end":{"line":145,"column":24}},"type":"cond-expr","locations":[{"start":{"line":145,"column":18},"end":{"line":145,"column":20}},{"start":{"line":145,"column":10},"end":{"line":145,"column":24}}]},"14":{"loc":{"start":{"line":145,"column":10},"end":{"line":145,"column":20}},"type":"binary-expr","locations":[{"start":{"line":145,"column":10},"end":{"line":145,"column":20}},{"start":{"line":145,"column":10},"end":{"line":145,"column":20}}]},"15":{"loc":{"start":{"line":146,"column":8},"end":{"line":150,"column":9}},"type":"if","locations":[{"start":{"line":146,"column":8},"end":{"line":150,"column":9}},{"start":{"line":148,"column":15},"end":{"line":150,"column":9}}]},"16":{"loc":{"start":{"line":148,"column":15},"end":{"line":150,"column":9}},"type":"if","locations":[{"start":{"line":148,"column":15},"end":{"line":150,"column":9}}]},"17":{"loc":{"start":{"line":148,"column":19},"end":{"line":148,"column":89}},"type":"binary-expr","locations":[{"start":{"line":148,"column":19},"end":{"line":148,"column":52}},{"start":{"line":148,"column":56},"end":{"line":148,"column":89}}]},"18":{"loc":{"start":{"line":169,"column":6},"end":{"line":175,"column":7}},"type":"if","locations":[{"start":{"line":169,"column":6},"end":{"line":175,"column":7}}]},"19":{"loc":{"start":{"line":169,"column":10},"end":{"line":169,"column":24}},"type":"cond-expr","locations":[{"start":{"line":169,"column":18},"end":{"line":169,"column":20}},{"start":{"line":169,"column":10},"end":{"line":169,"column":24}}]},"20":{"loc":{"start":{"line":169,"column":10},"end":{"line":169,"column":20}},"type":"binary-expr","locations":[{"start":{"line":169,"column":10},"end":{"line":169,"column":20}},{"start":{"line":169,"column":10},"end":{"line":169,"column":20}}]},"21":{"loc":{"start":{"line":170,"column":8},"end":{"line":174,"column":9}},"type":"if","locations":[{"start":{"line":170,"column":8},"end":{"line":174,"column":9}},{"start":{"line":172,"column":15},"end":{"line":174,"column":9}}]},"22":{"loc":{"start":{"line":172,"column":15},"end":{"line":174,"column":9}},"type":"if","locations":[{"start":{"line":172,"column":15},"end":{"line":174,"column":9}}]},"23":{"loc":{"start":{"line":172,"column":19},"end":{"line":172,"column":89}},"type":"binary-expr","locations":[{"start":{"line":172,"column":19},"end":{"line":172,"column":52}},{"start":{"line":172,"column":56},"end":{"line":172,"column":89}}]},"24":{"loc":{"start":{"line":199,"column":6},"end":{"line":201,"column":7}},"type":"if","locations":[{"start":{"line":199,"column":6},"end":{"line":201,"column":7}}]},"25":{"loc":{"start":{"line":199,"column":10},"end":{"line":199,"column":108}},"type":"binary-expr","locations":[{"start":{"line":199,"column":10},"end":{"line":199,"column":34}},{"start":{"line":199,"column":38},"end":{"line":199,"column":68}},{"start":{"line":199,"column":72},"end":{"line":199,"column":86}},{"start":{"line":199,"column":90},"end":{"line":199,"column":108}}]},"26":{"loc":{"start":{"line":203,"column":6},"end":{"line":205,"column":7}},"type":"if","locations":[{"start":{"line":203,"column":6},"end":{"line":205,"column":7}}]},"27":{"loc":{"start":{"line":203,"column":10},"end":{"line":203,"column":92}},"type":"binary-expr","locations":[{"start":{"line":203,"column":10},"end":{"line":203,"column":30}},{"start":{"line":203,"column":34},"end":{"line":203,"column":60}},{"start":{"line":203,"column":64},"end":{"line":203,"column":74}},{"start":{"line":203,"column":78},"end":{"line":203,"column":92}}]},"28":{"loc":{"start":{"line":215,"column":6},"end":{"line":220,"column":7}},"type":"if","locations":[{"start":{"line":215,"column":6},"end":{"line":220,"column":7}}]},"29":{"loc":{"start":{"line":215,"column":10},"end":{"line":215,"column":65}},"type":"binary-expr","locations":[{"start":{"line":215,"column":10},"end":{"line":215,"column":37}},{"start":{"line":215,"column":41},"end":{"line":215,"column":65}}]},"30":{"loc":{"start":{"line":231,"column":40},"end":{"line":231,"column":64}},"type":"binary-expr","locations":[{"start":{"line":231,"column":40},"end":{"line":231,"column":55}},{"start":{"line":231,"column":59},"end":{"line":231,"column":64}}]},"31":{"loc":{"start":{"line":231,"column":71},"end":{"line":231,"column":100}},"type":"binary-expr","locations":[{"start":{"line":231,"column":71},"end":{"line":231,"column":90}},{"start":{"line":231,"column":94},"end":{"line":231,"column":100}}]},"32":{"loc":{"start":{"line":240,"column":6},"end":{"line":246,"column":7}},"type":"if","locations":[{"start":{"line":240,"column":6},"end":{"line":246,"column":7}}]},"33":{"loc":{"start":{"line":254,"column":6},"end":{"line":261,"column":7}},"type":"if","locations":[{"start":{"line":254,"column":6},"end":{"line":261,"column":7}}]},"34":{"loc":{"start":{"line":256,"column":8},"end":{"line":260,"column":9}},"type":"if","locations":[{"start":{"line":256,"column":8},"end":{"line":260,"column":9}},{"start":{"line":258,"column":15},"end":{"line":260,"column":9}}]},"35":{"loc":{"start":{"line":258,"column":15},"end":{"line":260,"column":9}},"type":"if","locations":[{"start":{"line":258,"column":15},"end":{"line":260,"column":9}}]},"36":{"loc":{"start":{"line":279,"column":4},"end":{"line":282,"column":5}},"type":"if","locations":[{"start":{"line":279,"column":4},"end":{"line":282,"column":5}}]},"37":{"loc":{"start":{"line":279,"column":8},"end":{"line":279,"column":35}},"type":"binary-expr","locations":[{"start":{"line":279,"column":8},"end":{"line":279,"column":17}},{"start":{"line":279,"column":21},"end":{"line":279,"column":35}}]},"38":{"loc":{"start":{"line":287,"column":6},"end":{"line":302,"column":7}},"type":"if","locations":[{"start":{"line":287,"column":6},"end":{"line":302,"column":7}},{"start":{"line":300,"column":11},"end":{"line":302,"column":7}}]},"39":{"loc":{"start":{"line":289,"column":8},"end":{"line":297,"column":9}},"type":"if","locations":[{"start":{"line":289,"column":8},"end":{"line":297,"column":9}},{"start":{"line":295,"column":13},"end":{"line":297,"column":9}}]},"40":{"loc":{"start":{"line":289,"column":12},"end":{"line":289,"column":63}},"type":"binary-expr","locations":[{"start":{"line":289,"column":12},"end":{"line":289,"column":38}},{"start":{"line":289,"column":42},"end":{"line":289,"column":63}}]},"41":{"loc":{"start":{"line":290,"column":10},"end":{"line":292,"column":11}},"type":"if","locations":[{"start":{"line":290,"column":10},"end":{"line":292,"column":11}}]},"42":{"loc":{"start":{"line":295,"column":13},"end":{"line":297,"column":9}},"type":"if","locations":[{"start":{"line":295,"column":13},"end":{"line":297,"column":9}}]},"43":{"loc":{"start":{"line":300,"column":11},"end":{"line":302,"column":7}},"type":"if","locations":[{"start":{"line":300,"column":11},"end":{"line":302,"column":7}}]},"44":{"loc":{"start":{"line":318,"column":13},"end":{"line":318,"column":72}},"type":"binary-expr","locations":[{"start":{"line":318,"column":13},"end":{"line":318,"column":19}},{"start":{"line":318,"column":23},"end":{"line":318,"column":49}},{"start":{"line":318,"column":53},"end":{"line":318,"column":72}}]},"45":{"loc":{"start":{"line":325,"column":17},"end":{"line":325,"column":88}},"type":"binary-expr","locations":[{"start":{"line":325,"column":17},"end":{"line":325,"column":26}},{"start":{"line":325,"column":30},"end":{"line":325,"column":45}},{"start":{"line":325,"column":49},"end":{"line":325,"column":88}}]},"46":{"loc":{"start":{"line":327,"column":12},"end":{"line":327,"column":50}},"type":"binary-expr","locations":[{"start":{"line":327,"column":12},"end":{"line":327,"column":23}},{"start":{"line":327,"column":27},"end":{"line":327,"column":50}}]},"47":{"loc":{"start":{"line":327,"column":33},"end":{"line":327,"column":48}},"type":"binary-expr","locations":[{"start":{"line":327,"column":33},"end":{"line":327,"column":42}},{"start":{"line":327,"column":46},"end":{"line":327,"column":48}}]},"48":{"loc":{"start":{"line":336,"column":4},"end":{"line":336,"column":27}},"type":"if","locations":[{"start":{"line":336,"column":4},"end":{"line":336,"column":27}}]},"49":{"loc":{"start":{"line":338,"column":4},"end":{"line":340,"column":5}},"type":"if","locations":[{"start":{"line":338,"column":4},"end":{"line":340,"column":5}}]},"50":{"loc":{"start":{"line":338,"column":8},"end":{"line":338,"column":54}},"type":"binary-expr","locations":[{"start":{"line":338,"column":8},"end":{"line":338,"column":19}},{"start":{"line":338,"column":23},"end":{"line":338,"column":54}}]},"51":{"loc":{"start":{"line":339,"column":13},"end":{"line":339,"column":59}},"type":"binary-expr","locations":[{"start":{"line":339,"column":13},"end":{"line":339,"column":29}},{"start":{"line":339,"column":33},"end":{"line":339,"column":53}},{"start":{"line":339,"column":57},"end":{"line":339,"column":59}}]},"52":{"loc":{"start":{"line":342,"column":11},"end":{"line":342,"column":47}},"type":"binary-expr","locations":[{"start":{"line":342,"column":11},"end":{"line":342,"column":26}},{"start":{"line":342,"column":30},"end":{"line":342,"column":41}},{"start":{"line":342,"column":45},"end":{"line":342,"column":47}}]},"53":{"loc":{"start":{"line":350,"column":4},"end":{"line":350,"column":27}},"type":"if","locations":[{"start":{"line":350,"column":4},"end":{"line":350,"column":27}}]},"54":{"loc":{"start":{"line":352,"column":4},"end":{"line":354,"column":5}},"type":"if","locations":[{"start":{"line":352,"column":4},"end":{"line":354,"column":5}}]},"55":{"loc":{"start":{"line":352,"column":8},"end":{"line":352,"column":62}},"type":"binary-expr","locations":[{"start":{"line":352,"column":8},"end":{"line":352,"column":23}},{"start":{"line":352,"column":27},"end":{"line":352,"column":62}}]},"56":{"loc":{"start":{"line":353,"column":13},"end":{"line":353,"column":71}},"type":"binary-expr","locations":[{"start":{"line":353,"column":13},"end":{"line":353,"column":33}},{"start":{"line":353,"column":37},"end":{"line":353,"column":65}},{"start":{"line":353,"column":69},"end":{"line":353,"column":71}}]},"57":{"loc":{"start":{"line":356,"column":11},"end":{"line":356,"column":55}},"type":"binary-expr","locations":[{"start":{"line":356,"column":11},"end":{"line":356,"column":30}},{"start":{"line":356,"column":34},"end":{"line":356,"column":49}},{"start":{"line":356,"column":53},"end":{"line":356,"column":55}}]},"58":{"loc":{"start":{"line":366,"column":27},"end":{"line":366,"column":43}},"type":"binary-expr","locations":[{"start":{"line":366,"column":27},"end":{"line":366,"column":37}},{"start":{"line":366,"column":41},"end":{"line":366,"column":43}}]},"59":{"loc":{"start":{"line":366,"column":59},"end":{"line":366,"column":75}},"type":"binary-expr","locations":[{"start":{"line":366,"column":59},"end":{"line":366,"column":69}},{"start":{"line":366,"column":73},"end":{"line":366,"column":75}}]},"60":{"loc":{"start":{"line":367,"column":6},"end":{"line":367,"column":48}},"type":"if","locations":[{"start":{"line":367,"column":6},"end":{"line":367,"column":48}}]},"61":{"loc":{"start":{"line":369,"column":14},"end":{"line":369,"column":26}},"type":"binary-expr","locations":[{"start":{"line":369,"column":14},"end":{"line":369,"column":20}},{"start":{"line":369,"column":24},"end":{"line":369,"column":26}}]},"62":{"loc":{"start":{"line":369,"column":42},"end":{"line":369,"column":54}},"type":"binary-expr","locations":[{"start":{"line":369,"column":42},"end":{"line":369,"column":48}},{"start":{"line":369,"column":52},"end":{"line":369,"column":54}}]},"63":{"loc":{"start":{"line":379,"column":4},"end":{"line":385,"column":5}},"type":"if","locations":[{"start":{"line":379,"column":4},"end":{"line":385,"column":5}}]},"64":{"loc":{"start":{"line":404,"column":4},"end":{"line":414,"column":5}},"type":"if","locations":[{"start":{"line":404,"column":4},"end":{"line":414,"column":5}},{"start":{"line":409,"column":11},"end":{"line":414,"column":5}}]},"65":{"loc":{"start":{"line":424,"column":4},"end":{"line":443,"column":5}},"type":"if","locations":[{"start":{"line":424,"column":4},"end":{"line":443,"column":5}},{"start":{"line":438,"column":11},"end":{"line":443,"column":5}}]},"66":{"loc":{"start":{"line":424,"column":8},"end":{"line":424,"column":62}},"type":"binary-expr","locations":[{"start":{"line":424,"column":8},"end":{"line":424,"column":14}},{"start":{"line":424,"column":19},"end":{"line":424,"column":39}},{"start":{"line":424,"column":43},"end":{"line":424,"column":61}}]},"67":{"loc":{"start":{"line":425,"column":6},"end":{"line":435,"column":7}},"type":"if","locations":[{"start":{"line":425,"column":6},"end":{"line":435,"column":7}},{"start":{"line":428,"column":13},"end":{"line":435,"column":7}}]},"68":{"loc":{"start":{"line":428,"column":13},"end":{"line":435,"column":7}},"type":"if","locations":[{"start":{"line":428,"column":13},"end":{"line":435,"column":7}},{"start":{"line":432,"column":13},"end":{"line":435,"column":7}}]},"69":{"loc":{"start":{"line":430,"column":31},"end":{"line":430,"column":87}},"type":"cond-expr","locations":[{"start":{"line":430,"column":52},"end":{"line":430,"column":80}},{"start":{"line":430,"column":83},"end":{"line":430,"column":87}}]},"70":
[...]
n":15}},"loc":{"start":{"line":185,"column":75},"end":{"line":187,"column":3}}},"11":{"name":"(anonymous_12)","decl":{"start":{"line":190,"column":14},"end":{"line":190,"column":15}},"loc":{"start":{"line":190,"column":56},"end":{"line":192,"column":3}}},"12":{"name":"(anonymous_13)","decl":{"start":{"line":195,"column":14},"end":{"line":195,"column":15}},"loc":{"start":{"line":195,"column":29},"end":{"line":197,"column":3}}},"13":{"name":"(anonymous_14)","decl":{"start":{"line":203,"column":16},"end":{"line":203,"column":19}},"loc":{"start":{"line":203,"column":21},"end":{"line":205,"column":3}}},"14":{"name":"(anonymous_15)","decl":{"start":{"line":206,"column":18},"end":{"line":206,"column":19}},"loc":{"start":{"line":206,"column":85},"end":{"line":208,"column":3}}},"15":{"name":"(anonymous_16)","decl":{"start":{"line":209,"column":18},"end":{"line":209,"column":19}},"loc":{"start":{"line":209,"column":66},"end":{"line":211,"column":3}}},"16":{"name":"(anonymous_17)","decl":{"start":{"line":214,"column":18},"end":{"line":214,"column":19}},"loc":{"start":{"line":214,"column":33},"end":{"line":216,"column":3}}},"17":{"name":"(anonymous_18)","decl":{"start":{"line":222,"column":19},"end":{"line":222,"column":20}},"loc":{"start":{"line":222,"column":97},"end":{"line":241,"column":3}}},"18":{"name":"(anonymous_19)","decl":{"start":{"line":244,"column":21},"end":{"line":244,"column":22}},"loc":{"start":{"line":244,"column":58},"end":{"line":257,"column":3}}},"19":{"name":"(anonymous_20)","decl":{"start":{"line":260,"column":21},"end":{"line":260,"column":22}},"loc":{"start":{"line":260,"column":36},"end":{"line":262,"column":3}}},"20":{"name":"(anonymous_21)","decl":{"start":{"line":265,"column":27},"end":{"line":265,"column":28}},"loc":{"start":{"line":265,"column":86},"end":{"line":281,"column":3}}}},"branchMap":{"0":{"loc":{"start":{"line":36,"column":11},"end":{"line":36,"column":31}},"type":"cond-expr","locations":[{"start":{"line":36,"column":26},"end":{"line":36,"column":28}},{"start":{"line":36,"column":26},"end":{"line":36,"column":31}}]},"1":{"loc":{"start":{"line":36,"column":11},"end":{"line":36,"column":28}},"type":"binary-expr","locations":[{"start":{"line":36,"column":11},"end":{"line":36,"column":28}},{"start":{"line":36,"column":26},"end":{"line":36,"column":28}}]},"2":{"loc":{"start":{"line":41,"column":4},"end":{"line":53,"column":5}},"type":"if","locations":[{"start":{"line":41,"column":4},"end":{"line":53,"column":5}}]},"3":{"loc":{"start":{"line":41,"column":8},"end":{"line":41,"column":58}},"type":"binary-expr","locations":[{"start":{"line":41,"column":8},"end":{"line":41,"column":21}},{"start":{"line":41,"column":25},"end":{"line":41,"column":58}}]},"4":{"loc":{"start":{"line":43,"column":6},"end":{"line":52,"column":7}},"type":"if","locations":[{"start":{"line":43,"column":6},"end":{"line":52,"column":7}}]},"5":{"loc":{"start":{"line":62,"column":6},"end":{"line":71,"column":7}},"type":"if","locations":[{"start":{"line":62,"column":6},"end":{"line":71,"column":7}},{"start":{"line":69,"column":13},"end":{"line":71,"column":7}}]},"6":{"loc":{"start":{"line":62,"column":10},"end":{"line":62,"column":69}},"type":"binary-expr","locations":[{"start":{"line":62,"column":10},"end":{"line":62,"column":28}},{"start":{"line":62,"column":32},"end":{"line":62,"column":69}}]},"7":{"loc":{"start":{"line":62,"column":10},"end":{"line":62,"column":28}},"type":"cond-expr","locations":[{"start":{"line":62,"column":22},"end":{"line":62,"column":24}},{"start":{"line":62,"column":22},"end":{"line":62,"column":28}}]},"8":{"loc":{"start":{"line":62,"column":10},"end":{"line":62,"column":24}},"type":"binary-expr","locations":[{"start":{"line":62,"column":10},"end":{"line":62,"column":24}},{"start":{"line":62,"column":22},"end":{"line":62,"column":24}}]},"9":{"loc":{"start":{"line":70,"column":22},"end":{"line":70,"column":40}},"type":"cond-expr","locations":[{"start":{"line":70,"column":34},"end":{"line":70,"column":36}},{"start":{"line":70,"column":34},"end":{"line":70,"column":40}}]},"10":{"loc":{"start":{"line":70,"column":22},"end":{"line":70,"column":36}},"type":"binary-expr","locations":[{"start":{"line":70,"column":22},"end":{"line":70,"column":36}},{"start":{"line":70,"column":34},"end":{"line":70,"column":36}}]},"11":{"loc":{"start":{"line":77,"column":11},"end":{"line":77,"column":28}},"type":"cond-expr","locations":[{"start":{"line":77,"column":23},"end":{"line":77,"column":25}},{"start":{"line":77,"column":23},"end":{"line":77,"column":28}}]},"12":{"loc":{"start":{"line":77,"column":11},"end":{"line":77,"column":25}},"type":"binary-expr","locations":[{"start":{"line":77,"column":11},"end":{"line":77,"column":25}},{"start":{"line":77,"column":23},"end":{"line":77,"column":25}}]},"13":{"loc":{"start":{"line":78,"column":14},"end":{"line":78,"column":34}},"type":"cond-expr","locations":[{"start":{"line":78,"column":26},"end":{"line":78,"column":28}},{"start":{"line":78,"column":26},"end":{"line":78,"column":34}}]},"14":{"loc":{"start":{"line":78,"column":14},"end":{"line":78,"column":28}},"type":"binary-expr","locations":[{"start":{"line":78,"column":14},"end":{"line":78,"column":28}},{"start":{"line":78,"column":26},"end":{"line":78,"column":28}}]},"15":{"loc":{"start":{"line":79,"column":14},"end":{"line":79,"column":36}},"type":"cond-expr","locations":[{"start":{"line":79,"column":28},"end":{"line":79,"column":30}},{"start":{"line":79,"column":28},"end":{"line":79,"column":36}}]},"16":{"loc":{"start":{"line":79,"column":14},"end":{"line":79,"column":30}},"type":"binary-expr","locations":[{"start":{"line":79,"column":14},"end":{"line":79,"column":30}},{"start":{"line":79,"column":28},"end":{"line":79,"column":30}}]},"17":{"loc":{"start":{"line":80,"column":18},"end":{"line":80,"column":44}},"type":"cond-expr","locations":[{"start":{"line":80,"column":32},"end":{"line":80,"column":34}},{"start":{"line":80,"column":32},"end":{"line":80,"column":44}}]},"18":{"loc":{"start":{"line":80,"column":18},"end":{"line":80,"column":34}},"type":"binary-expr","locations":[{"start":{"line":80,"column":18},"end":{"line":80,"column":34}},{"start":{"line":80,"column":32},"end":{"line":80,"column":34}}]},"19":{"loc":{"start":{"line":82,"column":20},"end":{"line":82,"column":40}},"type":"cond-expr","locations":[{"start":{"line":82,"column":34},"end":{"line":82,"column":36}},{"start":{"line":82,"column":34},"end":{"line":82,"column":40}}]},"20":{"loc":{"start":{"line":82,"column":20},"end":{"line":82,"column":36}},"type":"binary-expr","locations":[{"start":{"line":82,"column":20},"end":{"line":82,"column":36}},{"start":{"line":82,"column":34},"end":{"line":82,"column":36}}]},"21":{"loc":{"start":{"line":90,"column":4},"end":{"line":119,"column":5}},"type":"if","locations":[{"start":{"line":90,"column":4},"end":{"line":119,"column":5}},{"start":{"line":113,"column":11},"end":{"line":119,"column":5}}]},"22":{"loc":{"start":{"line":95,"column":33},"end":{"line":95,"column":107}},"type":"binary-expr","locations":[{"start":{"line":95,"column":33},"end":{"line":95,"column":55}},{"start":{"line":95,"column":59},"end":{"line":95,"column":79}},{"start":{"line":95,"column":83},"end":{"line":95,"column":101}},{"start":{"line":95,"column":105},"end":{"line":95,"column":107}}]},"23":{"loc":{"start":{"line":95,"column":33},"end":{"line":95,"column":55}},"type":"cond-expr","locations":[{"start":{"line":95,"column":46},"end":{"line":95,"column":48}},{"start":{"line":95,"column":33},"end":{"line":95,"column":55}}]},"24":{"loc":{"start":{"line":95,"column":33},"end":{"line":95,"column":48}},"type":"binary-expr","locations":[{"start":{"line":95,"column":33},"end":{"line":95,"column":48}},{"start":{"line":95,"column":33},"end":{"line":95,"column":48}}]},"25":{"loc":{"start":{"line":95,"column":59},"end":{"line":95,"column":79}},"type":"cond-expr","locations":[{"start":{"line":95,"column":72},"end":{"line":95,"column":74}},{"start":{"line":95,"column":59},"end":{"line":95,"column":79}}]},"26":{"loc":{"start":{"line":95,"column":59},"end":{"line":95,"column":74}},"type":"binary-expr","locations":[{"start":{"line":95,"column":59},"end":{"line":95,"column":74}},{"start":{"line":95,"column":59},"end":{"line":95,"column":74}}]},"27":{"loc":{"start":{"line":95,"column":83},"end":{"line":95,"column":101}},"type":"cond-expr","locations":[{"start":{"line":95,"column":96},"end":{"line":95,"column":98}},{"start":{"line":95,"column":83},"end":{"line":95,"column":101}}]},"28":{"loc":{"start":{"line":95,"column":83},"end":{"line":95,"column":98}},"type":"binary-expr","locations":[{"start":{"line":95,"column":83},"end":{"line":95,"column":98}},{"start":{"line":95,"column":83},"end":{"line":95,"column":98}}]},"29":{"loc":{"start":{"line":97,"column":6},"end":{"line":112,"column":7}},"type":"switch","locations":[{"start":{"line":98,"column":8},"end":{"line":100,"column":16}},{"start":{"line":101,"column":8},"end":{"line":103,"column":16}},{"start":{"line":104,"column":8},"end":{"line":106,"column":16}},{"start":{"line":107,"column":8},"end":{"line":109,"column":16}},{"start":{"line":110,"column":8},"end":{"line":111,"column":69}}]},"30":{"loc":{"start":{"line":105,"column":25},"end":{"line":105,"column":56}},"type":"binary-expr","locations":[{"start":{"line":105,"column":25},"end":{"line":105,"column":43}},{"start":{"line":105,"column":47},"end":{"line":105,"column":56}}]},"31":{"loc":{"start":{"line":108,"column":25},"end":{"line":108,"column":56}},"type":"binary-expr","locations":[{"start":{"line":108,"column":25},"end":{"line":108,"column":43}},{"start":{"line":108,"column":47},"end":{"line":108,"column":56}}]},"32":{"loc":{"start":{"line":111,"column":25},"end":{"line":111,"column":68}},"type":"binary-expr","locations":[{"start":{"line":111,"column":25},"end":{"line":111,"column":43}},{"start":{"line":111,"column":47},"end":{"line":111,"column":68}}]},"33":{"loc":{"start":{"line":113,"column":11},"end":{"line":119,"column":5}},"type":"if","locations":[{"start":{"line":113,"column":11},"end":{"line":119,"column":5}},{"start":{"line":116,"column":11},"end":{"line":119,"column":5}}]},"34":{"loc":{"start":{"line":126,"column":13},"end":{"line":126,"column":30}},"type":"cond-expr","locations":[{"start":{"line":126,"column":25},"end":{"line":126,"column":27}},{"start":{"line":126,"column":25},"end":{"line":126,"column":30}}]},"35":{"loc":{"start":{"line":126,"column":13},"end":{"line":126,"column":27}},"type":"binary-expr","locations":[{"start":{"line":126,"column":13},"end":{"line":126,"column":27}},{"start":{"line":126,"column":25},"end":{"line":126,"column":27}}]},"36":{"loc":{"start":{"line":127,"column":16},"end":{"line":127,"column":36}},"type":"cond-expr","locations":[{"start":{"line":127,"column":28},"end":{"line":127,"column":30}},{"start":{"line":127,"column":28},"end":{"line":127,"column":36}}]},"37":{"loc":{"start":{"line":127,"column":16},"end":{"line":127,"column":30}},"type":"binary-expr","locations":[{"start":{"line":127,"column":16},"end":{"line":127,"column":30}},{"start":{"line":127,"column":28},"end":{"line":127,"column":30}}]},"38":{"loc":{"start":{"line":128,"column":16},"end":{"line":128,"column":38}},"type":"cond-expr","locations":[{"start":{"line":128,"column":30},"end":{"line":128,"column":32}},{"start":{"line":128,"column":30},"end":{"line":128,"column":38}}]},"39":{"loc":{"start":{"line":128,"column":16},"end":{"line":128,"column":32}},"type":"binary-expr","locations":[{"start":{"line":128,"column":16},"end":{"line":128,"column":32}},{"start":{"line":128,"column":30},"end":{"line":128,"column":32}}]},"40":{"loc":{"start":{"line":144,"column":4},"end":{"line":146,"column":5}},"type":"if","locations":[{"start":{"line":144,"column":4},"end":{"line":146,"column":5}}]},"41":{"loc":{"start":{"line":144,"column":8},"end":{"line":144,"column":135}},"type":"binary-expr","locations":[{"start":{"line":144,"column":8},"end":{"line":144,"column":40}},{"start":{"line":144,"column":44},"end":{"line":144,"column":81}},{"start":{"line":144,"column":85},"end":{"line":144,"column":106}},{"start":{"line":144,"column":110},"end":{"line":144,"column":135}}]},"42":{"loc":{"start":{"line":144,"column":8},"end":{"line":144,"column":26}},"type":"cond-expr","locations":[{"start":{"line":144,"column":14},"end":{"line":144,"column":16}},{"start":{"line":144,"column":8},"end":{"line":144,"column":26}}]},"43":{"loc":{"start":{"line":144,"column":8},"end":{"line":144,"column":16}},"type":"binary-expr","locations":[{"start":{"line":144,"column":8},"end":{"line":144,"column":16}},{"start":{"line":144,"column":8},"end":{"line":144,"column":16}}]},"44":{"loc":{"start":{"line":148,"column":4},"end":{"line":150,"column":5}},"type":"if","locations":[{"start":{"line":148,"column":4},"end":{"line":150,"column":5}}]},"45":{"loc":{"start":{"line":148,"column":8},"end":{"line":148,"column":119}},"type":"binary-expr","locations":[{"start":{"line":148,"column":8},"end":{"line":148,"column":36}},{"start":{"line":148,"column":40},"end":{"line":148,"column":73}},{"start":{"line":148,"column":77},"end":{"line":148,"column":94}},{"start":{"line":148,"column":98},"end":{"line":148,"column":119}}]},"46":{"loc":{"start":{"line":148,"column":8},"end":{"line":148,"column":22}},"type":"cond-expr","locations":[{"start":{"line":148,"column":14},"end":{"line":148,"column":16}},{"start":{"line":148,"column":8},"end":{"line":148,"column":22}}]},"47":{"loc":{"start":{"line":148,"column":8},"end":{"line":148,"column":16}},"type":"binary-expr","locations":[{"start":{"line":148,"column":8},"end":{"line":148,"column":16}},{"start":{"line":148,"column":8},"end":{"line":148,"column":16}}]},"48":{"loc":{"start":{"line":227,"column":4},"end":{"line":229,"column":5}},"type":"if","locations":[{"start":{"line":227,"column":4},"end":{"line":229,"column":5}}]},"49":{"loc":{"start":{"line":227,"column":8},"end":{"line":227,"column":127}},"type":"binary-expr","locations":[{"start":{"line":227,"column":8},"end":{"line":227,"column":38}},{"start":{"line":227,"column":42},"end":{"line":227,"column":77}},{"start":{"line":227,"column":81},"end":{"line":227,"column":100}},{"start":{"line":227,"column":104},"end":{"line":227,"column":127}}]},"50":{"loc":{"start":{"line":227,"column":8},"end":{"line":227,"column":24}},"type":"cond-expr","locations":[{"start":{"line":227,"column":14},"end":{"line":227,"column":16}},{"start":{"line":227,"column":8},"end":{"line":227,"column":24}}]},"51":{"loc":{"start":{"line":227,"column":8},"end":{"line":227,"column":16}},"type":"binary-expr","locations":[{"start":{"line":227,"column":8},"end":{"line":227,"column":16}},{"start":{"line":227,"column":8},"end":{"line":227,"column":16}}]},"52":{"loc":{"start":{"line":231,"column":4},"end":{"line":233,"column":5}},"type":"if","locations":[{"start":{"line":231,"column":4},"end":{"line":233,"column":5}}]},"53":{"loc":{"start":{"line":231,"column":8},"end":{"line":231,"column":20}},"type":"cond-expr","locations":[{"start":{"line":231,"column":14},"end":{"line":231,"column":16}},{"start":{"line":231,"column":8},"end":{"line":231,"column":20}}]},"54":{"loc":{"start":{"line":231,"column":8},"end":{"line":231,"column":16}},"type":"binary-expr","locations":[{"start":{"line":231,"column":8},"end":{"line":231,"column":16}},{"start":{"line":231,"column":8},"end":{"line":231,"column":16}}]},"55":{"loc":{"start":{"line":235,"column":4},"end":{"line":237,"column":5}},"type":"if","locations":[{"start":{"line":235,"column":4},"end":{"line":237,"column":5}}]},"56":{"loc":{"start":{"line":235,"column":8},"end":{"line":235,"column":73}},"type":"binary-expr","locations":[{"start":{"line":235,"column":8},"end":{"line":235,"column":36}},{"start":{"line":235,"column":40},"end":{"line":235,"column":73}}]},"57":{"loc":{"start":{"line":235,"column":8},"end":{"line":235,"column":22}},"type":"cond-expr","locations":[{"start":{"line":235,"column":14},"end":{"line":235,"column":16}},{"start":{"line":235,"column":8},"end":{"line":235,"column":22}}]},"58":{"loc":{"start":{"line":235,"column":8},"end":{"line":235,"column":16}},"type":"binary-expr","locations":[{"start":{"line":235,"column":8},"end":{"line":235,"column":16}},{"start":{"line":235,"column":8},"end":{"line":235,"column":16}}]},"59":{"loc":{"start":{"line":246,"column":4},"end":{"line":249,"column":5}},"type":"if","locations":[{"start":{"line":246,"column":4},"end":{"line":249,"column":5}}]},"60":{"loc":{"start":{"line":246,"column":8},"end":{"line":247,"column":77}},"type":"binary-expr","locations":[{"start":{"line":246,"column":8},"end":{"line":246,"column":20}},{"start":{"line":246,"column":24},"end":{"line":246,"column":45}},{"start":{"line":246,"column":49},"end":{"line":246,"column":70}},{"start":{"line":246,"column":74},"end":{"line":246,"column":98}},{"start":{"line":247,"column":8},"end":{"line":247,"column":30}},{"start":{"line":247,"column":34},"end":{"line":247,"column":54}},{"start":{"line":247,"column":58},"end":{"line":247,"column":77}}]},"61":{"loc":{"start":{"line":252,"column":4},"end":{"line":254,"column":5}},"type":"if","locations":[{"start":{"line":252,"column":4},"end":{"line":254,"column":5}}]},"62":{"loc":{"start":{"line":252,"column":8},"end":{"line":252,"column":77}},"type":"binary-expr","locations":[{"start":{"line":252,"column":8},"end":{"line":252,"column":48}},{"start":{"line":252,"column":52},"end":{"line":252,"column":77}}]},"63":{"loc":{"start":{"line":267,"column":4},"end":{"line":269,"column":5}},"type":"if","locations":[{"start":{"line":267,"column":4},"end":{"line":269,"column":5}}]},"64":{"loc":{"start":{"line":267,"column":8},"end":{"line":267,"column":41}},"type":"binary-expr","locations":[{"start":{"line":267,"column":8},"end":{"line":267,"column":30}},{"start":{"line":267,"column":34},"end":{"line":267,"column":41}}]},"65":{"loc":{"start":{"line":271,"column":4},"end":{"line":273,"column":5}},"type":"if","locations":[{"start":{"line":271,"column":4},"end":{"line":273,"column":5}}]},"66":{"loc":{"start":{"line":276,"column":4},"end":{"line":278,"column":5}},"type":"if","locations":[{"start":{"line":276,"column":4},"end":{"line":278,"column":5}}]}},"s":{"0":0,"1":0,"2":0,"3":0,"4":0,"5":0,"6":0,"7":0,"8":0,"9":0,"10":0,"11":0,"12":0,"13":0,"14":0,"15":0,"16":0,"17":0,"18":0,"19":0,"20":0,"21":0,"22":0,"23":0,"24":0,"25":0,"26":0,"27":0,"28":0,"29":0,"30":0,"31":0,"32":0,"33":0,"34":0,"35":0,"36":0,"37":0,"38":0,"39":0,"40":0,"41":0,"42":0,"43":0,"44":0,"45":0,"46":0,"47":0,"48":0,"49":0,"50":0,"51":0,"52":0,"53":0,"54":0,"55":0,"56":0,"57":0,"58":0,"59":0,"60":0,"61":0,"62":0,"63":0,"64":0,"65":0,"66":0,"67":0,"68":0,"69":0,"70":0,"71":0,"72":0,"73":0,"74":0,"75":0,"76":0,"77":0,"78":0,"79":0,"80":0,"81":0,"82":0,"83":0,"84":0,"85":0,"86":0,"87":0,"88":0,"89":0},"f":{"0":0,"1":0,"2":0,"3":0,"4":0,"5":0,"6":0,"7":0,"8":0,"9":0,"10":0,"11":0,"12":0,"13":0,"14":0,"15":0,"16":0,"17":0,"18":0,"19":0,"20":0},"b":{"0":[0,0],"1":[0,0],"2":[0],"3":[0,0],"4":[0],"5":[0,0],"6":[0,0],"7":[0,0],"8":[0,0],"9":[0,0],"10":[0,0],"11":[0,0],"12":[0,0],"13":[0,0],"14":[0,0],"15":[0,0],"16":[0,0],"17":[0,0],"18":[0,0],"19":[0,0],"20":[0,0],"21":[0,0],"22":[0,0,0,0],"23":[0,0],"24":[0,0],"25":[0,0],"26":[0,0],"27":[0,0],"28":[0,0],"29":[0,0,0,0,0],"30":[0,0],"31":[0,0],"32":[0,0],"33":[0,0],"34":[0,0],"35":[0,0],"36":[0,0],"37":[0,0],"38":[0,0],"39":[0,0],"40":[0],"41":[0,0,0,0],"42":[0,0],"43":[0,0],"44":[0],"45":[0,0,0,0],"46":[0,0],"47":[0,0],"48":[0],"49":[0,0,0,0],"50":[0,0],"51":[0,0],"52":[0],"53":[0,0],"54":[0,0],"55":[0],"56":[0,0],"57":[0,0],"58":[0,0],"59":[0],"60":[0,0,0,0,0,0,0],"61":[0],"62":[0,0],"63":[0],"64":[0,0],"65":[0],"66":[0]}}
,"E:\\study\\AI\\calendar-chart\\frontend\\src\\types\\index.ts": {"path":"E:\\study\\AI\\calendar-chart\\frontend\\src\\types\\index.ts","statementMap":{"0":{"start":{"line":20,"column":13},"end":{"line":24,"column":11}},"1":{"start":{"line":44,"column":13},"end":{"line":48,"column":11}}},"fnMap":{},"branchMap":{},"s":{"0":0,"1":0},"f":{},"b":{}}
}
