{"E:\\study\\AI\\calendar-chart\\frontend\\src\\hooks\\useClickOutside.ts": {"path":"E:\\study\\AI\\calendar-chart\\frontend\\src\\hooks\\useClickOutside.ts","statementMap":{"0":{"start":{"line":1,"column":0},"end":{"line":1,"column":50}},"1":{"start":{"line":14,"column":2},"end":{"line":38,"column":34}},"2":{"start":{"line":16,"column":31},"end":{"line":29,"column":5}},"3":{"start":{"line":18,"column":6},"end":{"line":28,"column":7}},"4":{"start":{"line":20,"column":30},"end":{"line":21,"column":null}},"5":{"start":{"line":21,"column":28},"end":{"line":21,"column":103}},"6":{"start":{"line":25,"column":8},"end":{"line":27,"column":9}},"7":{"start":{"line":26,"column":10},"end":{"line":26,"column":21}},"8":{"start":{"line":32,"column":4},"end":{"line":32,"column":63}},"9":{"start":{"line":35,"column":4},"end":{"line":37,"column":6}},"10":{"start":{"line":36,"column":6},"end":{"line":36,"column":68}},"11":{"start":{"line":41,"column":0},"end":{"line":41,"column":31}}},"fnMap":{"0":{"name":"useClickOutside","decl":{"start":{"line":9,"column":9},"end":{"line":9,"column":24}},"loc":{"start":{"line":12,"column":43},"end":{"line":39,"column":1}}},"1":{"name":"(anonymous_1)","decl":{"start":{"line":14,"column":12},"end":{"line":14,"column":15}},"loc":{"start":{"line":14,"column":17},"end":{"line":38,"column":3}}},"2":{"name":"(anonymous_2)","decl":{"start":{"line":16,"column":31},"end":{"line":16,"column":32}},"loc":{"start":{"line":16,"column":59},"end":{"line":29,"column":5}}},"3":{"name":"(anonymous_3)","decl":{"start":{"line":21,"column":10},"end":{"line":21,"column":11}},"loc":{"start":{"line":21,"column":28},"end":{"line":21,"column":103}}},"4":{"name":"(anonymous_4)","decl":{"start":{"line":35,"column":11},"end":{"line":35,"column":14}},"loc":{"start":{"line":35,"column":16},"end":{"line":37,"column":5}}}},"branchMap":{"0":{"loc":{"start":{"line":12,"column":2},"end":{"line":12,"column":43}},"type":"default-arg","locations":[{"start":{"line":12,"column":41},"end":{"line":12,"column":43}}]},"1":{"loc":{"start":{"line":18,"column":6},"end":{"line":28,"column":7}},"type":"if","locations":[{"start":{"line":18,"column":6},"end":{"line":28,"column":7}},{"start":{},"end":{}}]},"2":{"loc":{"start":{"line":18,"column":10},"end":{"line":18,"column":68}},"type":"binary-expr","locations":[{"start":{"line":18,"column":10},"end":{"line":18,"column":21}},{"start":{"line":18,"column":25},"end":{"line":18,"column":68}}]},"3":{"loc":{"start":{"line":21,"column":28},"end":{"line":21,"column":103}},"type":"binary-expr","locations":[{"start":{"line":21,"column":28},"end":{"line":21,"column":48}},{"start":{"line":21,"column":52},"end":{"line":21,"column":103}}]},"4":{"loc":{"start":{"line":25,"column":8},"end":{"line":27,"column":9}},"type":"if","locations":[{"start":{"line":25,"column":8},"end":{"line":27,"column":9}},{"start":{},"end":{}}]}},"s":{"0":0,"1":0,"2":0,"3":0,"4":0,"5":0,"6":0,"7":0,"8":0,"9":0,"10":0,"11":0},"f":{"0":0,"1":0,"2":0,"3":0,"4":0},"b":{"0":[0],"1":[0,0],"2":[0,0],"3":[0,0],"4":[0,0]}}
,"E:\\study\\AI\\calendar-chart\\frontend\\src\\types\\index.ts": {"path":"E:\\study\\AI\\calendar-chart\\frontend\\src\\types\\index.ts","statementMap":{"0":{"start":{"line":20,"column":13},"end":{"line":24,"column":11}},"1":{"start":{"line":43,"column":13},"end":{"line":47,"column":11}}},"fnMap":{},"branchMap":{},"s":{"0":0,"1":0},"f":{},"b":{}}
}
