TN:
SF:src\App.tsx
FN:5,App
FNF:1
FNH:0
FNDA:0,App
DA:2,0
DA:3,0
DA:6,0
DA:13,0
LF:4
LH:0
BRF:0
BRH:0
end_of_record
TN:
SF:src\components\BasicComponent.tsx
FN:11,(anonymous_0)
FNF:1
FNH:0
FNDA:0,(anonymous_0)
DA:11,0
DA:12,0
DA:20,0
LF:3
LH:0
BRDA:15,0,0,0
BRDA:15,0,1,0
BRF:2
BRH:0
end_of_record
TN:
SF:src\components\CalendarView.tsx
FN:16,(anonymous_8)
FN:28,(anonymous_9)
FN:37,(anonymous_10)
FN:41,(anonymous_11)
FN:41,(anonymous_12)
FN:127,(anonymous_13)
FN:133,(anonymous_14)
FN:141,(anonymous_15)
FN:142,(anonymous_16)
FN:147,(anonymous_17)
FN:161,(anonymous_18)
FN:166,(anonymous_19)
FN:174,(anonymous_20)
FN:215,(anonymous_21)
FN:216,(anonymous_22)
FN:220,(anonymous_23)
FN:232,(anonymous_24)
FN:239,(anonymous_25)
FN:251,(anonymous_26)
FN:274,(anonymous_27)
FNF:20
FNH:0
FNDA:0,(anonymous_8)
FNDA:0,(anonymous_9)
FNDA:0,(anonymous_10)
FNDA:0,(anonymous_11)
FNDA:0,(anonymous_12)
FNDA:0,(anonymous_13)
FNDA:0,(anonymous_14)
FNDA:0,(anonymous_15)
FNDA:0,(anonymous_16)
FNDA:0,(anonymous_17)
FNDA:0,(anonymous_18)
FNDA:0,(anonymous_19)
FNDA:0,(anonymous_20)
FNDA:0,(anonymous_21)
FNDA:0,(anonymous_22)
FNDA:0,(anonymous_23)
FNDA:0,(anonymous_24)
FNDA:0,(anonymous_25)
FNDA:0,(anonymous_26)
FNDA:0,(anonymous_27)
DA:1,0
DA:2,0
DA:3,0
DA:5,0
DA:14,0
DA:16,0
DA:22,0
DA:23,0
DA:24,0
DA:25,0
DA:28,0
DA:29,0
DA:30,0
DA:37,0
DA:39,0
DA:41,0
DA:42,0
DA:43,0
DA:44,0
DA:46,0
DA:49,0
DA:50,0
DA:52,0
DA:53,0
DA:56,0
DA:59,0
DA:60,0
DA:63,0
DA:64,0
DA:67,0
DA:68,0
DA:69,0
DA:70,0
DA:71,0
DA:72,0
DA:76,0
DA:77,0
DA:80,0
DA:81,0
DA:82,0
DA:87,0
DA:88,0
DA:89,0
DA:90,0
DA:91,0
DA:92,0
DA:96,0
DA:97,0
DA:101,0
DA:102,0
DA:105,0
DA:106,0
DA:107,0
DA:108,0
DA:110,0
DA:113,0
DA:118,0
DA:119,0
DA:121,0
DA:122,0
DA:127,0
DA:131,0
DA:133,0
DA:134,0
DA:141,0
DA:142,0
DA:143,0
DA:147,0
DA:148,0
DA:150,0
DA:152,0
DA:154,0
DA:156,0
DA:161,0
DA:162,0
DA:166,0
DA:167,0
DA:174,0
DA:175,0
DA:176,0
DA:178,0
DA:180,0
DA:203,0
DA:215,0
DA:217,0
DA:218,0
DA:221,0
DA:222,0
DA:232,0
DA:233,0
DA:239,0
DA:240,0
DA:247,0
DA:251,0
DA:262,0
DA:274,0
DA:275,0
DA:284,0
DA:287,0
DA:288,0
DA:297,0
DA:298,0
DA:307,0
DA:329,0
LF:104
LH:0
BRDA:49,0,0,0
BRDA:49,1,0,0
BRDA:49,1,1,0
BRDA:49,1,2,0
BRDA:52,2,0,0
BRDA:52,3,0,0
BRDA:52,3,1,0
BRDA:52,3,2,0
BRDA:68,4,0,0
BRDA:68,5,0,0
BRDA:68,5,1,0
BRDA:68,6,0,0
BRDA:68,6,1,0
BRDA:69,7,0,0
BRDA:69,7,1,0
BRDA:71,8,0,0
BRDA:72,9,0,0
BRDA:72,9,1,0
BRDA:80,10,0,0
BRDA:80,11,0,0
BRDA:80,11,1,0
BRDA:88,12,0,0
BRDA:88,13,0,0
BRDA:88,13,1,0
BRDA:88,14,0,0
BRDA:88,14,1,0
BRDA:89,15,0,0
BRDA:89,15,1,0
BRDA:91,16,0,0
BRDA:92,17,0,0
BRDA:92,17,1,0
BRDA:101,18,0,0
BRDA:101,18,1,0
BRDA:101,19,0,0
BRDA:101,19,1,0
BRDA:101,20,0,0
BRDA:101,20,1,0
BRDA:105,21,0,0
BRDA:105,21,1,0
BRDA:105,22,0,0
BRDA:105,22,1,0
BRDA:105,23,0,0
BRDA:105,23,1,0
BRDA:105,24,0,0
BRDA:105,24,1,0
BRDA:105,25,0,0
BRDA:105,25,1,0
BRDA:107,26,0,0
BRDA:107,26,1,0
BRDA:107,27,0,0
BRDA:107,27,1,0
BRDA:107,28,0,0
BRDA:107,28,1,0
BRDA:107,29,0,0
BRDA:107,29,1,0
BRDA:107,30,0,0
BRDA:107,30,1,0
BRDA:118,31,0,0
BRDA:118,31,1,0
BRDA:134,32,0,0
BRDA:134,32,1,0
BRDA:143,33,0,0
BRDA:143,33,1,0
BRDA:148,34,0,0
BRDA:148,34,1,0
BRDA:148,34,2,0
BRDA:148,34,3,0
BRDA:167,35,0,0
BRDA:167,35,1,0
BRDA:168,36,0,0
BRDA:168,36,1,0
BRDA:170,37,0,0
BRDA:170,37,1,0
BRDA:178,38,0,0
BRDA:178,38,1,0
BRDA:287,39,0,0
BRDA:297,40,0,0
BRDA:312,41,0,0
BRDA:312,41,1,0
BRF:79
BRH:0
end_of_record
TN:
SF:src\components\FilterComponent.tsx
FN:12,(anonymous_8)
FN:24,(anonymous_9)
FN:30,(anonymous_10)
FN:38,(anonymous_11)
FN:38,(anonymous_12)
FN:58,(anonymous_13)
FN:63,(anonymous_14)
FN:68,(anonymous_15)
FN:87,(anonymous_16)
FN:93,(anonymous_17)
FN:99,(anonymous_18)
FN:104,(anonymous_19)
FN:135,(anonymous_20)
FN:159,(anonymous_21)
FN:175,(anonymous_22)
FNF:15
FNH:0
FNDA:0,(anonymous_8)
FNDA:0,(anonymous_9)
FNDA:0,(anonymous_10)
FNDA:0,(anonymous_11)
FNDA:0,(anonymous_12)
FNDA:0,(anonymous_13)
FNDA:0,(anonymous_14)
FNDA:0,(anonymous_15)
FNDA:0,(anonymous_16)
FNDA:0,(anonymous_17)
FNDA:0,(anonymous_18)
FNDA:0,(anonymous_19)
FNDA:0,(anonymous_20)
FNDA:0,(anonymous_21)
FNDA:0,(anonymous_22)
DA:1,0
DA:2,0
DA:3,0
DA:5,0
DA:12,0
DA:13,0
DA:14,0
DA:15,0
DA:16,0
DA:17,0
DA:18,0
DA:24,0
DA:25,0
DA:30,0
DA:33,0
DA:34,0
DA:38,0
DA:39,0
DA:40,0
DA:42,0
DA:43,0
DA:44,0
DA:47,0
DA:48,0
DA:49,0
DA:51,0
DA:53,0
DA:58,0
DA:59,0
DA:63,0
DA:64,0
DA:68,0
DA:69,0
DA:71,0
DA:72,0
DA:73,0
DA:74,0
DA:75,0
DA:77,0
DA:78,0
DA:80,0
DA:87,0
DA:88,0
DA:89,0
DA:93,0
DA:94,0
DA:95,0
DA:99,0
DA:100,0
DA:104,0
DA:105,0
DA:106,0
DA:109,0
DA:135,0
DA:160,0
DA:176,0
DA:198,0
LF:57
LH:0
BRDA:33,0,0,0
BRDA:33,1,0,0
BRDA:33,1,1,0
BRDA:43,2,0,0
BRDA:43,2,1,0
BRDA:43,3,0,0
BRDA:43,3,1,0
BRDA:43,4,0,0
BRDA:43,4,1,0
BRDA:43,5,0,0
BRDA:43,5,1,0
BRDA:48,6,0,0
BRDA:48,6,1,0
BRDA:48,7,0,0
BRDA:48,7,1,0
BRDA:48,8,0,0
BRDA:48,8,1,0
BRDA:48,9,0,0
BRDA:48,9,1,0
BRDA:69,10,0,0
BRDA:71,11,0,0
BRDA:71,11,1,0
BRDA:73,12,0,0
BRDA:73,12,1,0
BRDA:75,13,0,0
BRDA:130,14,0,0
BRDA:130,14,1,0
BRF:27
BRH:0
end_of_record
TN:
SF:src\components\ReservationCalendar.tsx
FN:11,(anonymous_8)
FN:27,(anonymous_9)
FN:32,(anonymous_10)
FN:39,(anonymous_11)
FN:39,(anonymous_12)
FN:65,(anonymous_13)
FN:65,(anonymous_14)
FN:97,(anonymous_15)
FN:108,(anonymous_16)
FN:129,(anonymous_17)
FN:136,(anonymous_18)
FN:145,(anonymous_19)
FN:152,(anonymous_20)
FN:152,(anonymous_21)
FN:184,(anonymous_22)
FN:214,(anonymous_23)
FN:231,(anonymous_24)
FN:238,(anonymous_25)
FN:251,(anonymous_26)
FN:254,(anonymous_27)
FN:265,(anonymous_28)
FN:268,(anonymous_29)
FN:314,(anonymous_30)
FN:320,(anonymous_31)
FN:323,(anonymous_32)
FN:331,(anonymous_33)
FN:346,(anonymous_34)
FN:375,(anonymous_35)
FN:376,(anonymous_36)
FNF:29
FNH:0
FNDA:0,(anonymous_8)
FNDA:0,(anonymous_9)
FNDA:0,(anonymous_10)
FNDA:0,(anonymous_11)
FNDA:0,(anonymous_12)
FNDA:0,(anonymous_13)
FNDA:0,(anonymous_14)
FNDA:0,(anonymous_15)
FNDA:0,(anonymous_16)
FNDA:0,(anonymous_17)
FNDA:0,(anonymous_18)
FNDA:0,(anonymous_19)
FNDA:0,(anonymous_20)
FNDA:0,(anonymous_21)
FNDA:0,(anonymous_22)
FNDA:0,(anonymous_23)
FNDA:0,(anonymous_24)
FNDA:0,(anonymous_25)
FNDA:0,(anonymous_26)
FNDA:0,(anonymous_27)
FNDA:0,(anonymous_28)
FNDA:0,(anonymous_29)
FNDA:0,(anonymous_30)
FNDA:0,(anonymous_31)
FNDA:0,(anonymous_32)
FNDA:0,(anonymous_33)
FNDA:0,(anonymous_34)
FNDA:0,(anonymous_35)
FNDA:0,(anonymous_36)
DA:1,0
DA:2,0
DA:3,0
DA:4,0
DA:6,0
DA:8,0
DA:9,0
DA:11,0
DA:13,0
DA:14,0
DA:15,0
DA:16,0
DA:17,0
DA:18,0
DA:19,0
DA:20,0
DA:21,0
DA:22,0
DA:23,0
DA:24,0
DA:27,0
DA:28,0
DA:32,0
DA:33,0
DA:39,0
DA:40,0
DA:41,0
DA:46,0
DA:47,0
DA:49,0
DA:50,0
DA:51,0
DA:52,0
DA:54,0
DA:55,0
DA:58,0
DA:65,0
DA:66,0
DA:67,0
DA:68,0
DA:71,0
DA:72,0
DA:73,0
DA:75,0
DA:76,0
DA:78,0
DA:80,0
DA:81,0
DA:84,0
DA:85,0
DA:86,0
DA:88,0
DA:90,0
DA:97,0
DA:98,0
DA:99,0
DA:100,0
DA:102,0
DA:108,0
DA:109,0
DA:111,0
DA:112,0
DA:113,0
DA:114,0
DA:117,0
DA:118,0
DA:123,0
DA:129,0
DA:130,0
DA:136,0
DA:137,0
DA:138,0
DA:145,0
DA:146,0
DA:152,0
DA:153,0
DA:154,0
DA:157,0
DA:158,0
DA:161,0
DA:170,0
DA:172,0
DA:173,0
DA:175,0
DA:177,0
DA:184,0
DA:185,0
DA:187,0
DA:188,0
DA:191,0
DA:192,0
DA:195,0
DA:197,0
DA:201,0
DA:203,0
DA:216,0
DA:217,0
DA:218,0
DA:219,0
DA:220,0
DA:221,0
DA:223,0
DA:231,0
DA:238,0
DA:251,0
DA:255,0
DA:265,0
DA:269,0
DA:315,0
DA:321,0
DA:323,0
DA:332,0
DA:333,0
DA:334,0
DA:347,0
DA:348,0
DA:349,0
DA:375,0
DA:377,0
DA:378,0
DA:388,0
LF:121
LH:0
BRDA:46,0,0,0
BRDA:46,0,1,0
BRDA:46,1,0,0
BRDA:46,1,1,0
BRDA:47,2,0,0
BRDA:47,2,1,0
BRDA:47,3,0,0
BRDA:47,3,1,0
BRDA:49,4,0,0
BRDA:49,4,1,0
BRDA:49,5,0,0
BRDA:49,5,1,0
BRDA:49,6,0,0
BRDA:49,6,1,0
BRDA:49,7,0,0
BRDA:49,7,1,0
BRDA:50,8,0,0
BRDA:50,8,1,0
BRDA:50,9,0,0
BRDA:50,9,1,0
BRDA:50,10,0,0
BRDA:50,10,1,0
BRDA:50,11,0,0
BRDA:50,11,1,0
BRDA:51,12,0,0
BRDA:54,13,0,0
BRDA:72,14,0,0
BRDA:72,15,0,0
BRDA:72,15,1,0
BRDA:75,16,0,0
BRDA:75,17,0,0
BRDA:75,17,1,0
BRDA:80,18,0,0
BRDA:80,18,1,0
BRDA:80,19,0,0
BRDA:80,19,1,0
BRDA:80,20,0,0
BRDA:80,20,1,0
BRDA:80,21,0,0
BRDA:80,21,1,0
BRDA:85,22,0,0
BRDA:85,22,1,0
BRDA:85,23,0,0
BRDA:85,23,1,0
BRDA:85,24,0,0
BRDA:85,24,1,0
BRDA:85,25,0,0
BRDA:85,25,1,0
BRDA:112,26,0,0
BRDA:117,27,0,0
BRDA:117,28,0,0
BRDA:117,28,1,0
BRDA:137,29,0,0
BRDA:157,30,0,0
BRDA:157,30,1,0
BRDA:162,31,0,0
BRDA:162,31,1,0
BRDA:162,32,0,0
BRDA:162,32,1,0
BRDA:162,33,0,0
BRDA:162,33,1,0
BRDA:185,34,0,0
BRDA:185,34,1,0
BRDA:187,35,0,0
BRDA:187,35,1,0
BRDA:216,36,0,0
BRDA:216,36,1,0
BRDA:218,37,0,0
BRDA:218,37,1,0
BRDA:218,38,0,0
BRDA:218,38,1,0
BRDA:220,39,0,0
BRDA:220,39,1,0
BRDA:326,40,0,0
BRDA:326,40,1,0
BRDA:326,41,0,0
BRDA:326,41,1,0
BRDA:326,42,0,0
BRDA:326,42,1,0
BRDA:333,43,0,0
BRDA:333,43,1,0
BRDA:333,44,0,0
BRDA:333,44,1,0
BRDA:333,45,0,0
BRDA:333,45,1,0
BRDA:338,46,0,0
BRDA:338,46,1,0
BRDA:339,47,0,0
BRDA:339,47,1,0
BRDA:341,48,0,0
BRDA:341,48,1,0
BRDA:344,49,0,0
BRDA:344,49,1,0
BRDA:347,50,0,0
BRDA:353,51,0,0
BRDA:353,51,1,0
BRDA:354,52,0,0
BRDA:354,52,1,0
BRDA:380,53,0,0
BRDA:380,53,1,0
BRDA:380,54,0,0
BRDA:380,54,1,0
BRDA:381,55,0,0
BRDA:381,55,1,0
BRDA:382,56,0,0
BRDA:382,56,1,0
BRF:106
BRH:0
end_of_record
TN:
SF:src\components\ReservationForm.tsx
FN:17,(anonymous_8)
FN:44,(anonymous_9)
FN:58,(anonymous_10)
FN:65,(anonymous_11)
FN:72,(anonymous_12)
FN:72,(anonymous_13)
FN:84,(anonymous_14)
FN:121,(anonymous_15)
FN:122,(anonymous_16)
FN:125,(anonymous_17)
FN:130,(anonymous_18)
FN:130,(anonymous_19)
FN:174,(anonymous_20)
FN:180,(anonymous_21)
FN:221,(anonymous_22)
FN:237,(anonymous_23)
FN:254,(anonymous_24)
FNF:17
FNH:0
FNDA:0,(anonymous_8)
FNDA:0,(anonymous_9)
FNDA:0,(anonymous_10)
FNDA:0,(anonymous_11)
FNDA:0,(anonymous_12)
FNDA:0,(anonymous_13)
FNDA:0,(anonymous_14)
FNDA:0,(anonymous_15)
FNDA:0,(anonymous_16)
FNDA:0,(anonymous_17)
FNDA:0,(anonymous_18)
FNDA:0,(anonymous_19)
FNDA:0,(anonymous_20)
FNDA:0,(anonymous_21)
FNDA:0,(anonymous_22)
FNDA:0,(anonymous_23)
FNDA:0,(anonymous_24)
DA:1,0
DA:2,0
DA:3,0
DA:5,0
DA:17,0
DA:26,0
DA:27,0
DA:30,0
DA:37,0
DA:44,0
DA:45,0
DA:50,0
DA:58,0
DA:59,0
DA:60,0
DA:65,0
DA:66,0
DA:67,0
DA:72,0
DA:73,0
DA:74,0
DA:76,0
DA:78,0
DA:79,0
DA:84,0
DA:85,0
DA:90,0
DA:93,0
DA:94,0
DA:95,0
DA:99,0
DA:100,0
DA:101,0
DA:102,0
DA:103,0
DA:104,0
DA:108,0
DA:109,0
DA:110,0
DA:111,0
DA:112,0
DA:113,0
DA:116,0
DA:117,0
DA:121,0
DA:122,0
DA:124,0
DA:125,0
DA:130,0
DA:131,0
DA:132,0
DA:135,0
DA:136,0
DA:138,0
DA:139,0
DA:142,0
DA:151,0
DA:154,0
DA:157,0
DA:158,0
DA:161,0
DA:163,0
DA:164,0
DA:166,0
DA:169,0
DA:174,0
DA:175,0
DA:176,0
DA:180,0
DA:181,0
DA:186,0
DA:221,0
DA:237,0
DA:254,0
DA:280,0
LF:75
LH:0
BRDA:59,0,0,0
BRDA:59,1,0,0
BRDA:59,1,1,0
BRDA:66,2,0,0
BRDA:93,3,0,0
BRDA:99,4,0,0
BRDA:99,4,1,0
BRDA:102,5,0,0
BRDA:108,6,0,0
BRDA:108,6,1,0
BRDA:111,7,0,0
BRDA:124,8,0,0
BRDA:131,9,0,0
BRDA:157,10,0,0
BRDA:163,11,0,0
BRDA:163,11,1,0
BRDA:163,12,0,0
BRDA:163,12,1,0
BRDA:163,13,0,0
BRDA:163,13,1,0
BRDA:200,14,0,0
BRDA:200,14,1,0
BRDA:208,15,0,0
BRDA:208,15,1,0
BRDA:208,16,0,0
BRDA:208,16,1,0
BRDA:208,16,2,0
BRDA:223,17,0,0
BRDA:223,17,1,0
BRDA:239,18,0,0
BRDA:239,18,1,0
BRDA:256,19,0,0
BRDA:256,19,1,0
BRF:33
BRH:0
end_of_record
TN:
SF:src\components\ReservationFormModal.tsx
FN:21,(anonymous_8)
FN:44,(anonymous_9)
FN:44,(anonymous_10)
FN:153,(anonymous_11)
FN:164,(anonymous_12)
FN:195,(anonymous_13)
FN:205,(anonymous_14)
FN:205,(anonymous_15)
FNF:8
FNH:0
FNDA:0,(anonymous_8)
FNDA:0,(anonymous_9)
FNDA:0,(anonymous_10)
FNDA:0,(anonymous_11)
FNDA:0,(anonymous_12)
FNDA:0,(anonymous_13)
FNDA:0,(anonymous_14)
FNDA:0,(anonymous_15)
DA:1,0
DA:2,0
DA:4,0
DA:6,0
DA:8,0
DA:21,0
DA:31,0
DA:32,0
DA:44,0
DA:46,0
DA:47,0
DA:48,0
DA:49,0
DA:51,0
DA:52,0
DA:53,0
DA:54,0
DA:56,0
DA:57,0
DA:58,0
DA:59,0
DA:62,0
DA:63,0
DA:66,0
DA:70,0
DA:71,0
DA:74,0
DA:75,0
DA:76,0
DA:77,0
DA:78,0
DA:79,0
DA:83,0
DA:92,0
DA:97,0
DA:98,0
DA:101,0
DA:103,0
DA:107,0
DA:110,0
DA:117,0
DA:118,0
DA:119,0
DA:123,0
DA:124,0
DA:125,0
DA:128,0
DA:129,0
DA:130,0
DA:131,0
DA:132,0
DA:133,0
DA:137,0
DA:145,0
DA:147,0
DA:148,0
DA:153,0
DA:155,0
DA:160,0
DA:164,0
DA:165,0
DA:168,0
DA:197,0
DA:205,0
DA:206,0
DA:207,0
DA:208,0
DA:216,0
DA:217,0
DA:218,0
DA:223,0
DA:224,0
DA:225,0
DA:226,0
DA:228,0
DA:229,0
DA:290,0
LF:77
LH:0
BRDA:29,0,0,0
BRDA:46,1,0,0
BRDA:46,2,0,0
BRDA:46,2,1,0
BRDA:46,2,2,0
BRDA:51,3,0,0
BRDA:51,4,0,0
BRDA:51,4,1,0
BRDA:51,4,2,0
BRDA:56,5,0,0
BRDA:56,6,0,0
BRDA:56,6,1,0
BRDA:56,6,2,0
BRDA:76,7,0,0
BRDA:76,8,0,0
BRDA:76,8,1,0
BRDA:97,9,0,0
BRDA:97,10,0,0
BRDA:97,10,1,0
BRDA:118,11,0,0
BRDA:123,12,0,0
BRDA:123,12,1,0
BRDA:123,13,0,0
BRDA:123,13,1,0
BRDA:123,14,0,0
BRDA:123,14,1,0
BRDA:124,15,0,0
BRDA:124,15,1,0
BRDA:124,15,2,0
BRDA:124,16,0,0
BRDA:124,16,1,0
BRDA:124,17,0,0
BRDA:124,17,1,0
BRDA:124,18,0,0
BRDA:124,18,1,0
BRDA:124,19,0,0
BRDA:124,19,1,0
BRDA:124,20,0,0
BRDA:124,20,1,0
BRDA:124,21,0,0
BRDA:124,21,1,0
BRDA:124,22,0,0
BRDA:124,22,1,0
BRDA:124,23,0,0
BRDA:124,23,1,0
BRDA:125,24,0,0
BRDA:125,24,1,0
BRDA:128,25,0,0
BRDA:128,25,1,0
BRDA:129,26,0,0
BRDA:129,26,1,0
BRDA:130,27,0,0
BRDA:130,27,1,0
BRDA:131,28,0,0
BRDA:131,28,1,0
BRDA:132,29,0,0
BRDA:133,30,0,0
BRDA:133,30,1,0
BRDA:140,31,0,0
BRDA:140,31,1,0
BRDA:140,32,0,0
BRDA:140,32,1,0
BRDA:198,33,0,0
BRDA:198,33,1,0
BRDA:199,34,0,0
BRDA:199,34,1,0
BRDA:200,35,0,0
BRDA:200,35,1,0
BRF:68
BRH:0
end_of_record
TN:
SF:src\components\SimpleComponent.tsx
FN:10,(anonymous_0)
FNF:1
FNH:0
FNDA:0,(anonymous_0)
DA:10,0
DA:11,0
DA:14,0
LF:3
LH:0
BRF:0
BRH:0
end_of_record
TN:
SF:src\components\SimplifiedReservationForm.tsx
FN:16,(anonymous_0)
FN:26,(anonymous_1)
FN:47,(anonymous_2)
FNF:3
FNH:0
FNDA:0,(anonymous_0)
FNDA:0,(anonymous_1)
FNDA:0,(anonymous_2)
DA:1,0
DA:2,0
DA:5,0
DA:16,0
DA:21,0
DA:26,0
DA:28,0
DA:29,0
DA:30,0
DA:34,0
DA:35,0
DA:38,0
DA:48,0
DA:72,0
LF:14
LH:0
BRDA:19,0,0,0
BRDA:28,1,0,0
BRDA:49,2,0,0
BRDA:49,2,1,0
BRDA:50,3,0,0
BRDA:50,3,1,0
BRF:6
BRH:0
end_of_record
TN:
SF:src\components\simple-test.ts
FN:2,add
FN:6,subtract
FNF:2
FNH:0
FNDA:0,add
FNDA:0,subtract
DA:2,0
DA:3,0
DA:6,0
DA:7,0
LF:4
LH:0
BRF:0
BRH:0
end_of_record
TN:
SF:src\features\page_web_reservation\App.tsx
FN:8,App
FN:10,(anonymous_9)
FN:10,(anonymous_10)
FN:25,(anonymous_11)
FNF:4
FNH:0
FNDA:0,App
FNDA:0,(anonymous_9)
FNDA:0,(anonymous_10)
FNDA:0,(anonymous_11)
DA:1,0
DA:2,0
DA:10,0
DA:11,0
DA:12,0
DA:14,0
DA:15,0
DA:20,0
DA:25,0
DA:26,0
DA:30,0
DA:33,0
LF:12
LH:0
BRDA:12,0,0,0
BRF:1
BRH:0
end_of_record
TN:
SF:src\features\tab_work_item\App.tsx
FN:14,(anonymous_8)
FN:39,(anonymous_9)
FN:40,(anonymous_10)
FN:40,(anonymous_11)
FN:70,(anonymous_12)
FN:81,(anonymous_13)
FN:94,(anonymous_14)
FN:98,(anonymous_15)
FN:130,(anonymous_16)
FN:181,(anonymous_17)
FNF:10
FNH:0
FNDA:0,(anonymous_8)
FNDA:0,(anonymous_9)
FNDA:0,(anonymous_10)
FNDA:0,(anonymous_11)
FNDA:0,(anonymous_12)
FNDA:0,(anonymous_13)
FNDA:0,(anonymous_14)
FNDA:0,(anonymous_15)
FNDA:0,(anonymous_16)
FNDA:0,(anonymous_17)
DA:1,0
DA:2,0
DA:3,0
DA:4,0
DA:5,0
DA:6,0
DA:8,0
DA:14,0
DA:16,0
DA:17,0
DA:18,0
DA:21,0
DA:22,0
DA:23,0
DA:25,0
DA:28,0
DA:29,0
DA:39,0
DA:40,0
DA:41,0
DA:42,0
DA:43,0
DA:46,0
DA:47,0
DA:51,0
DA:52,0
DA:53,0
DA:55,0
DA:57,0
DA:58,0
DA:60,0
DA:64,0
DA:70,0
DA:71,0
DA:72,0
DA:73,0
DA:74,0
DA:81,0
DA:82,0
DA:88,0
DA:94,0
DA:96,0
DA:98,0
DA:102,0
DA:103,0
DA:119,0
DA:120,0
DA:130,0
DA:147,0
DA:181,0
DA:193,0
LF:51
LH:0
BRDA:46,0,0,0
BRDA:46,1,0,0
BRDA:46,1,1,0
BRDA:58,2,0,0
BRDA:58,2,1,0
BRDA:73,3,0,0
BRDA:102,4,0,0
BRDA:119,5,0,0
BRDA:158,6,0,0
BRDA:158,6,1,0
BRF:10
BRH:0
end_of_record
TN:
SF:src\hooks\useClickOutside.ts
FN:9,useClickOutside
FN:14,(anonymous_1)
FN:16,(anonymous_2)
FN:21,(anonymous_3)
FN:35,(anonymous_4)
FNF:5
FNH:0
FNDA:0,useClickOutside
FNDA:0,(anonymous_1)
FNDA:0,(anonymous_2)
FNDA:0,(anonymous_3)
FNDA:0,(anonymous_4)
DA:1,0
DA:14,0
DA:16,0
DA:18,0
DA:20,0
DA:21,0
DA:25,0
DA:26,0
DA:32,0
DA:35,0
DA:36,0
DA:41,0
LF:12
LH:0
BRDA:12,0,0,0
BRDA:18,1,0,0
BRDA:18,2,0,0
BRDA:18,2,1,0
BRDA:21,3,0,0
BRDA:21,3,1,0
BRDA:25,4,0,0
BRF:7
BRH:0
end_of_record
TN:
SF:src\pages\ApprovalPage.tsx
FN:15,(anonymous_16)
FN:32,(anonymous_17)
FN:33,(anonymous_18)
FN:47,(anonymous_19)
FN:47,(anonymous_20)
FN:60,(anonymous_21)
FN:71,(anonymous_22)
FN:86,(anonymous_23)
FN:97,(anonymous_24)
FN:97,(anonymous_25)
FN:123,(anonymous_26)
FN:127,(anonymous_27)
FN:134,(anonymous_28)
FN:138,(anonymous_29)
FN:142,(anonymous_30)
FN:147,(anonymous_31)
FN:189,(anonymous_32)
FN:190,(anonymous_33)
FN:192,(anonymous_34)
FN:235,(anonymous_35)
FN:242,(anonymous_36)
FN:255,(anonymous_37)
FN:268,(anonymous_38)
FN:275,(anonymous_39)
FN:282,(anonymous_40)
FN:294,(anonymous_41)
FN:303,(anonymous_42)
FN:311,(anonymous_43)
FNF:28
FNH:0
FNDA:0,(anonymous_16)
FNDA:0,(anonymous_17)
FNDA:0,(anonymous_18)
FNDA:0,(anonymous_19)
FNDA:0,(anonymous_20)
FNDA:0,(anonymous_21)
FNDA:0,(anonymous_22)
FNDA:0,(anonymous_23)
FNDA:0,(anonymous_24)
FNDA:0,(anonymous_25)
FNDA:0,(anonymous_26)
FNDA:0,(anonymous_27)
FNDA:0,(anonymous_28)
FNDA:0,(anonymous_29)
FNDA:0,(anonymous_30)
FNDA:0,(anonymous_31)
FNDA:0,(anonymous_32)
FNDA:0,(anonymous_33)
FNDA:0,(anonymous_34)
FNDA:0,(anonymous_35)
FNDA:0,(anonymous_36)
FNDA:0,(anonymous_37)
FNDA:0,(anonymous_38)
FNDA:0,(anonymous_39)
FNDA:0,(anonymous_40)
FNDA:0,(anonymous_41)
FNDA:0,(anonymous_42)
FNDA:0,(anonymous_43)
DA:1,0
DA:2,0
DA:5,0
DA:7,0
DA:9,0
DA:15,0
DA:17,0
DA:19,0
DA:21,0
DA:23,0
DA:25,0
DA:32,0
DA:33,0
DA:40,0
DA:47,0
DA:48,0
DA:49,0
DA:51,0
DA:53,0
DA:60,0
DA:61,0
DA:62,0
DA:67,0
DA:70,0
DA:71,0
DA:76,0
DA:77,0
DA:79,0
DA:81,0
DA:86,0
DA:87,0
DA:97,0
DA:98,0
DA:99,0
DA:100,0
DA:103,0
DA:106,0
DA:108,0
DA:110,0
DA:111,0
DA:116,0
DA:123,0
DA:124,0
DA:127,0
DA:134,0
DA:135,0
DA:138,0
DA:142,0
DA:143,0
DA:147,0
DA:148,0
DA:154,0
DA:155,0
DA:158,0
DA:190,0
DA:192,0
DA:235,0
DA:243,0
DA:244,0
DA:246,0
DA:256,0
DA:257,0
DA:259,0
DA:268,0
DA:275,0
DA:283,0
DA:284,0
DA:286,0
DA:296,0
DA:297,0
DA:303,0
DA:311,0
DA:318,0
DA:342,0
LF:74
LH:0
BRDA:61,0,0,0
BRDA:70,1,0,0
BRDA:70,1,1,0
BRDA:70,2,0,0
BRDA:70,2,1,0
BRDA:70,3,0,0
BRDA:70,3,1,0
BRDA:77,4,0,0
BRDA:77,4,1,0
BRDA:77,5,0,0
BRDA:77,5,1,0
BRDA:77,6,0,0
BRDA:77,6,1,0
BRDA:79,7,0,0
BRDA:79,7,1,0
BRDA:79,8,0,0
BRDA:79,8,1,0
BRDA:79,9,0,0
BRDA:79,9,1,0
BRDA:100,10,0,0
BRDA:100,10,1,0
BRDA:106,11,0,0
BRDA:106,11,1,0
BRDA:113,12,0,0
BRDA:113,12,1,0
BRDA:113,13,0,0
BRDA:113,13,1,0
BRDA:154,14,0,0
BRDA:154,14,1,0
BRDA:162,15,0,0
BRDA:162,15,1,0
BRDA:169,16,0,0
BRDA:169,16,1,0
BRDA:169,16,2,0
BRDA:179,17,0,0
BRDA:179,17,1,0
BRDA:179,17,2,0
BRDA:235,18,0,0
BRDA:235,18,1,0
BRDA:235,19,0,0
BRDA:235,19,1,0
BRDA:235,20,0,0
BRDA:235,20,1,0
BRDA:296,21,0,0
BRF:44
BRH:0
end_of_record
TN:
SF:src\pages\DeviceReservationPage.tsx
FN:13,(anonymous_1)
FN:32,(anonymous_2)
FN:41,(anonymous_3)
FN:46,(anonymous_4)
FN:48,(anonymous_5)
FN:52,(anonymous_6)
FN:63,(anonymous_7)
FN:67,(anonymous_8)
FN:109,(anonymous_9)
FN:120,(anonymous_10)
FNF:10
FNH:0
FNDA:0,(anonymous_1)
FNDA:0,(anonymous_2)
FNDA:0,(anonymous_3)
FNDA:0,(anonymous_4)
FNDA:0,(anonymous_5)
FNDA:0,(anonymous_6)
FNDA:0,(anonymous_7)
FNDA:0,(anonymous_8)
FNDA:0,(anonymous_9)
FNDA:0,(anonymous_10)
DA:1,0
DA:2,0
DA:3,0
DA:4,0
DA:5,0
DA:6,0
DA:7,0
DA:11,0
DA:13,0
DA:15,0
DA:16,0
DA:17,0
DA:19,0
DA:22,0
DA:23,0
DA:24,0
DA:32,0
DA:33,0
DA:34,0
DA:35,0
DA:36,0
DA:41,0
DA:42,0
DA:46,0
DA:48,0
DA:52,0
DA:53,0
DA:59,0
DA:63,0
DA:65,0
DA:67,0
DA:70,0
DA:109,0
DA:120,0
DA:128,0
LF:35
LH:0
BRDA:35,0,0,0
BRF:1
BRH:0
end_of_record
TN:
SF:src\services\api.ts
FN:15,(anonymous_1)
FN:25,(anonymous_2)
FN:33,(anonymous_3)
FN:56,(anonymous_4)
FN:139,(anonymous_5)
FN:157,(anonymous_6)
FN:162,(anonymous_7)
FN:167,(anonymous_8)
FN:172,(anonymous_9)
FN:180,(anonymous_10)
FN:185,(anonymous_11)
FN:190,(anonymous_12)
FN:195,(anonymous_13)
FN:203,(anonymous_14)
FN:206,(anonymous_15)
FN:209,(anonymous_16)
FN:214,(anonymous_17)
FN:222,(anonymous_18)
FN:244,(anonymous_19)
FN:260,(anonymous_20)
FN:265,(anonymous_21)
FNF:21
FNH:0
FNDA:0,(anonymous_1)
FNDA:0,(anonymous_2)
FNDA:0,(anonymous_3)
FNDA:0,(anonymous_4)
FNDA:0,(anonymous_5)
FNDA:0,(anonymous_6)
FNDA:0,(anonymous_7)
FNDA:0,(anonymous_8)
FNDA:0,(anonymous_9)
FNDA:0,(anonymous_10)
FNDA:0,(anonymous_11)
FNDA:0,(anonymous_12)
FNDA:0,(anonymous_13)
FNDA:0,(anonymous_14)
FNDA:0,(anonymous_15)
FNDA:0,(anonymous_16)
FNDA:0,(anonymous_17)
FNDA:0,(anonymous_18)
FNDA:0,(anonymous_19)
FNDA:0,(anonymous_20)
FNDA:0,(anonymous_21)
DA:1,0
DA:5,0
DA:14,0
DA:16,0
DA:23,0
DA:26,0
DA:27,0
DA:32,0
DA:35,0
DA:41,0
DA:43,0
DA:44,0
DA:54,0
DA:59,0
DA:60,0
DA:62,0
DA:63,0
DA:64,0
DA:67,0
DA:70,0
DA:73,0
DA:76,0
DA:85,0
DA:87,0
DA:90,0
DA:92,0
DA:94,0
DA:95,0
DA:97,0
DA:99,0
DA:100,0
DA:102,0
DA:103,0
DA:105,0
DA:106,0
DA:108,0
DA:109,0
DA:111,0
DA:113,0
DA:115,0
DA:118,0
DA:122,0
DA:132,0
DA:137,0
DA:141,0
DA:144,0
DA:145,0
DA:148,0
DA:149,0
DA:152,0
DA:153,0
DA:158,0
DA:163,0
DA:168,0
DA:173,0
DA:178,0
DA:181,0
DA:186,0
DA:191,0
DA:196,0
DA:201,0
DA:204,0
DA:207,0
DA:210,0
DA:215,0
DA:220,0
DA:224,0
DA:227,0
DA:228,0
DA:231,0
DA:232,0
DA:235,0
DA:236,0
DA:239,0
DA:240,0
DA:246,0
DA:248,0
DA:252,0
DA:253,0
DA:256,0
DA:261,0
DA:267,0
DA:268,0
DA:271,0
DA:272,0
DA:275,0
DA:276,0
DA:277,0
DA:280,0
DA:285,0
LF:90
LH:0
BRDA:36,0,0,0
BRDA:36,0,1,0
BRDA:36,1,0,0
BRDA:36,1,1,0
BRDA:41,2,0,0
BRDA:41,3,0,0
BRDA:41,3,1,0
BRDA:43,4,0,0
BRDA:62,5,0,0
BRDA:62,5,1,0
BRDA:62,6,0,0
BRDA:62,6,1,0
BRDA:62,7,0,0
BRDA:62,7,1,0
BRDA:62,8,0,0
BRDA:62,8,1,0
BRDA:70,9,0,0
BRDA:70,9,1,0
BRDA:70,10,0,0
BRDA:70,10,1,0
BRDA:77,11,0,0
BRDA:77,11,1,0
BRDA:77,12,0,0
BRDA:77,12,1,0
BRDA:78,13,0,0
BRDA:78,13,1,0
BRDA:78,14,0,0
BRDA:78,14,1,0
BRDA:79,15,0,0
BRDA:79,15,1,0
BRDA:79,16,0,0
BRDA:79,16,1,0
BRDA:80,17,0,0
BRDA:80,17,1,0
BRDA:80,18,0,0
BRDA:80,18,1,0
BRDA:82,19,0,0
BRDA:82,19,1,0
BRDA:82,20,0,0
BRDA:82,20,1,0
BRDA:90,21,0,0
BRDA:90,21,1,0
BRDA:95,22,0,0
BRDA:95,22,1,0
BRDA:95,22,2,0
BRDA:95,22,3,0
BRDA:95,23,0,0
BRDA:95,23,1,0
BRDA:95,24,0,0
BRDA:95,24,1,0
BRDA:95,25,0,0
BRDA:95,25,1,0
BRDA:95,26,0,0
BRDA:95,26,1,0
BRDA:95,27,0,0
BRDA:95,27,1,0
BRDA:95,28,0,0
BRDA:95,28,1,0
BRDA:97,29,0,0
BRDA:97,29,1,0
BRDA:97,29,2,0
BRDA:97,29,3,0
BRDA:97,29,4,0
BRDA:105,30,0,0
BRDA:105,30,1,0
BRDA:108,31,0,0
BRDA:108,31,1,0
BRDA:111,32,0,0
BRDA:111,32,1,0
BRDA:113,33,0,0
BRDA:113,33,1,0
BRDA:126,34,0,0
BRDA:126,34,1,0
BRDA:126,35,0,0
BRDA:126,35,1,0
BRDA:127,36,0,0
BRDA:127,36,1,0
BRDA:127,37,0,0
BRDA:127,37,1,0
BRDA:128,38,0,0
BRDA:128,38,1,0
BRDA:128,39,0,0
BRDA:128,39,1,0
BRDA:144,40,0,0
BRDA:144,41,0,0
BRDA:144,41,1,0
BRDA:144,41,2,0
BRDA:144,41,3,0
BRDA:144,42,0,0
BRDA:144,42,1,0
BRDA:144,43,0,0
BRDA:144,43,1,0
BRDA:148,44,0,0
BRDA:148,45,0,0
BRDA:148,45,1,0
BRDA:148,45,2,0
BRDA:148,45,3,0
BRDA:148,46,0,0
BRDA:148,46,1,0
BRDA:148,47,0,0
BRDA:148,47,1,0
BRDA:227,48,0,0
BRDA:227,49,0,0
BRDA:227,49,1,0
BRDA:227,49,2,0
BRDA:227,49,3,0
BRDA:227,50,0,0
BRDA:227,50,1,0
BRDA:227,51,0,0
BRDA:227,51,1,0
BRDA:231,52,0,0
BRDA:231,53,0,0
BRDA:231,53,1,0
BRDA:231,54,0,0
BRDA:231,54,1,0
BRDA:235,55,0,0
BRDA:235,56,0,0
BRDA:235,56,1,0
BRDA:235,57,0,0
BRDA:235,57,1,0
BRDA:235,58,0,0
BRDA:235,58,1,0
BRDA:246,59,0,0
BRDA:246,60,0,0
BRDA:246,60,1,0
BRDA:246,60,2,0
BRDA:246,60,3,0
BRDA:246,60,4,0
BRDA:246,60,5,0
BRDA:246,60,6,0
BRDA:252,61,0,0
BRDA:252,62,0,0
BRDA:252,62,1,0
BRDA:267,63,0,0
BRDA:267,64,0,0
BRDA:267,64,1,0
BRDA:271,65,0,0
BRDA:276,66,0,0
BRF:138
BRH:0
end_of_record
TN:
SF:src\types\index.ts
FNF:0
FNH:0
DA:20,0
DA:44,0
LF:2
LH:0
BRF:0
BRH:0
end_of_record
