TN:
SF:src\App.tsx
FN:8,App
FNF:1
FNH:0
FNDA:0,App
DA:2,0
DA:3,0
DA:4,0
DA:5,0
DA:6,0
DA:9,0
DA:22,0
LF:7
LH:0
BRF:0
BRH:0
end_of_record
TN:
SF:src\components\BasicComponent.tsx
FN:11,(anonymous_0)
FNF:1
FNH:0
FNDA:0,(anonymous_0)
DA:11,0
DA:12,0
DA:20,0
LF:3
LH:0
BRDA:15,0,0,0
BRDA:15,0,1,0
BRF:2
BRH:0
end_of_record
TN:
SF:src\components\CalendarView.tsx
FN:17,(anonymous_8)
FN:29,(anonymous_9)
FN:38,(anonymous_10)
FN:42,(anonymous_11)
FN:42,(anonymous_12)
FN:128,(anonymous_13)
FN:134,(anonymous_14)
FN:142,(anonymous_15)
FN:143,(anonymous_16)
FN:148,(anonymous_17)
FN:162,(anonymous_18)
FN:167,(anonymous_19)
FN:175,(anonymous_20)
FN:216,(anonymous_21)
FN:217,(anonymous_22)
FN:221,(anonymous_23)
FN:233,(anonymous_24)
FN:240,(anonymous_25)
FN:252,(anonymous_26)
FN:275,(anonymous_27)
FNF:20
FNH:0
FNDA:0,(anonymous_8)
FNDA:0,(anonymous_9)
FNDA:0,(anonymous_10)
FNDA:0,(anonymous_11)
FNDA:0,(anonymous_12)
FNDA:0,(anonymous_13)
FNDA:0,(anonymous_14)
FNDA:0,(anonymous_15)
FNDA:0,(anonymous_16)
FNDA:0,(anonymous_17)
FNDA:0,(anonymous_18)
FNDA:0,(anonymous_19)
FNDA:0,(anonymous_20)
FNDA:0,(anonymous_21)
FNDA:0,(anonymous_22)
FNDA:0,(anonymous_23)
FNDA:0,(anonymous_24)
FNDA:0,(anonymous_25)
FNDA:0,(anonymous_26)
FNDA:0,(anonymous_27)
DA:1,0
DA:2,0
DA:3,0
DA:6,0
DA:15,0
DA:17,0
DA:23,0
DA:24,0
DA:25,0
DA:26,0
DA:29,0
DA:30,0
DA:31,0
DA:38,0
DA:40,0
DA:42,0
DA:43,0
DA:44,0
DA:45,0
DA:47,0
DA:50,0
DA:51,0
DA:53,0
DA:54,0
DA:57,0
DA:60,0
DA:61,0
DA:64,0
DA:65,0
DA:68,0
DA:69,0
DA:70,0
DA:71,0
DA:72,0
DA:73,0
DA:77,0
DA:78,0
DA:81,0
DA:82,0
DA:83,0
DA:88,0
DA:89,0
DA:90,0
DA:91,0
DA:92,0
DA:93,0
DA:97,0
DA:98,0
DA:102,0
DA:103,0
DA:106,0
DA:107,0
DA:108,0
DA:109,0
DA:111,0
DA:114,0
DA:119,0
DA:120,0
DA:122,0
DA:123,0
DA:128,0
DA:132,0
DA:134,0
DA:135,0
DA:142,0
DA:143,0
DA:144,0
DA:148,0
DA:149,0
DA:151,0
DA:153,0
DA:155,0
DA:157,0
DA:162,0
DA:163,0
DA:167,0
DA:168,0
DA:175,0
DA:176,0
DA:177,0
DA:179,0
DA:181,0
DA:204,0
DA:216,0
DA:218,0
DA:219,0
DA:222,0
DA:223,0
DA:233,0
DA:234,0
DA:240,0
DA:241,0
DA:248,0
DA:252,0
DA:263,0
DA:275,0
DA:276,0
DA:285,0
DA:288,0
DA:289,0
DA:298,0
DA:299,0
DA:308,0
DA:330,0
LF:104
LH:0
BRDA:50,0,0,0
BRDA:50,1,0,0
BRDA:50,1,1,0
BRDA:50,1,2,0
BRDA:53,2,0,0
BRDA:53,3,0,0
BRDA:53,3,1,0
BRDA:53,3,2,0
BRDA:69,4,0,0
BRDA:69,5,0,0
BRDA:69,5,1,0
BRDA:69,6,0,0
BRDA:69,6,1,0
BRDA:70,7,0,0
BRDA:70,7,1,0
BRDA:72,8,0,0
BRDA:73,9,0,0
BRDA:73,9,1,0
BRDA:81,10,0,0
BRDA:81,11,0,0
BRDA:81,11,1,0
BRDA:89,12,0,0
BRDA:89,13,0,0
BRDA:89,13,1,0
BRDA:89,14,0,0
BRDA:89,14,1,0
BRDA:90,15,0,0
BRDA:90,15,1,0
BRDA:92,16,0,0
BRDA:93,17,0,0
BRDA:93,17,1,0
BRDA:102,18,0,0
BRDA:102,18,1,0
BRDA:102,19,0,0
BRDA:102,19,1,0
BRDA:102,20,0,0
BRDA:102,20,1,0
BRDA:106,21,0,0
BRDA:106,21,1,0
BRDA:106,22,0,0
BRDA:106,22,1,0
BRDA:106,23,0,0
BRDA:106,23,1,0
BRDA:106,24,0,0
BRDA:106,24,1,0
BRDA:106,25,0,0
BRDA:106,25,1,0
BRDA:108,26,0,0
BRDA:108,26,1,0
BRDA:108,27,0,0
BRDA:108,27,1,0
BRDA:108,28,0,0
BRDA:108,28,1,0
BRDA:108,29,0,0
BRDA:108,29,1,0
BRDA:108,30,0,0
BRDA:108,30,1,0
BRDA:119,31,0,0
BRDA:119,31,1,0
BRDA:135,32,0,0
BRDA:135,32,1,0
BRDA:144,33,0,0
BRDA:144,33,1,0
BRDA:149,34,0,0
BRDA:149,34,1,0
BRDA:149,34,2,0
BRDA:149,34,3,0
BRDA:168,35,0,0
BRDA:168,35,1,0
BRDA:169,36,0,0
BRDA:169,36,1,0
BRDA:171,37,0,0
BRDA:171,37,1,0
BRDA:179,38,0,0
BRDA:179,38,1,0
BRDA:288,39,0,0
BRDA:298,40,0,0
BRDA:313,41,0,0
BRDA:313,41,1,0
BRF:79
BRH:0
end_of_record
TN:
SF:src\components\FilterComponent.tsx
FN:13,(anonymous_8)
FN:26,(anonymous_9)
FN:32,(anonymous_10)
FN:40,(anonymous_11)
FN:40,(anonymous_12)
FN:60,(anonymous_13)
FN:65,(anonymous_14)
FN:70,(anonymous_15)
FN:89,(anonymous_16)
FN:95,(anonymous_17)
FN:101,(anonymous_18)
FN:106,(anonymous_19)
FN:161,(anonymous_20)
FN:192,(anonymous_21)
FN:208,(anonymous_22)
FNF:15
FNH:0
FNDA:0,(anonymous_8)
FNDA:0,(anonymous_9)
FNDA:0,(anonymous_10)
FNDA:0,(anonymous_11)
FNDA:0,(anonymous_12)
FNDA:0,(anonymous_13)
FNDA:0,(anonymous_14)
FNDA:0,(anonymous_15)
FNDA:0,(anonymous_16)
FNDA:0,(anonymous_17)
FNDA:0,(anonymous_18)
FNDA:0,(anonymous_19)
FNDA:0,(anonymous_20)
FNDA:0,(anonymous_21)
FNDA:0,(anonymous_22)
DA:1,0
DA:2,0
DA:3,0
DA:4,0
DA:6,0
DA:13,0
DA:14,0
DA:15,0
DA:16,0
DA:17,0
DA:18,0
DA:19,0
DA:20,0
DA:26,0
DA:27,0
DA:32,0
DA:35,0
DA:36,0
DA:40,0
DA:41,0
DA:42,0
DA:44,0
DA:45,0
DA:46,0
DA:49,0
DA:50,0
DA:51,0
DA:53,0
DA:55,0
DA:60,0
DA:61,0
DA:65,0
DA:66,0
DA:70,0
DA:71,0
DA:73,0
DA:74,0
DA:75,0
DA:76,0
DA:77,0
DA:79,0
DA:80,0
DA:82,0
DA:89,0
DA:90,0
DA:91,0
DA:95,0
DA:96,0
DA:97,0
DA:101,0
DA:102,0
DA:106,0
DA:107,0
DA:108,0
DA:111,0
DA:161,0
DA:193,0
DA:209,0
DA:245,0
LF:59
LH:0
BRDA:35,0,0,0
BRDA:35,1,0,0
BRDA:35,1,1,0
BRDA:45,2,0,0
BRDA:45,2,1,0
BRDA:45,3,0,0
BRDA:45,3,1,0
BRDA:45,4,0,0
BRDA:45,4,1,0
BRDA:45,5,0,0
BRDA:45,5,1,0
BRDA:50,6,0,0
BRDA:50,6,1,0
BRDA:50,7,0,0
BRDA:50,7,1,0
BRDA:50,8,0,0
BRDA:50,8,1,0
BRDA:50,9,0,0
BRDA:50,9,1,0
BRDA:71,10,0,0
BRDA:73,11,0,0
BRDA:73,11,1,0
BRDA:75,12,0,0
BRDA:75,12,1,0
BRDA:77,13,0,0
BRDA:156,14,0,0
BRDA:156,14,1,0
BRF:27
BRH:0
end_of_record
TN:
SF:src\components\GeneralReservationForm.tsx
FN:32,(anonymous_7)
FN:64,(anonymous_8)
FN:66,(anonymous_9)
FN:79,(anonymous_10)
FN:85,(anonymous_11)
FN:96,(anonymous_12)
FN:103,(anonymous_13)
FN:109,(anonymous_14)
FN:111,(anonymous_15)
FN:119,(anonymous_16)
FN:128,(anonymous_17)
FN:139,(anonymous_18)
FN:139,(anonymous_19)
FN:163,(anonymous_20)
FN:163,(anonymous_21)
FN:188,(anonymous_22)
FN:188,(anonymous_23)
FN:229,(anonymous_24)
FN:237,(anonymous_25)
FN:241,(anonymous_26)
FN:277,(anonymous_27)
FN:315,(anonymous_28)
FN:316,(anonymous_29)
FN:319,(anonymous_30)
FN:335,(anonymous_31)
FN:349,(anonymous_32)
FN:363,(anonymous_33)
FN:364,(anonymous_34)
FN:376,(anonymous_35)
FN:377,(anonymous_36)
FN:380,(anonymous_37)
FN:395,(anonymous_38)
FN:403,(anonymous_39)
FN:420,(anonymous_40)
FN:449,(anonymous_41)
FN:510,(anonymous_42)
FN:510,(anonymous_43)
FN:554,(anonymous_44)
FN:571,(anonymous_45)
FN:624,(anonymous_46)
FN:647,(anonymous_47)
FN:653,(anonymous_48)
FN:658,(anonymous_49)
FN:675,(anonymous_50)
FN:681,(anonymous_51)
FN:686,(anonymous_52)
FN:703,(anonymous_53)
FN:710,(anonymous_54)
FN:720,(anonymous_55)
FN:737,(anonymous_56)
FN:753,(anonymous_57)
FN:754,(anonymous_58)
FN:761,(anonymous_59)
FN:777,(anonymous_60)
FN:778,(anonymous_61)
FN:786,(anonymous_62)
FN:801,(anonymous_63)
FN:810,(anonymous_64)
FN:821,(anonymous_65)
FNF:59
FNH:0
FNDA:0,(anonymous_7)
FNDA:0,(anonymous_8)
FNDA:0,(anonymous_9)
FNDA:0,(anonymous_10)
FNDA:0,(anonymous_11)
FNDA:0,(anonymous_12)
FNDA:0,(anonymous_13)
FNDA:0,(anonymous_14)
FNDA:0,(anonymous_15)
FNDA:0,(anonymous_16)
FNDA:0,(anonymous_17)
FNDA:0,(anonymous_18)
FNDA:0,(anonymous_19)
FNDA:0,(anonymous_20)
FNDA:0,(anonymous_21)
FNDA:0,(anonymous_22)
FNDA:0,(anonymous_23)
FNDA:0,(anonymous_24)
FNDA:0,(anonymous_25)
FNDA:0,(anonymous_26)
FNDA:0,(anonymous_27)
FNDA:0,(anonymous_28)
FNDA:0,(anonymous_29)
FNDA:0,(anonymous_30)
FNDA:0,(anonymous_31)
FNDA:0,(anonymous_32)
FNDA:0,(anonymous_33)
FNDA:0,(anonymous_34)
FNDA:0,(anonymous_35)
FNDA:0,(anonymous_36)
FNDA:0,(anonymous_37)
FNDA:0,(anonymous_38)
FNDA:0,(anonymous_39)
FNDA:0,(anonymous_40)
FNDA:0,(anonymous_41)
FNDA:0,(anonymous_42)
FNDA:0,(anonymous_43)
FNDA:0,(anonymous_44)
FNDA:0,(anonymous_45)
FNDA:0,(anonymous_46)
FNDA:0,(anonymous_47)
FNDA:0,(anonymous_48)
FNDA:0,(anonymous_49)
FNDA:0,(anonymous_50)
FNDA:0,(anonymous_51)
FNDA:0,(anonymous_52)
FNDA:0,(anonymous_53)
FNDA:0,(anonymous_54)
FNDA:0,(anonymous_55)
FNDA:0,(anonymous_56)
FNDA:0,(anonymous_57)
FNDA:0,(anonymous_58)
FNDA:0,(anonymous_59)
FNDA:0,(anonymous_60)
FNDA:0,(anonymous_61)
FNDA:0,(anonymous_62)
FNDA:0,(anonymous_63)
FNDA:0,(anonymous_64)
FNDA:0,(anonymous_65)
DA:1,0
DA:2,0
DA:3,0
DA:32,0
DA:41,0
DA:42,0
DA:43,0
DA:44,0
DA:45,0
DA:46,0
DA:47,0
DA:48,0
DA:49,0
DA:50,0
DA:52,0
DA:64,0
DA:65,0
DA:66,0
DA:74,0
DA:79,0
DA:80,0
DA:82,0
DA:87,0
DA:93,0
DA:96,0
DA:98,0
DA:99,0
DA:103,0
DA:104,0
DA:109,0
DA:111,0
DA:112,0
DA:113,0
DA:119,0
DA:120,0
DA:121,0
DA:124,0
DA:126,0
DA:127,0
DA:128,0
DA:131,0
DA:139,0
DA:140,0
DA:141,0
DA:142,0
DA:143,0
DA:145,0
DA:146,0
DA:147,0
DA:148,0
DA:149,0
DA:152,0
DA:154,0
DA:156,0
DA:163,0
DA:164,0
DA:165,0
DA:166,0
DA:167,0
DA:169,0
DA:170,0
DA:171,0
DA:172,0
DA:173,0
DA:176,0
DA:178,0
DA:180,0
DA:188,0
DA:190,0
DA:192,0
DA:193,0
DA:196,0
DA:199,0
DA:200,0
DA:203,0
DA:204,0
DA:207,0
DA:210,0
DA:213,0
DA:215,0
DA:217,0
DA:218,0
DA:219,0
DA:223,0
DA:226,0
DA:229,0
DA:234,0
DA:237,0
DA:240,0
DA:241,0
DA:242,0
DA:243,0
DA:244,0
DA:248,0
DA:251,0
DA:254,0
DA:256,0
DA:257,0
DA:258,0
DA:259,0
DA:264,0
DA:267,0
DA:269,0
DA:277,0
DA:279,0
DA:280,0
DA:281,0
DA:285,0
DA:287,0
DA:289,0
DA:290,0
DA:291,0
DA:295,0
DA:296,0
DA:300,0
DA:301,0
DA:304,0
DA:307,0
DA:308,0
DA:315,0
DA:316,0
DA:318,0
DA:319,0
DA:335,0
DA:336,0
DA:338,0
DA:339,0
DA:342,0
DA:349,0
DA:350,0
DA:352,0
DA:353,0
DA:356,0
DA:363,0
DA:364,0
DA:366,0
DA:367,0
DA:369,0
DA:376,0
DA:377,0
DA:379,0
DA:380,0
DA:381,0
DA:382,0
DA:383,0
DA:395,0
DA:396,0
DA:397,0
DA:398,0
DA:399,0
DA:403,0
DA:404,0
DA:406,0
DA:407,0
DA:408,0
DA:411,0
DA:412,0
DA:413,0
DA:420,0
DA:424,0
DA:425,0
DA:427,0
DA:428,0
DA:430,0
DA:431,0
DA:434,0
DA:436,0
DA:437,0
DA:438,0
DA:440,0
DA:441,0
DA:442,0
DA:449,0
DA:450,0
DA:453,0
DA:454,0
DA:458,0
DA:459,0
DA:462,0
DA:463,0
DA:464,0
DA:465,0
DA:469,0
DA:470,0
DA:473,0
DA:474,0
DA:475,0
DA:476,0
DA:477,0
DA:483,0
DA:484,0
DA:488,0
DA:489,0
DA:492,0
DA:493,0
DA:494,0
DA:499,0
DA:500,0
DA:503,0
DA:504,0
DA:510,0
DA:511,0
DA:512,0
DA:513,0
DA:516,0
DA:517,0
DA:519,0
DA:523,0
DA:532,0
DA:533,0
DA:534,0
DA:535,0
DA:539,0
DA:541,0
DA:543,0
DA:544,0
DA:547,0
DA:554,0
DA:555,0
DA:565,0
DA:571,0
DA:572,0
DA:573,0
DA:576,0
DA:624,0
DA:648,0
DA:649,0
DA:655,0
DA:659,0
DA:676,0
DA:677,0
DA:683,0
DA:687,0
DA:704,0
DA:705,0
DA:712,0
DA:720,0
DA:737,0
DA:753,0
DA:756,0
DA:757,0
DA:758,0
DA:763,0
DA:764,0
DA:765,0
DA:777,0
DA:780,0
DA:781,0
DA:782,0
DA:783,0
DA:788,0
DA:789,0
DA:790,0
DA:801,0
DA:810,0
DA:821,0
DA:832,0
LF:257
LH:0
BRDA:56,0,0,0
BRDA:56,0,1,0
BRDA:57,1,0,0
BRDA:57,1,1,0
BRDA:65,2,0,0
BRDA:65,3,0,0
BRDA:65,3,1,0
BRDA:68,4,0,0
BRDA:68,4,1,0
BRDA:69,5,0,0
BRDA:69,5,1,0
BRDA:80,6,0,0
BRDA:98,7,0,0
BRDA:112,8,0,0
BRDA:124,9,0,0
BRDA:126,10,0,0
BRDA:126,10,1,0
BRDA:126,11,0,0
BRDA:126,11,1,0
BRDA:145,12,0,0
BRDA:145,13,0,0
BRDA:145,13,1,0
BRDA:145,14,0,0
BRDA:145,14,1,0
BRDA:146,15,0,0
BRDA:146,15,1,0
BRDA:148,16,0,0
BRDA:148,17,0,0
BRDA:148,17,1,0
BRDA:169,18,0,0
BRDA:169,19,0,0
BRDA:169,19,1,0
BRDA:169,20,0,0
BRDA:169,20,1,0
BRDA:170,21,0,0
BRDA:170,21,1,0
BRDA:172,22,0,0
BRDA:172,23,0,0
BRDA:172,23,1,0
BRDA:199,24,0,0
BRDA:199,25,0,0
BRDA:199,25,1,0
BRDA:199,25,2,0
BRDA:199,25,3,0
BRDA:203,26,0,0
BRDA:203,27,0,0
BRDA:203,27,1,0
BRDA:203,27,2,0
BRDA:203,27,3,0
BRDA:215,28,0,0
BRDA:215,29,0,0
BRDA:215,29,1,0
BRDA:231,30,0,0
BRDA:231,30,1,0
BRDA:231,31,0,0
BRDA:231,31,1,0
BRDA:240,32,0,0
BRDA:254,33,0,0
BRDA:256,34,0,0
BRDA:256,34,1,0
BRDA:258,35,0,0
BRDA:279,36,0,0
BRDA:279,37,0,0
BRDA:279,37,1,0
BRDA:287,38,0,0
BRDA:287,38,1,0
BRDA:289,39,0,0
BRDA:289,39,1,0
BRDA:289,40,0,0
BRDA:289,40,1,0
BRDA:290,41,0,0
BRDA:295,42,0,0
BRDA:300,43,0,0
BRDA:318,44,0,0
BRDA:318,44,1,0
BRDA:318,44,2,0
BRDA:325,45,0,0
BRDA:325,45,1,0
BRDA:325,45,2,0
BRDA:327,46,0,0
BRDA:327,46,1,0
BRDA:327,47,0,0
BRDA:327,47,1,0
BRDA:336,48,0,0
BRDA:338,49,0,0
BRDA:338,50,0,0
BRDA:338,50,1,0
BRDA:339,51,0,0
BRDA:339,51,1,0
BRDA:339,51,2,0
BRDA:342,52,0,0
BRDA:342,52,1,0
BRDA:342,52,2,0
BRDA:350,53,0,0
BRDA:352,54,0,0
BRDA:352,55,0,0
BRDA:352,55,1,0
BRDA:353,56,0,0
BRDA:353,56,1,0
BRDA:353,56,2,0
BRDA:356,57,0,0
BRDA:356,57,1,0
BRDA:356,57,2,0
BRDA:366,58,0,0
BRDA:366,58,1,0
BRDA:366,59,0,0
BRDA:366,59,1,0
BRDA:367,60,0,0
BRDA:369,61,0,0
BRDA:369,61,1,0
BRDA:369,62,0,0
BRDA:369,62,1,0
BRDA:379,63,0,0
BRDA:404,64,0,0
BRDA:404,64,1,0
BRDA:424,65,0,0
BRDA:424,65,1,0
BRDA:424,66,0,0
BRDA:424,66,1,0
BRDA:424,66,2,0
BRDA:425,67,0,0
BRDA:425,67,1,0
BRDA:428,68,0,0
BRDA:428,68,1,0
BRDA:430,69,0,0
BRDA:430,69,1,0
BRDA:438,70,0,0
BRDA:438,70,1,0
BRDA:438,71,0,0
BRDA:438,71,1,0
BRDA:438,71,2,0
BRDA:441,72,0,0
BRDA:441,73,0,0
BRDA:441,73,1,0
BRDA:441,73,2,0
BRDA:453,74,0,0
BRDA:458,75,0,0
BRDA:458,75,1,0
BRDA:464,76,0,0
BRDA:469,77,0,0
BRDA:469,77,1,0
BRDA:473,78,0,0
BRDA:476,79,0,0
BRDA:483,80,0,0
BRDA:483,81,0,0
BRDA:483,81,1,0
BRDA:488,82,0,0
BRDA:488,82,1,0
BRDA:488,83,0,0
BRDA:488,83,1,0
BRDA:493,84,0,0
BRDA:499,85,0,0
BRDA:499,86,0,0
BRDA:499,86,1,0
BRDA:511,87,0,0
BRDA:534,88,0,0
BRDA:543,89,0,0
BRDA:643,90,0,0
BRDA:643,90,1,0
BRDA:648,91,0,0
BRDA:648,92,0,0
BRDA:648,92,1,0
BRDA:655,93,0,0
BRDA:655,93,1,0
BRDA:671,94,0,0
BRDA:671,94,1,0
BRDA:676,95,0,0
BRDA:676,96,0,0
BRDA:676,96,1,0
BRDA:683,97,0,0
BRDA:683,97,1,0
BRDA:699,98,0,0
BRDA:699,98,1,0
BRDA:701,99,0,0
BRDA:701,99,1,0
BRDA:704,100,0,0
BRDA:704,101,0,0
BRDA:704,101,1,0
BRDA:709,102,0,0
BRDA:709,102,1,0
BRDA:709,102,2,0
BRDA:712,103,0,0
BRDA:712,103,1,0
BRDA:715,104,0,0
BRDA:715,104,1,0
BRDA:719,105,0,0
BRDA:719,105,1,0
BRDA:725,106,0,0
BRDA:725,106,1,0
BRDA:725,107,0,0
BRDA:725,107,1,0
BRDA:725,108,0,0
BRDA:725,108,1,0
BRDA:725,109,0,0
BRDA:725,109,1,0
BRDA:730,110,0,0
BRDA:730,110,1,0
BRDA:734,111,0,0
BRDA:734,111,1,0
BRDA:747,112,0,0
BRDA:747,112,1,0
BRDA:752,113,0,0
BRDA:752,113,1,0
BRDA:756,114,0,0
BRDA:756,115,0,0
BRDA:756,115,1,0
BRDA:765,116,0,0
BRDA:765,116,1,0
BRDA:771,117,0,0
BRDA:771,117,1,0
BRDA:776,118,0,0
BRDA:776,118,1,0
BRDA:780,119,0,0
BRDA:780,120,0,0
BRDA:780,120,1,0
BRDA:781,121,0,0
BRDA:781,121,1,0
BRDA:790,122,0,0
BRDA:790,122,1,0
BRDA:797,123,0,0
BRDA:797,123,1,0
BRDA:806,124,0,0
BRDA:806,124,1,0
BRDA:817,125,0,0
BRDA:817,125,1,0
BRDA:821,126,0,0
BRDA:821,126,1,0
BRDA:821,127,0,0
BRDA:821,127,1,0
BRDA:821,128,0,0
BRDA:821,128,1,0
BRF:231
BRH:0
end_of_record
TN:
SF:src\components\ReservationCalendar.tsx
FN:12,(anonymous_8)
FN:28,(anonymous_9)
FN:33,(anonymous_10)
FN:40,(anonymous_11)
FN:40,(anonymous_12)
FN:66,(anonymous_13)
FN:66,(anonymous_14)
FN:98,(anonymous_15)
FN:109,(anonymous_16)
FN:130,(anonymous_17)
FN:137,(anonymous_18)
FN:146,(anonymous_19)
FN:153,(anonymous_20)
FN:153,(anonymous_21)
FN:185,(anonymous_22)
FN:215,(anonymous_23)
FN:232,(anonymous_24)
FN:239,(anonymous_25)
FN:252,(anonymous_26)
FN:255,(anonymous_27)
FN:266,(anonymous_28)
FN:269,(anonymous_29)
FN:315,(anonymous_30)
FN:321,(anonymous_31)
FN:324,(anonymous_32)
FN:332,(anonymous_33)
FN:347,(anonymous_34)
FN:376,(anonymous_35)
FN:377,(anonymous_36)
FNF:29
FNH:0
FNDA:0,(anonymous_8)
FNDA:0,(anonymous_9)
FNDA:0,(anonymous_10)
FNDA:0,(anonymous_11)
FNDA:0,(anonymous_12)
FNDA:0,(anonymous_13)
FNDA:0,(anonymous_14)
FNDA:0,(anonymous_15)
FNDA:0,(anonymous_16)
FNDA:0,(anonymous_17)
FNDA:0,(anonymous_18)
FNDA:0,(anonymous_19)
FNDA:0,(anonymous_20)
FNDA:0,(anonymous_21)
FNDA:0,(anonymous_22)
FNDA:0,(anonymous_23)
FNDA:0,(anonymous_24)
FNDA:0,(anonymous_25)
FNDA:0,(anonymous_26)
FNDA:0,(anonymous_27)
FNDA:0,(anonymous_28)
FNDA:0,(anonymous_29)
FNDA:0,(anonymous_30)
FNDA:0,(anonymous_31)
FNDA:0,(anonymous_32)
FNDA:0,(anonymous_33)
FNDA:0,(anonymous_34)
FNDA:0,(anonymous_35)
FNDA:0,(anonymous_36)
DA:1,0
DA:2,0
DA:3,0
DA:5,0
DA:7,0
DA:9,0
DA:10,0
DA:12,0
DA:14,0
DA:15,0
DA:16,0
DA:17,0
DA:18,0
DA:19,0
DA:20,0
DA:21,0
DA:22,0
DA:23,0
DA:24,0
DA:25,0
DA:28,0
DA:29,0
DA:33,0
DA:34,0
DA:40,0
DA:41,0
DA:42,0
DA:47,0
DA:48,0
DA:50,0
DA:51,0
DA:52,0
DA:53,0
DA:55,0
DA:56,0
DA:59,0
DA:66,0
DA:67,0
DA:68,0
DA:69,0
DA:72,0
DA:73,0
DA:74,0
DA:76,0
DA:77,0
DA:79,0
DA:81,0
DA:82,0
DA:85,0
DA:86,0
DA:87,0
DA:89,0
DA:91,0
DA:98,0
DA:99,0
DA:100,0
DA:101,0
DA:103,0
DA:109,0
DA:110,0
DA:112,0
DA:113,0
DA:114,0
DA:115,0
DA:118,0
DA:119,0
DA:124,0
DA:130,0
DA:131,0
DA:137,0
DA:138,0
DA:139,0
DA:146,0
DA:147,0
DA:153,0
DA:154,0
DA:155,0
DA:158,0
DA:159,0
DA:162,0
DA:171,0
DA:173,0
DA:174,0
DA:176,0
DA:178,0
DA:185,0
DA:186,0
DA:188,0
DA:189,0
DA:192,0
DA:193,0
DA:196,0
DA:198,0
DA:202,0
DA:204,0
DA:217,0
DA:218,0
DA:219,0
DA:220,0
DA:221,0
DA:222,0
DA:224,0
DA:232,0
DA:239,0
DA:252,0
DA:256,0
DA:266,0
DA:270,0
DA:316,0
DA:322,0
DA:324,0
DA:333,0
DA:334,0
DA:335,0
DA:348,0
DA:349,0
DA:350,0
DA:376,0
DA:378,0
DA:379,0
DA:389,0
LF:121
LH:0
BRDA:47,0,0,0
BRDA:47,0,1,0
BRDA:47,1,0,0
BRDA:47,1,1,0
BRDA:48,2,0,0
BRDA:48,2,1,0
BRDA:48,3,0,0
BRDA:48,3,1,0
BRDA:50,4,0,0
BRDA:50,4,1,0
BRDA:50,5,0,0
BRDA:50,5,1,0
BRDA:50,6,0,0
BRDA:50,6,1,0
BRDA:50,7,0,0
BRDA:50,7,1,0
BRDA:51,8,0,0
BRDA:51,8,1,0
BRDA:51,9,0,0
BRDA:51,9,1,0
BRDA:51,10,0,0
BRDA:51,10,1,0
BRDA:51,11,0,0
BRDA:51,11,1,0
BRDA:52,12,0,0
BRDA:55,13,0,0
BRDA:73,14,0,0
BRDA:73,15,0,0
BRDA:73,15,1,0
BRDA:76,16,0,0
BRDA:76,17,0,0
BRDA:76,17,1,0
BRDA:81,18,0,0
BRDA:81,18,1,0
BRDA:81,19,0,0
BRDA:81,19,1,0
BRDA:81,20,0,0
BRDA:81,20,1,0
BRDA:81,21,0,0
BRDA:81,21,1,0
BRDA:86,22,0,0
BRDA:86,22,1,0
BRDA:86,23,0,0
BRDA:86,23,1,0
BRDA:86,24,0,0
BRDA:86,24,1,0
BRDA:86,25,0,0
BRDA:86,25,1,0
BRDA:113,26,0,0
BRDA:118,27,0,0
BRDA:118,28,0,0
BRDA:118,28,1,0
BRDA:138,29,0,0
BRDA:158,30,0,0
BRDA:158,30,1,0
BRDA:163,31,0,0
BRDA:163,31,1,0
BRDA:163,32,0,0
BRDA:163,32,1,0
BRDA:163,33,0,0
BRDA:163,33,1,0
BRDA:186,34,0,0
BRDA:186,34,1,0
BRDA:188,35,0,0
BRDA:188,35,1,0
BRDA:217,36,0,0
BRDA:217,36,1,0
BRDA:219,37,0,0
BRDA:219,37,1,0
BRDA:219,38,0,0
BRDA:219,38,1,0
BRDA:221,39,0,0
BRDA:221,39,1,0
BRDA:327,40,0,0
BRDA:327,40,1,0
BRDA:327,41,0,0
BRDA:327,41,1,0
BRDA:327,42,0,0
BRDA:327,42,1,0
BRDA:334,43,0,0
BRDA:334,43,1,0
BRDA:334,44,0,0
BRDA:334,44,1,0
BRDA:334,45,0,0
BRDA:334,45,1,0
BRDA:339,46,0,0
BRDA:339,46,1,0
BRDA:340,47,0,0
BRDA:340,47,1,0
BRDA:342,48,0,0
BRDA:342,48,1,0
BRDA:345,49,0,0
BRDA:345,49,1,0
BRDA:348,50,0,0
BRDA:354,51,0,0
BRDA:354,51,1,0
BRDA:355,52,0,0
BRDA:355,52,1,0
BRDA:381,53,0,0
BRDA:381,53,1,0
BRDA:381,54,0,0
BRDA:381,54,1,0
BRDA:382,55,0,0
BRDA:382,55,1,0
BRDA:383,56,0,0
BRDA:383,56,1,0
BRF:106
BRH:0
end_of_record
TN:
SF:src\components\ReservationForm.tsx
FN:17,(anonymous_8)
FN:44,(anonymous_9)
FN:58,(anonymous_10)
FN:65,(anonymous_11)
FN:72,(anonymous_12)
FN:72,(anonymous_13)
FN:84,(anonymous_14)
FN:121,(anonymous_15)
FN:122,(anonymous_16)
FN:125,(anonymous_17)
FN:130,(anonymous_18)
FN:130,(anonymous_19)
FN:174,(anonymous_20)
FN:180,(anonymous_21)
FN:196,(anonymous_22)
FN:224,(anonymous_23)
FN:240,(anonymous_24)
FN:257,(anonymous_25)
FNF:18
FNH:0
FNDA:0,(anonymous_8)
FNDA:0,(anonymous_9)
FNDA:0,(anonymous_10)
FNDA:0,(anonymous_11)
FNDA:0,(anonymous_12)
FNDA:0,(anonymous_13)
FNDA:0,(anonymous_14)
FNDA:0,(anonymous_15)
FNDA:0,(anonymous_16)
FNDA:0,(anonymous_17)
FNDA:0,(anonymous_18)
FNDA:0,(anonymous_19)
FNDA:0,(anonymous_20)
FNDA:0,(anonymous_21)
FNDA:0,(anonymous_22)
FNDA:0,(anonymous_23)
FNDA:0,(anonymous_24)
FNDA:0,(anonymous_25)
DA:1,0
DA:2,0
DA:3,0
DA:5,0
DA:17,0
DA:26,0
DA:27,0
DA:30,0
DA:37,0
DA:44,0
DA:45,0
DA:50,0
DA:58,0
DA:59,0
DA:60,0
DA:65,0
DA:66,0
DA:67,0
DA:72,0
DA:73,0
DA:74,0
DA:76,0
DA:78,0
DA:79,0
DA:84,0
DA:85,0
DA:90,0
DA:93,0
DA:94,0
DA:95,0
DA:99,0
DA:100,0
DA:101,0
DA:102,0
DA:103,0
DA:104,0
DA:108,0
DA:109,0
DA:110,0
DA:111,0
DA:112,0
DA:113,0
DA:116,0
DA:117,0
DA:121,0
DA:122,0
DA:124,0
DA:125,0
DA:130,0
DA:131,0
DA:132,0
DA:135,0
DA:136,0
DA:138,0
DA:139,0
DA:142,0
DA:151,0
DA:154,0
DA:157,0
DA:158,0
DA:161,0
DA:163,0
DA:164,0
DA:166,0
DA:169,0
DA:174,0
DA:175,0
DA:176,0
DA:180,0
DA:181,0
DA:186,0
DA:196,0
DA:224,0
DA:240,0
DA:257,0
DA:283,0
LF:76
LH:0
BRDA:59,0,0,0
BRDA:59,1,0,0
BRDA:59,1,1,0
BRDA:66,2,0,0
BRDA:93,3,0,0
BRDA:99,4,0,0
BRDA:99,4,1,0
BRDA:102,5,0,0
BRDA:108,6,0,0
BRDA:108,6,1,0
BRDA:111,7,0,0
BRDA:124,8,0,0
BRDA:131,9,0,0
BRDA:157,10,0,0
BRDA:163,11,0,0
BRDA:163,11,1,0
BRDA:163,12,0,0
BRDA:163,12,1,0
BRDA:163,13,0,0
BRDA:163,13,1,0
BRDA:203,14,0,0
BRDA:203,14,1,0
BRDA:211,15,0,0
BRDA:211,15,1,0
BRDA:211,16,0,0
BRDA:211,16,1,0
BRDA:211,16,2,0
BRDA:226,17,0,0
BRDA:226,17,1,0
BRDA:242,18,0,0
BRDA:242,18,1,0
BRDA:259,19,0,0
BRDA:259,19,1,0
BRF:33
BRH:0
end_of_record
TN:
SF:src\components\ReservationFormModal.tsx
FN:21,(anonymous_8)
FN:44,(anonymous_9)
FN:44,(anonymous_10)
FN:153,(anonymous_11)
FN:164,(anonymous_12)
FN:178,(anonymous_13)
FN:198,(anonymous_14)
FN:208,(anonymous_15)
FN:208,(anonymous_16)
FNF:9
FNH:0
FNDA:0,(anonymous_8)
FNDA:0,(anonymous_9)
FNDA:0,(anonymous_10)
FNDA:0,(anonymous_11)
FNDA:0,(anonymous_12)
FNDA:0,(anonymous_13)
FNDA:0,(anonymous_14)
FNDA:0,(anonymous_15)
FNDA:0,(anonymous_16)
DA:1,0
DA:2,0
DA:4,0
DA:6,0
DA:8,0
DA:21,0
DA:31,0
DA:32,0
DA:44,0
DA:46,0
DA:47,0
DA:48,0
DA:49,0
DA:51,0
DA:52,0
DA:53,0
DA:54,0
DA:56,0
DA:57,0
DA:58,0
DA:59,0
DA:62,0
DA:63,0
DA:66,0
DA:70,0
DA:71,0
DA:74,0
DA:75,0
DA:76,0
DA:77,0
DA:78,0
DA:79,0
DA:83,0
DA:92,0
DA:97,0
DA:98,0
DA:101,0
DA:103,0
DA:107,0
DA:110,0
DA:117,0
DA:118,0
DA:119,0
DA:123,0
DA:124,0
DA:125,0
DA:128,0
DA:129,0
DA:130,0
DA:131,0
DA:132,0
DA:133,0
DA:137,0
DA:145,0
DA:147,0
DA:148,0
DA:153,0
DA:155,0
DA:160,0
DA:164,0
DA:165,0
DA:168,0
DA:178,0
DA:200,0
DA:208,0
DA:209,0
DA:210,0
DA:211,0
DA:219,0
DA:220,0
DA:221,0
DA:226,0
DA:227,0
DA:228,0
DA:229,0
DA:231,0
DA:232,0
DA:293,0
LF:78
LH:0
BRDA:29,0,0,0
BRDA:46,1,0,0
BRDA:46,2,0,0
BRDA:46,2,1,0
BRDA:46,2,2,0
BRDA:51,3,0,0
BRDA:51,4,0,0
BRDA:51,4,1,0
BRDA:51,4,2,0
BRDA:56,5,0,0
BRDA:56,6,0,0
BRDA:56,6,1,0
BRDA:56,6,2,0
BRDA:76,7,0,0
BRDA:76,8,0,0
BRDA:76,8,1,0
BRDA:97,9,0,0
BRDA:97,10,0,0
BRDA:97,10,1,0
BRDA:118,11,0,0
BRDA:123,12,0,0
BRDA:123,12,1,0
BRDA:123,13,0,0
BRDA:123,13,1,0
BRDA:123,14,0,0
BRDA:123,14,1,0
BRDA:124,15,0,0
BRDA:124,15,1,0
BRDA:124,15,2,0
BRDA:124,16,0,0
BRDA:124,16,1,0
BRDA:124,17,0,0
BRDA:124,17,1,0
BRDA:124,18,0,0
BRDA:124,18,1,0
BRDA:124,19,0,0
BRDA:124,19,1,0
BRDA:124,20,0,0
BRDA:124,20,1,0
BRDA:124,21,0,0
BRDA:124,21,1,0
BRDA:124,22,0,0
BRDA:124,22,1,0
BRDA:124,23,0,0
BRDA:124,23,1,0
BRDA:125,24,0,0
BRDA:125,24,1,0
BRDA:128,25,0,0
BRDA:128,25,1,0
BRDA:129,26,0,0
BRDA:129,26,1,0
BRDA:130,27,0,0
BRDA:130,27,1,0
BRDA:131,28,0,0
BRDA:131,28,1,0
BRDA:132,29,0,0
BRDA:133,30,0,0
BRDA:133,30,1,0
BRDA:140,31,0,0
BRDA:140,31,1,0
BRDA:140,32,0,0
BRDA:140,32,1,0
BRDA:201,33,0,0
BRDA:201,33,1,0
BRDA:202,34,0,0
BRDA:202,34,1,0
BRDA:203,35,0,0
BRDA:203,35,1,0
BRF:68
BRH:0
end_of_record
TN:
SF:src\components\SimpleComponent.tsx
FN:10,(anonymous_0)
FNF:1
FNH:0
FNDA:0,(anonymous_0)
DA:10,0
DA:11,0
DA:14,0
LF:3
LH:0
BRF:0
BRH:0
end_of_record
TN:
SF:src\components\SimplifiedReservationForm.tsx
FN:16,(anonymous_0)
FN:26,(anonymous_1)
FN:46,(anonymous_2)
FN:50,(anonymous_3)
FNF:4
FNH:0
FNDA:0,(anonymous_0)
FNDA:0,(anonymous_1)
FNDA:0,(anonymous_2)
FNDA:0,(anonymous_3)
DA:1,0
DA:2,0
DA:5,0
DA:16,0
DA:21,0
DA:26,0
DA:28,0
DA:29,0
DA:30,0
DA:34,0
DA:35,0
DA:38,0
DA:46,0
DA:51,0
DA:75,0
LF:15
LH:0
BRDA:19,0,0,0
BRDA:28,1,0,0
BRDA:52,2,0,0
BRDA:52,2,1,0
BRDA:53,3,0,0
BRDA:53,3,1,0
BRF:6
BRH:0
end_of_record
TN:
SF:src\components\simple-test.ts
FN:2,add
FN:6,subtract
FNF:2
FNH:0
FNDA:0,add
FNDA:0,subtract
DA:2,0
DA:3,0
DA:6,0
DA:7,0
LF:4
LH:0
BRF:0
BRH:0
end_of_record
TN:
SF:src\components\ai-chat\ChatInterface.tsx
FN:169,(anonymous_8)
FN:184,(anonymous_9)
FN:267,(anonymous_10)
FN:270,(anonymous_11)
FN:271,(anonymous_12)
FN:272,(anonymous_13)
FN:275,(anonymous_14)
FN:296,(anonymous_15)
FN:298,(anonymous_16)
FN:302,(anonymous_17)
FN:325,(anonymous_18)
FN:350,(anonymous_19)
FN:448,(anonymous_20)
FN:455,(anonymous_21)
FN:463,(anonymous_22)
FN:463,(anonymous_23)
FN:477,(anonymous_24)
FN:483,(anonymous_25)
FN:493,(anonymous_26)
FN:494,(anonymous_27)
FN:508,(anonymous_28)
FN:519,(anonymous_29)
FN:530,(anonymous_30)
FN:538,(anonymous_31)
FN:540,(anonymous_32)
FN:569,(anonymous_33)
FN:583,(anonymous_34)
FN:593,(anonymous_35)
FN:618,(anonymous_36)
FN:642,(anonymous_37)
FN:650,(anonymous_38)
FN:654,(anonymous_39)
FN:671,(anonymous_40)
FN:678,(anonymous_41)
FN:688,(anonymous_42)
FN:694,(anonymous_43)
FN:699,(anonymous_44)
FN:703,(anonymous_45)
FN:714,(anonymous_46)
FN:720,(anonymous_47)
FN:731,(anonymous_48)
FN:755,(anonymous_49)
FN:757,(anonymous_50)
FN:785,(anonymous_51)
FN:868,(anonymous_52)
FN:869,(anonymous_53)
FN:873,(anonymous_54)
FN:874,(anonymous_55)
FN:908,(anonymous_56)
FN:913,(anonymous_57)
FN:917,(anonymous_58)
FN:965,(anonymous_59)
FNF:52
FNH:0
FNDA:0,(anonymous_8)
FNDA:0,(anonymous_9)
FNDA:0,(anonymous_10)
FNDA:0,(anonymous_11)
FNDA:0,(anonymous_12)
FNDA:0,(anonymous_13)
FNDA:0,(anonymous_14)
FNDA:0,(anonymous_15)
FNDA:0,(anonymous_16)
FNDA:0,(anonymous_17)
FNDA:0,(anonymous_18)
FNDA:0,(anonymous_19)
FNDA:0,(anonymous_20)
FNDA:0,(anonymous_21)
FNDA:0,(anonymous_22)
FNDA:0,(anonymous_23)
FNDA:0,(anonymous_24)
FNDA:0,(anonymous_25)
FNDA:0,(anonymous_26)
FNDA:0,(anonymous_27)
FNDA:0,(anonymous_28)
FNDA:0,(anonymous_29)
FNDA:0,(anonymous_30)
FNDA:0,(anonymous_31)
FNDA:0,(anonymous_32)
FNDA:0,(anonymous_33)
FNDA:0,(anonymous_34)
FNDA:0,(anonymous_35)
FNDA:0,(anonymous_36)
FNDA:0,(anonymous_37)
FNDA:0,(anonymous_38)
FNDA:0,(anonymous_39)
FNDA:0,(anonymous_40)
FNDA:0,(anonymous_41)
FNDA:0,(anonymous_42)
FNDA:0,(anonymous_43)
FNDA:0,(anonymous_44)
FNDA:0,(anonymous_45)
FNDA:0,(anonymous_46)
FNDA:0,(anonymous_47)
FNDA:0,(anonymous_48)
FNDA:0,(anonymous_49)
FNDA:0,(anonymous_50)
FNDA:0,(anonymous_51)
FNDA:0,(anonymous_52)
FNDA:0,(anonymous_53)
FNDA:0,(anonymous_54)
FNDA:0,(anonymous_55)
FNDA:0,(anonymous_56)
FNDA:0,(anonymous_57)
FNDA:0,(anonymous_58)
FNDA:0,(anonymous_59)
DA:2,0
DA:3,0
DA:4,0
DA:6,0
DA:9,0
DA:169,0
DA:170,0
DA:184,0
DA:185,0
DA:186,0
DA:188,0
DA:189,0
DA:190,0
DA:251,0
DA:254,0
DA:267,0
DA:268,0
DA:270,0
DA:271,0
DA:272,0
DA:275,0
DA:278,0
DA:296,0
DA:298,0
DA:299,0
DA:302,0
DA:303,0
DA:304,0
DA:305,0
DA:306,0
DA:307,0
DA:308,0
DA:309,0
DA:312,0
DA:315,0
DA:325,0
DA:326,0
DA:327,0
DA:330,0
DA:331,0
DA:332,0
DA:333,0
DA:334,0
DA:335,0
DA:336,0
DA:340,0
DA:341,0
DA:342,0
DA:343,0
DA:344,0
DA:350,0
DA:351,0
DA:352,0
DA:354,0
DA:356,0
DA:359,0
DA:363,0
DA:365,0
DA:368,0
DA:371,0
DA:374,0
DA:377,0
DA:381,0
DA:383,0
DA:386,0
DA:389,0
DA:390,0
DA:393,0
DA:396,0
DA:397,0
DA:400,0
DA:407,0
DA:410,0
DA:413,0
DA:416,0
DA:417,0
DA:420,0
DA:423,0
DA:424,0
DA:425,0
DA:427,0
DA:430,0
DA:436,0
DA:438,0
DA:448,0
DA:450,0
DA:451,0
DA:455,0
DA:456,0
DA:463,0
DA:464,0
DA:465,0
DA:469,0
DA:471,0
DA:477,0
DA:478,0
DA:479,0
DA:480,0
DA:483,0
DA:484,0
DA:485,0
DA:488,0
DA:490,0
DA:491,0
DA:493,0
DA:494,0
DA:495,0
DA:497,0
DA:498,0
DA:499,0
DA:507,0
DA:508,0
DA:509,0
DA:510,0
DA:515,0
DA:519,0
DA:523,0
DA:526,0
DA:528,0
DA:529,0
DA:530,0
DA:538,0
DA:539,0
DA:540,0
DA:541,0
DA:542,0
DA:548,0
DA:553,0
DA:556,0
DA:557,0
DA:558,0
DA:559,0
DA:560,0
DA:561,0
DA:563,0
DA:568,0
DA:569,0
DA:576,0
DA:583,0
DA:585,0
DA:586,0
DA:593,0
DA:594,0
DA:595,0
DA:598,0
DA:600,0
DA:601,0
DA:602,0
DA:605,0
DA:606,0
DA:609,0
DA:612,0
DA:618,0
DA:619,0
DA:621,0
DA:622,0
DA:623,0
DA:624,0
DA:627,0
DA:628,0
DA:629,0
DA:631,0
DA:635,0
DA:642,0
DA:643,0
DA:644,0
DA:650,0
DA:651,0
DA:652,0
DA:654,0
DA:655,0
DA:656,0
DA:658,0
DA:659,0
DA:664,0
DA:666,0
DA:667,0
DA:671,0
DA:672,0
DA:673,0
DA:678,0
DA:679,0
DA:680,0
DA:683,0
DA:686,0
DA:688,0
DA:689,0
DA:694,0
DA:695,0
DA:699,0
DA:701,0
DA:703,0
DA:704,0
DA:708,0
DA:709,0
DA:714,0
DA:715,0
DA:717,0
DA:720,0
DA:721,0
DA:723,0
DA:724,0
DA:728,0
DA:731,0
DA:733,0
DA:734,0
DA:735,0
DA:739,0
DA:742,0
DA:743,0
DA:747,0
DA:748,0
DA:749,0
DA:755,0
DA:757,0
DA:758,0
DA:762,0
DA:786,0
DA:868,0
DA:870,0
DA:871,0
DA:873,0
DA:874,0
DA:909,0
DA:910,0
DA:914,0
DA:915,0
DA:918,0
DA:919,0
DA:965,0
DA:995,0
LF:231
LH:0
BRDA:186,0,0,0
BRDA:305,1,0,0
BRDA:308,2,0,0
BRDA:308,3,0,0
BRDA:308,3,1,0
BRDA:352,4,0,0
BRDA:359,5,0,0
BRDA:359,5,1,0
BRDA:359,5,2,0
BRDA:363,6,0,0
BRDA:363,6,1,0
BRDA:363,7,0,0
BRDA:363,7,1,0
BRDA:424,8,0,0
BRDA:450,9,0,0
BRDA:464,10,0,0
BRDA:464,11,0,0
BRDA:464,11,1,0
BRDA:495,12,0,0
BRDA:495,12,1,0
BRDA:509,13,0,0
BRDA:526,14,0,0
BRDA:526,15,0,0
BRDA:526,15,1,0
BRDA:528,16,0,0
BRDA:528,16,1,0
BRDA:532,17,0,0
BRDA:532,17,1,0
BRDA:541,18,0,0
BRDA:544,19,0,0
BRDA:544,19,1,0
BRDA:557,20,0,0
BRDA:558,21,0,0
BRDA:558,21,1,0
BRDA:560,22,0,0
BRDA:560,22,1,0
BRDA:585,23,0,0
BRDA:585,24,0,0
BRDA:585,24,1,0
BRDA:595,25,0,0
BRDA:609,26,0,0
BRDA:609,26,1,0
BRDA:619,27,0,0
BRDA:627,28,0,0
BRDA:627,28,1,0
BRDA:628,29,0,0
BRDA:628,29,1,0
BRDA:652,30,0,0
BRDA:658,31,0,0
BRDA:672,32,0,0
BRDA:680,33,0,0
BRDA:701,34,0,0
BRDA:708,35,0,0
BRDA:723,36,0,0
BRDA:733,37,0,0
BRDA:742,38,0,0
BRDA:747,39,0,0
BRDA:769,40,0,0
BRDA:769,40,1,0
BRDA:790,41,0,0
BRDA:790,41,1,0
BRDA:796,42,0,0
BRDA:796,42,1,0
BRDA:808,43,0,0
BRDA:808,43,1,0
BRDA:809,44,0,0
BRDA:809,44,1,0
BRDA:812,45,0,0
BRDA:812,45,1,0
BRDA:815,46,0,0
BRDA:815,46,1,0
BRDA:818,47,0,0
BRDA:818,47,1,0
BRDA:824,48,0,0
BRDA:824,48,1,0
BRDA:840,49,0,0
BRDA:840,49,1,0
BRDA:861,50,0,0
BRDA:861,50,1,0
BRDA:861,50,2,0
BRDA:878,51,0,0
BRDA:878,51,1,0
BRDA:878,52,0,0
BRDA:878,52,1,0
BRDA:880,53,0,0
BRDA:880,53,1,0
BRDA:882,54,0,0
BRDA:882,54,1,0
BRDA:926,55,0,0
BRDA:926,55,1,0
BRDA:957,56,0,0
BRDA:957,56,1,0
BRDA:957,57,0,0
BRDA:957,57,1,0
BRDA:958,58,0,0
BRDA:958,58,1,0
BRDA:958,59,0,0
BRDA:958,59,1,0
BRDA:965,60,0,0
BRDA:965,61,0,0
BRDA:965,61,1,0
BRDA:976,62,0,0
BRDA:976,62,1,0
BRDA:976,63,0,0
BRDA:976,63,1,0
BRF:105
BRH:0
end_of_record
TN:
SF:src\components\ai-chat\MarkdownRenderer.tsx
FN:16,(anonymous_2)
FN:25,(anonymous_3)
FN:26,(anonymous_4)
FN:27,(anonymous_5)
FN:29,(anonymous_6)
FN:40,(anonymous_7)
FN:43,(anonymous_8)
FN:46,(anonymous_9)
FN:50,(anonymous_10)
FN:80,(anonymous_11)
FN:83,(anonymous_12)
FN:86,(anonymous_13)
FN:90,(anonymous_14)
FN:102,(anonymous_15)
FN:112,(anonymous_16)
FN:123,(anonymous_17)
FNF:16
FNH:0
FNDA:0,(anonymous_2)
FNDA:0,(anonymous_3)
FNDA:0,(anonymous_4)
FNDA:0,(anonymous_5)
FNDA:0,(anonymous_6)
FNDA:0,(anonymous_7)
FNDA:0,(anonymous_8)
FNDA:0,(anonymous_9)
FNDA:0,(anonymous_10)
FNDA:0,(anonymous_11)
FNDA:0,(anonymous_12)
FNDA:0,(anonymous_13)
FNDA:0,(anonymous_14)
FNDA:0,(anonymous_15)
FNDA:0,(anonymous_16)
FNDA:0,(anonymous_17)
DA:3,0
DA:4,0
DA:5,0
DA:16,0
DA:17,0
DA:25,0
DA:26,0
DA:27,0
DA:29,0
DA:40,0
DA:43,0
DA:46,0
DA:50,0
DA:51,0
DA:52,0
DA:53,0
DA:54,0
DA:80,0
DA:83,0
DA:86,0
DA:90,0
DA:102,0
DA:112,0
DA:123,0
DA:138,0
LF:25
LH:0
BRDA:51,0,0,0
BRDA:51,0,1,0
BRDA:53,1,0,0
BRDA:53,1,1,0
BRDA:54,2,0,0
BRDA:54,2,1,0
BRF:6
BRH:0
end_of_record
TN:
SF:src\features\page_web_reservation\App.tsx
FN:8,App
FN:10,(anonymous_9)
FN:10,(anonymous_10)
FN:25,(anonymous_11)
FNF:4
FNH:0
FNDA:0,App
FNDA:0,(anonymous_9)
FNDA:0,(anonymous_10)
FNDA:0,(anonymous_11)
DA:1,0
DA:2,0
DA:10,0
DA:11,0
DA:12,0
DA:14,0
DA:15,0
DA:20,0
DA:25,0
DA:26,0
DA:30,0
DA:33,0
LF:12
LH:0
BRDA:12,0,0,0
BRF:1
BRH:0
end_of_record
TN:
SF:src\features\tab_work_item\App.tsx
FN:14,(anonymous_8)
FN:39,(anonymous_9)
FN:40,(anonymous_10)
FN:40,(anonymous_11)
FN:70,(anonymous_12)
FN:81,(anonymous_13)
FN:94,(anonymous_14)
FN:98,(anonymous_15)
FN:130,(anonymous_16)
FN:181,(anonymous_17)
FNF:10
FNH:0
FNDA:0,(anonymous_8)
FNDA:0,(anonymous_9)
FNDA:0,(anonymous_10)
FNDA:0,(anonymous_11)
FNDA:0,(anonymous_12)
FNDA:0,(anonymous_13)
FNDA:0,(anonymous_14)
FNDA:0,(anonymous_15)
FNDA:0,(anonymous_16)
FNDA:0,(anonymous_17)
DA:1,0
DA:2,0
DA:3,0
DA:4,0
DA:5,0
DA:6,0
DA:8,0
DA:14,0
DA:16,0
DA:17,0
DA:18,0
DA:21,0
DA:22,0
DA:23,0
DA:25,0
DA:28,0
DA:29,0
DA:39,0
DA:40,0
DA:41,0
DA:42,0
DA:43,0
DA:46,0
DA:47,0
DA:51,0
DA:52,0
DA:53,0
DA:55,0
DA:57,0
DA:58,0
DA:60,0
DA:64,0
DA:70,0
DA:71,0
DA:72,0
DA:73,0
DA:74,0
DA:81,0
DA:82,0
DA:88,0
DA:94,0
DA:96,0
DA:98,0
DA:102,0
DA:103,0
DA:119,0
DA:120,0
DA:130,0
DA:147,0
DA:181,0
DA:193,0
LF:51
LH:0
BRDA:46,0,0,0
BRDA:46,1,0,0
BRDA:46,1,1,0
BRDA:58,2,0,0
BRDA:58,2,1,0
BRDA:73,3,0,0
BRDA:102,4,0,0
BRDA:119,5,0,0
BRDA:158,6,0,0
BRDA:158,6,1,0
BRF:10
BRH:0
end_of_record
TN:
SF:src\hooks\useClickOutside.ts
FN:9,useClickOutside
FN:14,(anonymous_1)
FN:16,(anonymous_2)
FN:21,(anonymous_3)
FN:35,(anonymous_4)
FNF:5
FNH:0
FNDA:0,useClickOutside
FNDA:0,(anonymous_1)
FNDA:0,(anonymous_2)
FNDA:0,(anonymous_3)
FNDA:0,(anonymous_4)
DA:1,0
DA:14,0
DA:16,0
DA:18,0
DA:20,0
DA:21,0
DA:25,0
DA:26,0
DA:32,0
DA:35,0
DA:36,0
DA:41,0
LF:12
LH:0
BRDA:12,0,0,0
BRDA:18,1,0,0
BRDA:18,2,0,0
BRDA:18,2,1,0
BRDA:21,3,0,0
BRDA:21,3,1,0
BRDA:25,4,0,0
BRF:7
BRH:0
end_of_record
TN:
SF:src\pages\AIChatPage.tsx
FN:15,(anonymous_8)
FN:41,(anonymous_9)
FN:45,(anonymous_10)
FN:68,(anonymous_11)
FN:73,(anonymous_12)
FN:75,(anonymous_13)
FN:88,(anonymous_14)
FN:109,(anonymous_15)
FN:115,(anonymous_16)
FN:133,(anonymous_17)
FN:138,(anonymous_18)
FN:144,(anonymous_19)
FN:150,(anonymous_20)
FN:158,(anonymous_21)
FN:158,(anonymous_22)
FN:247,(anonymous_23)
FN:258,(anonymous_24)
FN:282,(anonymous_25)
FN:285,(anonymous_26)
FNF:19
FNH:9
FNDA:6,(anonymous_8)
FNDA:15,(anonymous_9)
FNDA:7,(anonymous_10)
FNDA:7,(anonymous_11)
FNDA:1,(anonymous_12)
FNDA:0,(anonymous_13)
FNDA:0,(anonymous_14)
FNDA:0,(anonymous_15)
FNDA:0,(anonymous_16)
FNDA:7,(anonymous_17)
FNDA:0,(anonymous_18)
FNDA:7,(anonymous_19)
FNDA:7,(anonymous_20)
FNDA:0,(anonymous_21)
FNDA:0,(anonymous_22)
FNDA:1,(anonymous_23)
FNDA:0,(anonymous_24)
FNDA:0,(anonymous_25)
FNDA:0,(anonymous_26)
DA:2,1
DA:3,1
DA:4,1
DA:5,1
DA:6,1
DA:7,1
DA:9,1
DA:15,1
DA:16,6
DA:17,6
DA:19,6
DA:20,6
DA:21,216
DA:22,216
DA:23,216
DA:26,6
DA:27,6
DA:41,1
DA:42,15
DA:45,15
DA:46,7
DA:47,7
DA:48,1
DA:49,1
DA:50,1
DA:53,6
DA:57,14
DA:60,14
DA:63,14
DA:68,14
DA:69,7
DA:70,7
DA:73,7
DA:75,7
DA:76,0
DA:78,0
DA:79,0
DA:81,0
DA:83,0
DA:84,0
DA:85,0
DA:86,0
DA:88,0
DA:89,0
DA:92,0
DA:94,0
DA:104,0
DA:109,7
DA:115,14
DA:117,0
DA:118,0
DA:121,0
DA:124,0
DA:133,14
DA:135,7
DA:138,7
DA:139,0
DA:142,7
DA:144,7
DA:145,7
DA:150,14
DA:151,7
DA:158,14
DA:160,0
DA:161,0
DA:164,0
DA:166,0
DA:168,0
DA:174,0
DA:176,0
DA:177,0
DA:179,0
DA:183,0
DA:184,0
DA:187,0
DA:188,0
DA:189,0
DA:192,0
DA:198,0
DA:201,0
DA:202,0
DA:204,0
DA:205,0
DA:206,0
DA:208,0
DA:213,0
DA:217,14
DA:247,1
DA:258,0
DA:283,0
DA:285,0
DA:355,1
LF:92
LH:48
BRDA:47,0,0,1
BRDA:49,1,0,1
BRDA:81,2,0,0
BRDA:84,3,0,0
BRDA:86,4,0,0
BRDA:86,5,0,0
BRDA:86,5,1,0
BRDA:89,6,0,0
BRDA:89,6,1,0
BRDA:89,7,0,0
BRDA:89,7,1,0
BRDA:160,8,0,0
BRDA:176,9,0,0
BRDA:176,9,1,0
BRDA:281,10,0,0
BRDA:281,10,1,14
BRDA:289,11,0,0
BRDA:289,11,1,0
BRDA:299,12,0,0
BRDA:299,12,1,0
BRDA:300,13,0,0
BRDA:300,13,1,0
BRF:22
BRH:3
end_of_record
TN:
SF:src\pages\DeviceReservationPage.tsx
FN:14,(anonymous_1)
FN:34,(anonymous_2)
FN:43,(anonymous_3)
FN:48,(anonymous_4)
FN:53,(anonymous_5)
FN:55,(anonymous_6)
FN:59,(anonymous_7)
FN:70,(anonymous_8)
FN:74,(anonymous_9)
FN:107,(anonymous_10)
FN:151,(anonymous_11)
FN:162,(anonymous_12)
FNF:12
FNH:0
FNDA:0,(anonymous_1)
FNDA:0,(anonymous_2)
FNDA:0,(anonymous_3)
FNDA:0,(anonymous_4)
FNDA:0,(anonymous_5)
FNDA:0,(anonymous_6)
FNDA:0,(anonymous_7)
FNDA:0,(anonymous_8)
FNDA:0,(anonymous_9)
FNDA:0,(anonymous_10)
FNDA:0,(anonymous_11)
FNDA:0,(anonymous_12)
DA:1,0
DA:2,0
DA:3,0
DA:4,0
DA:5,0
DA:6,0
DA:7,0
DA:8,0
DA:12,0
DA:14,0
DA:15,0
DA:17,0
DA:18,0
DA:19,0
DA:21,0
DA:24,0
DA:25,0
DA:26,0
DA:34,0
DA:35,0
DA:36,0
DA:37,0
DA:38,0
DA:43,0
DA:44,0
DA:48,0
DA:49,0
DA:53,0
DA:55,0
DA:59,0
DA:60,0
DA:66,0
DA:70,0
DA:72,0
DA:74,0
DA:77,0
DA:107,0
DA:151,0
DA:162,0
DA:170,0
LF:40
LH:0
BRDA:37,0,0,0
BRF:1
BRH:0
end_of_record
TN:
SF:src\services\aiChatService.ts
FN:46,(anonymous_7)
FN:56,(anonymous_8)
FN:56,(anonymous_9)
FN:76,(anonymous_10)
FN:142,(anonymous_11)
FN:142,(anonymous_12)
FN:145,(anonymous_13)
FN:196,(anonymous_14)
FN:196,(anonymous_15)
FN:199,(anonymous_16)
FN:265,(anonymous_17)
FN:265,(anonymous_18)
FN:270,(anonymous_19)
FN:301,(anonymous_20)
FN:301,(anonymous_21)
FN:306,(anonymous_22)
FNF:16
FNH:0
FNDA:0,(anonymous_7)
FNDA:0,(anonymous_8)
FNDA:0,(anonymous_9)
FNDA:0,(anonymous_10)
FNDA:0,(anonymous_11)
FNDA:0,(anonymous_12)
FNDA:0,(anonymous_13)
FNDA:0,(anonymous_14)
FNDA:0,(anonymous_15)
FNDA:0,(anonymous_16)
FNDA:0,(anonymous_17)
FNDA:0,(anonymous_18)
FNDA:0,(anonymous_19)
FNDA:0,(anonymous_20)
FNDA:0,(anonymous_21)
FNDA:0,(anonymous_22)
DA:34,0
DA:46,0
DA:47,0
DA:56,0
DA:57,0
DA:58,0
DA:59,0
DA:60,0
DA:63,0
DA:64,0
DA:66,0
DA:71,0
DA:74,0
DA:76,0
DA:78,0
DA:88,0
DA:90,0
DA:92,0
DA:94,0
DA:95,0
DA:97,0
DA:104,0
DA:105,0
DA:107,0
DA:109,0
DA:118,0
DA:120,0
DA:129,0
DA:131,0
DA:142,0
DA:143,0
DA:145,0
DA:147,0
DA:148,0
DA:150,0
DA:155,0
DA:165,0
DA:167,0
DA:168,0
DA:172,0
DA:173,0
DA:175,0
DA:183,0
DA:184,0
DA:185,0
DA:196,0
DA:197,0
DA:199,0
DA:201,0
DA:202,0
DA:204,0
DA:209,0
DA:219,0
DA:221,0
DA:222,0
DA:225,0
DA:226,0
DA:229,0
DA:230,0
DA:231,0
DA:234,0
DA:235,0
DA:236,0
DA:238,0
DA:239,0
DA:240,0
DA:243,0
DA:245,0
DA:253,0
DA:254,0
DA:255,0
DA:265,0
DA:266,0
DA:267,0
DA:269,0
DA:270,0
DA:272,0
DA:281,0
DA:283,0
DA:284,0
DA:285,0
DA:287,0
DA:288,0
DA:291,0
DA:292,0
DA:301,0
DA:302,0
DA:303,0
DA:305,0
DA:306,0
DA:308,0
DA:317,0
DA:319,0
DA:320,0
DA:321,0
DA:322,0
DA:324,0
DA:325,0
DA:328,0
DA:329,0
LF:100
LH:0
BRDA:92,0,0,0
BRDA:92,0,1,0
BRDA:100,1,0,0
BRDA:100,1,1,0
BRDA:125,2,0,0
BRDA:125,2,1,0
BRDA:136,3,0,0
BRDA:136,3,1,0
BRDA:167,4,0,0
BRDA:178,5,0,0
BRDA:178,5,1,0
BRDA:221,6,0,0
BRDA:225,7,0,0
BRDA:236,8,0,0
BRDA:248,9,0,0
BRDA:248,9,1,0
BRDA:283,10,0,0
BRDA:283,10,1,0
BRDA:319,11,0,0
BRDA:319,11,1,0
BRF:20
BRH:0
end_of_record
TN:
SF:src\services\api.ts
FN:15,(anonymous_1)
FN:25,(anonymous_2)
FN:33,(anonymous_3)
FN:56,(anonymous_4)
FN:139,(anonymous_5)
FN:157,(anonymous_6)
FN:162,(anonymous_7)
FN:167,(anonymous_8)
FN:172,(anonymous_9)
FN:180,(anonymous_10)
FN:185,(anonymous_11)
FN:190,(anonymous_12)
FN:195,(anonymous_13)
FN:203,(anonymous_14)
FN:206,(anonymous_15)
FN:209,(anonymous_16)
FN:214,(anonymous_17)
FN:222,(anonymous_18)
FN:244,(anonymous_19)
FN:260,(anonymous_20)
FN:265,(anonymous_21)
FNF:21
FNH:0
FNDA:0,(anonymous_1)
FNDA:0,(anonymous_2)
FNDA:0,(anonymous_3)
FNDA:0,(anonymous_4)
FNDA:0,(anonymous_5)
FNDA:0,(anonymous_6)
FNDA:0,(anonymous_7)
FNDA:0,(anonymous_8)
FNDA:0,(anonymous_9)
FNDA:0,(anonymous_10)
FNDA:0,(anonymous_11)
FNDA:0,(anonymous_12)
FNDA:0,(anonymous_13)
FNDA:0,(anonymous_14)
FNDA:0,(anonymous_15)
FNDA:0,(anonymous_16)
FNDA:0,(anonymous_17)
FNDA:0,(anonymous_18)
FNDA:0,(anonymous_19)
FNDA:0,(anonymous_20)
FNDA:0,(anonymous_21)
DA:1,0
DA:5,0
DA:14,0
DA:16,0
DA:23,0
DA:26,0
DA:27,0
DA:32,0
DA:35,0
DA:41,0
DA:43,0
DA:44,0
DA:54,0
DA:59,0
DA:60,0
DA:62,0
DA:63,0
DA:64,0
DA:67,0
DA:70,0
DA:73,0
DA:76,0
DA:85,0
DA:87,0
DA:90,0
DA:92,0
DA:94,0
DA:95,0
DA:97,0
DA:99,0
DA:100,0
DA:102,0
DA:103,0
DA:105,0
DA:106,0
DA:108,0
DA:109,0
DA:111,0
DA:113,0
DA:115,0
DA:118,0
DA:122,0
DA:132,0
DA:137,0
DA:141,0
DA:144,0
DA:145,0
DA:148,0
DA:149,0
DA:152,0
DA:153,0
DA:158,0
DA:163,0
DA:168,0
DA:173,0
DA:178,0
DA:181,0
DA:186,0
DA:191,0
DA:196,0
DA:201,0
DA:204,0
DA:207,0
DA:210,0
DA:215,0
DA:220,0
DA:224,0
DA:227,0
DA:228,0
DA:231,0
DA:232,0
DA:235,0
DA:236,0
DA:239,0
DA:240,0
DA:246,0
DA:248,0
DA:252,0
DA:253,0
DA:256,0
DA:261,0
DA:267,0
DA:268,0
DA:271,0
DA:272,0
DA:275,0
DA:276,0
DA:277,0
DA:280,0
DA:285,0
LF:90
LH:0
BRDA:36,0,0,0
BRDA:36,0,1,0
BRDA:36,1,0,0
BRDA:36,1,1,0
BRDA:41,2,0,0
BRDA:41,3,0,0
BRDA:41,3,1,0
BRDA:43,4,0,0
BRDA:62,5,0,0
BRDA:62,5,1,0
BRDA:62,6,0,0
BRDA:62,6,1,0
BRDA:62,7,0,0
BRDA:62,7,1,0
BRDA:62,8,0,0
BRDA:62,8,1,0
BRDA:70,9,0,0
BRDA:70,9,1,0
BRDA:70,10,0,0
BRDA:70,10,1,0
BRDA:77,11,0,0
BRDA:77,11,1,0
BRDA:77,12,0,0
BRDA:77,12,1,0
BRDA:78,13,0,0
BRDA:78,13,1,0
BRDA:78,14,0,0
BRDA:78,14,1,0
BRDA:79,15,0,0
BRDA:79,15,1,0
BRDA:79,16,0,0
BRDA:79,16,1,0
BRDA:80,17,0,0
BRDA:80,17,1,0
BRDA:80,18,0,0
BRDA:80,18,1,0
BRDA:82,19,0,0
BRDA:82,19,1,0
BRDA:82,20,0,0
BRDA:82,20,1,0
BRDA:90,21,0,0
BRDA:90,21,1,0
BRDA:95,22,0,0
BRDA:95,22,1,0
BRDA:95,22,2,0
BRDA:95,22,3,0
BRDA:95,23,0,0
BRDA:95,23,1,0
BRDA:95,24,0,0
BRDA:95,24,1,0
BRDA:95,25,0,0
BRDA:95,25,1,0
BRDA:95,26,0,0
BRDA:95,26,1,0
BRDA:95,27,0,0
BRDA:95,27,1,0
BRDA:95,28,0,0
BRDA:95,28,1,0
BRDA:97,29,0,0
BRDA:97,29,1,0
BRDA:97,29,2,0
BRDA:97,29,3,0
BRDA:97,29,4,0
BRDA:105,30,0,0
BRDA:105,30,1,0
BRDA:108,31,0,0
BRDA:108,31,1,0
BRDA:111,32,0,0
BRDA:111,32,1,0
BRDA:113,33,0,0
BRDA:113,33,1,0
BRDA:126,34,0,0
BRDA:126,34,1,0
BRDA:126,35,0,0
BRDA:126,35,1,0
BRDA:127,36,0,0
BRDA:127,36,1,0
BRDA:127,37,0,0
BRDA:127,37,1,0
BRDA:128,38,0,0
BRDA:128,38,1,0
BRDA:128,39,0,0
BRDA:128,39,1,0
BRDA:144,40,0,0
BRDA:144,41,0,0
BRDA:144,41,1,0
BRDA:144,41,2,0
BRDA:144,41,3,0
BRDA:144,42,0,0
BRDA:144,42,1,0
BRDA:144,43,0,0
BRDA:144,43,1,0
BRDA:148,44,0,0
BRDA:148,45,0,0
BRDA:148,45,1,0
BRDA:148,45,2,0
BRDA:148,45,3,0
BRDA:148,46,0,0
BRDA:148,46,1,0
BRDA:148,47,0,0
BRDA:148,47,1,0
BRDA:227,48,0,0
BRDA:227,49,0,0
BRDA:227,49,1,0
BRDA:227,49,2,0
BRDA:227,49,3,0
BRDA:227,50,0,0
BRDA:227,50,1,0
BRDA:227,51,0,0
BRDA:227,51,1,0
BRDA:231,52,0,0
BRDA:231,53,0,0
BRDA:231,53,1,0
BRDA:231,54,0,0
BRDA:231,54,1,0
BRDA:235,55,0,0
BRDA:235,56,0,0
BRDA:235,56,1,0
BRDA:235,57,0,0
BRDA:235,57,1,0
BRDA:235,58,0,0
BRDA:235,58,1,0
BRDA:246,59,0,0
BRDA:246,60,0,0
BRDA:246,60,1,0
BRDA:246,60,2,0
BRDA:246,60,3,0
BRDA:246,60,4,0
BRDA:246,60,5,0
BRDA:246,60,6,0
BRDA:252,61,0,0
BRDA:252,62,0,0
BRDA:252,62,1,0
BRDA:267,63,0,0
BRDA:267,64,0,0
BRDA:267,64,1,0
BRDA:271,65,0,0
BRDA:276,66,0,0
BRF:138
BRH:0
end_of_record
TN:
SF:src\types\index.ts
FNF:0
FNH:0
DA:20,0
DA:44,0
LF:2
LH:0
BRF:0
BRH:0
end_of_record
